[0.041s] Invoking command in '/home/rosbuntu/Desktop/state_machine_ws/build/yasmin': CMAKE_PREFIX_PATH=/opt/ros/humble /usr/bin/cmake /home/rosbuntu/Desktop/state_machine_ws/src/yasmin/yasmin -DCMAKE_INSTALL_PREFIX=/home/rosbuntu/Desktop/state_machine_ws/install/yasmin
[0.489s] -- The C compiler identification is GNU 11.4.0
[0.749s] -- The CXX compiler identification is GNU 11.4.0
[0.780s] -- Detecting C compiler ABI info
[0.952s] -- Detecting C compiler ABI info - done
[0.962s] -- Check for working C compiler: /usr/bin/cc - skipped
[0.963s] -- Detecting C compile features
[0.964s] -- Detecting C compile features - done
[0.973s] -- Detecting CXX compiler ABI info
[1.150s] -- Detecting CXX compiler ABI info - done
[1.164s] -- Check for working CXX compiler: /usr/bin/c++ - skipped
[1.168s] -- Detecting CXX compile features
[1.168s] -- Detecting CXX compile features - done
[1.173s] -- Found ament_cmake: 1.3.9 (/opt/ros/humble/share/ament_cmake/cmake)
[1.424s] -- Found Python3: /usr/bin/python3 (found version "3.10.12") found components: Interpreter 
[1.667s] -- Found rclcpp: 16.0.9 (/opt/ros/humble/share/rclcpp/cmake)
[1.836s] -- Found rosidl_generator_c: 3.1.5 (/opt/ros/humble/share/rosidl_generator_c/cmake)
[1.852s] -- Found rosidl_adapter: 3.1.5 (/opt/ros/humble/share/rosidl_adapter/cmake)
[1.880s] -- Found rosidl_generator_cpp: 3.1.5 (/opt/ros/humble/share/rosidl_generator_cpp/cmake)
[1.921s] -- Using all available rosidl_typesupport_c: rosidl_typesupport_fastrtps_c;rosidl_typesupport_introspection_c
[1.947s] -- Using all available rosidl_typesupport_cpp: rosidl_typesupport_fastrtps_cpp;rosidl_typesupport_introspection_cpp
[2.119s] -- Found rmw_implementation_cmake: 6.1.2 (/opt/ros/humble/share/rmw_implementation_cmake/cmake)
[2.129s] -- Found rmw_fastrtps_cpp: 6.2.6 (/opt/ros/humble/share/rmw_fastrtps_cpp/cmake)
[2.447s] -- Found OpenSSL: /usr/lib/x86_64-linux-gnu/libcrypto.so (found version "3.0.2")  
[2.490s] -- Found FastRTPS: /opt/ros/humble/include  
[2.548s] -- Using RMW implementation 'rmw_fastrtps_cpp' as default
[2.578s] -- Looking for pthread.h
[2.757s] -- Looking for pthread.h - found
[2.757s] -- Performing Test CMAKE_HAVE_LIBC_PTHREAD
[2.903s] -- Performing Test CMAKE_HAVE_LIBC_PTHREAD - Success
[2.904s] -- Found Threads: TRUE  
[3.228s] -- Found rclpy: 3.3.13 (/opt/ros/humble/share/rclpy/cmake)
[3.518s] -- Configuring done
[3.581s] -- Generating done
[3.601s] -- Build files have been written to: /home/rosbuntu/Desktop/state_machine_ws/build/yasmin
[3.643s] Invoked command in '/home/rosbuntu/Desktop/state_machine_ws/build/yasmin' returned '0': CMAKE_PREFIX_PATH=/opt/ros/humble /usr/bin/cmake /home/rosbuntu/Desktop/state_machine_ws/src/yasmin/yasmin -DCMAKE_INSTALL_PREFIX=/home/rosbuntu/Desktop/state_machine_ws/install/yasmin
[3.645s] Invoking command in '/home/rosbuntu/Desktop/state_machine_ws/build/yasmin': CMAKE_PREFIX_PATH=/opt/ros/humble /usr/bin/cmake --build /home/rosbuntu/Desktop/state_machine_ws/build/yasmin -- -j4 -l4
[3.817s] [ 20%] [32mBuilding CXX object CMakeFiles/yasmin_lib.dir/src/yasmin/state.cpp.o[0m
[3.844s] [ 40%] [32mBuilding CXX object CMakeFiles/yasmin_lib.dir/src/yasmin/blackboard/blackboard.cpp.o[0m
[3.867s] [ 60%] [32mBuilding CXX object CMakeFiles/yasmin_lib.dir/src/yasmin/cb_state.cpp.o[0m
[3.957s] [ 60%] Built target ament_cmake_python_copy_yasmin
[4.596s] running egg_info
[4.597s] creating yasmin.egg-info
[4.608s] writing yasmin.egg-info/PKG-INFO
[4.609s] writing dependency_links to yasmin.egg-info/dependency_links.txt
[4.611s] writing top-level names to yasmin.egg-info/top_level.txt
[4.612s] writing manifest file 'yasmin.egg-info/SOURCES.txt'
[4.616s] reading manifest file 'yasmin.egg-info/SOURCES.txt'
[4.617s] writing manifest file 'yasmin.egg-info/SOURCES.txt'
[4.754s] [ 60%] Built target ament_cmake_python_build_yasmin_egg
[4.830s] [ 80%] [32mBuilding CXX object CMakeFiles/yasmin_lib.dir/src/yasmin/state_machine.cpp.o[0m
[6.985s] [100%] [32m[1mLinking CXX static library libyasmin_lib.a[0m
[7.197s] [100%] Built target yasmin_lib
[7.238s] Invoked command in '/home/rosbuntu/Desktop/state_machine_ws/build/yasmin' returned '0': CMAKE_PREFIX_PATH=/opt/ros/humble /usr/bin/cmake --build /home/rosbuntu/Desktop/state_machine_ws/build/yasmin -- -j4 -l4
[7.667s] Invoking command in '/home/rosbuntu/Desktop/state_machine_ws/build/yasmin': CMAKE_PREFIX_PATH=/opt/ros/humble /usr/bin/cmake --install /home/rosbuntu/Desktop/state_machine_ws/build/yasmin
[7.683s] -- Install configuration: ""
[7.685s] -- Installing: /home/rosbuntu/Desktop/state_machine_ws/install/yasmin/lib/libyasmin_lib.a
[7.691s] -- Installing: /home/rosbuntu/Desktop/state_machine_ws/install/yasmin/include/
[7.692s] -- Installing: /home/rosbuntu/Desktop/state_machine_ws/install/yasmin/include//yasmin
[7.696s] -- Installing: /home/rosbuntu/Desktop/state_machine_ws/install/yasmin/include//yasmin/cb_state.hpp
[7.696s] -- Installing: /home/rosbuntu/Desktop/state_machine_ws/install/yasmin/include//yasmin/state_machine.hpp
[7.696s] -- Installing: /home/rosbuntu/Desktop/state_machine_ws/install/yasmin/include//yasmin/yasmin_logs.hpp
[7.696s] -- Installing: /home/rosbuntu/Desktop/state_machine_ws/install/yasmin/include//yasmin/state.hpp
[7.696s] -- Installing: /home/rosbuntu/Desktop/state_machine_ws/install/yasmin/include//yasmin/blackboard
[7.697s] -- Installing: /home/rosbuntu/Desktop/state_machine_ws/install/yasmin/include//yasmin/blackboard/blackboard.hpp
[7.697s] -- Installing: /home/rosbuntu/Desktop/state_machine_ws/install/yasmin/include//yasmin/blackboard/blackboard_value_interface.hpp
[7.697s] -- Installing: /home/rosbuntu/Desktop/state_machine_ws/install/yasmin/include//yasmin/blackboard/blackboard_value.hpp
[7.697s] -- Installing: /home/rosbuntu/Desktop/state_machine_ws/install/yasmin/share/yasmin/environment/library_path.sh
[7.697s] -- Installing: /home/rosbuntu/Desktop/state_machine_ws/install/yasmin/share/yasmin/environment/library_path.dsv
[7.700s] -- Installing: /home/rosbuntu/Desktop/state_machine_ws/install/yasmin/share/yasmin/environment/pythonpath.sh
[7.700s] -- Installing: /home/rosbuntu/Desktop/state_machine_ws/install/yasmin/share/yasmin/environment/pythonpath.dsv
[7.700s] -- Installing: /home/rosbuntu/Desktop/state_machine_ws/install/yasmin/local/lib/python3.10/dist-packages/yasmin-2.3.1-py3.10.egg-info
[7.704s] -- Installing: /home/rosbuntu/Desktop/state_machine_ws/install/yasmin/local/lib/python3.10/dist-packages/yasmin-2.3.1-py3.10.egg-info/dependency_links.txt
[7.704s] -- Installing: /home/rosbuntu/Desktop/state_machine_ws/install/yasmin/local/lib/python3.10/dist-packages/yasmin-2.3.1-py3.10.egg-info/PKG-INFO
[7.708s] -- Installing: /home/rosbuntu/Desktop/state_machine_ws/install/yasmin/local/lib/python3.10/dist-packages/yasmin-2.3.1-py3.10.egg-info/top_level.txt
[7.716s] -- Installing: /home/rosbuntu/Desktop/state_machine_ws/install/yasmin/local/lib/python3.10/dist-packages/yasmin-2.3.1-py3.10.egg-info/SOURCES.txt
[7.717s] -- Installing: /home/rosbuntu/Desktop/state_machine_ws/install/yasmin/local/lib/python3.10/dist-packages/yasmin
[7.718s] -- Installing: /home/rosbuntu/Desktop/state_machine_ws/install/yasmin/local/lib/python3.10/dist-packages/yasmin/yasmin_logs.py
[7.720s] -- Installing: /home/rosbuntu/Desktop/state_machine_ws/install/yasmin/local/lib/python3.10/dist-packages/yasmin/__init__.py
[7.721s] -- Installing: /home/rosbuntu/Desktop/state_machine_ws/install/yasmin/local/lib/python3.10/dist-packages/yasmin/blackboard.py
[7.723s] -- Installing: /home/rosbuntu/Desktop/state_machine_ws/install/yasmin/local/lib/python3.10/dist-packages/yasmin/state_machine.py
[7.723s] -- Installing: /home/rosbuntu/Desktop/state_machine_ws/install/yasmin/local/lib/python3.10/dist-packages/yasmin/cb_state.py
[7.723s] -- Installing: /home/rosbuntu/Desktop/state_machine_ws/install/yasmin/local/lib/python3.10/dist-packages/yasmin/state.py
[7.848s] Listing '/home/rosbuntu/Desktop/state_machine_ws/install/yasmin/local/lib/python3.10/dist-packages/yasmin'...
[7.848s] Compiling '/home/rosbuntu/Desktop/state_machine_ws/install/yasmin/local/lib/python3.10/dist-packages/yasmin/__init__.py'...
[7.848s] Compiling '/home/rosbuntu/Desktop/state_machine_ws/install/yasmin/local/lib/python3.10/dist-packages/yasmin/blackboard.py'...
[7.848s] Compiling '/home/rosbuntu/Desktop/state_machine_ws/install/yasmin/local/lib/python3.10/dist-packages/yasmin/cb_state.py'...
[7.848s] Compiling '/home/rosbuntu/Desktop/state_machine_ws/install/yasmin/local/lib/python3.10/dist-packages/yasmin/state.py'...
[7.848s] Compiling '/home/rosbuntu/Desktop/state_machine_ws/install/yasmin/local/lib/python3.10/dist-packages/yasmin/state_machine.py'...
[7.849s] Compiling '/home/rosbuntu/Desktop/state_machine_ws/install/yasmin/local/lib/python3.10/dist-packages/yasmin/yasmin_logs.py'...
[7.859s] -- Installing: /home/rosbuntu/Desktop/state_machine_ws/install/yasmin/pytests/
[7.860s] -- Installing: /home/rosbuntu/Desktop/state_machine_ws/install/yasmin/pytests//run_pytests.sh
[7.860s] -- Installing: /home/rosbuntu/Desktop/state_machine_ws/install/yasmin/pytests//test_blackboard.py
[7.860s] -- Installing: /home/rosbuntu/Desktop/state_machine_ws/install/yasmin/pytests//test_state_machine.py
[7.861s] -- Installing: /home/rosbuntu/Desktop/state_machine_ws/install/yasmin/pytests//test_state.py
[7.861s] -- Installing: /home/rosbuntu/Desktop/state_machine_ws/install/yasmin/pytests//test_cb_state.py
[7.862s] -- Installing: /home/rosbuntu/Desktop/state_machine_ws/install/yasmin/lib/yasmin/run_pytests.sh
[7.863s] -- Installing: /home/rosbuntu/Desktop/state_machine_ws/install/yasmin/share/ament_index/resource_index/package_run_dependencies/yasmin
[7.863s] -- Installing: /home/rosbuntu/Desktop/state_machine_ws/install/yasmin/share/ament_index/resource_index/parent_prefix_path/yasmin
[7.864s] -- Installing: /home/rosbuntu/Desktop/state_machine_ws/install/yasmin/share/yasmin/environment/ament_prefix_path.sh
[7.864s] -- Installing: /home/rosbuntu/Desktop/state_machine_ws/install/yasmin/share/yasmin/environment/ament_prefix_path.dsv
[7.864s] -- Installing: /home/rosbuntu/Desktop/state_machine_ws/install/yasmin/share/yasmin/environment/path.sh
[7.865s] -- Installing: /home/rosbuntu/Desktop/state_machine_ws/install/yasmin/share/yasmin/environment/path.dsv
[7.865s] -- Installing: /home/rosbuntu/Desktop/state_machine_ws/install/yasmin/share/yasmin/local_setup.bash
[7.866s] -- Installing: /home/rosbuntu/Desktop/state_machine_ws/install/yasmin/share/yasmin/local_setup.sh
[7.866s] -- Installing: /home/rosbuntu/Desktop/state_machine_ws/install/yasmin/share/yasmin/local_setup.zsh
[7.867s] -- Installing: /home/rosbuntu/Desktop/state_machine_ws/install/yasmin/share/yasmin/local_setup.dsv
[7.867s] -- Installing: /home/rosbuntu/Desktop/state_machine_ws/install/yasmin/share/yasmin/package.dsv
[7.868s] -- Installing: /home/rosbuntu/Desktop/state_machine_ws/install/yasmin/share/ament_index/resource_index/packages/yasmin
[7.868s] -- Installing: /home/rosbuntu/Desktop/state_machine_ws/install/yasmin/share/yasmin/cmake/ament_cmake_export_include_directories-extras.cmake
[7.869s] -- Installing: /home/rosbuntu/Desktop/state_machine_ws/install/yasmin/share/yasmin/cmake/ament_cmake_export_libraries-extras.cmake
[7.870s] -- Installing: /home/rosbuntu/Desktop/state_machine_ws/install/yasmin/share/yasmin/cmake/ament_cmake_export_dependencies-extras.cmake
[7.870s] -- Installing: /home/rosbuntu/Desktop/state_machine_ws/install/yasmin/share/yasmin/cmake/yasminConfig.cmake
[7.874s] -- Installing: /home/rosbuntu/Desktop/state_machine_ws/install/yasmin/share/yasmin/cmake/yasminConfig-version.cmake
[7.875s] -- Installing: /home/rosbuntu/Desktop/state_machine_ws/install/yasmin/share/yasmin/package.xml
[7.878s] Invoked command in '/home/rosbuntu/Desktop/state_machine_ws/build/yasmin' returned '0': CMAKE_PREFIX_PATH=/opt/ros/humble /usr/bin/cmake --install /home/rosbuntu/Desktop/state_machine_ws/build/yasmin
