[0.113s] DEBUG:colcon:Command line arguments: ['/usr/bin/colcon', 'build']
[0.114s] DEBUG:colcon:Parsed command line arguments: Namespace(log_base=None, log_level=None, verb_name='build', build_base='build', install_base='install', merge_install=False, symlink_install=False, test_result_base=None, continue_on_error=False, executor='parallel', parallel_workers=4, event_handlers=None, ignore_user_meta=False, metas=['./colcon.meta'], base_paths=['.'], packages_ignore=None, packages_ignore_regex=None, paths=None, packages_up_to=None, packages_up_to_regex=None, packages_above=None, packages_above_and_dependencies=None, packages_above_depth=None, packages_select_by_dep=None, packages_skip_by_dep=None, packages_skip_up_to=None, packages_select_build_failed=False, packages_skip_build_finished=False, packages_select_test_failures=False, packages_skip_test_passed=False, packages_select=None, packages_skip=None, packages_select_regex=None, packages_skip_regex=None, packages_start=None, packages_end=None, allow_overriding=[], cmake_args=None, cmake_target=None, cmake_target_skip_unavailable=False, cmake_clean_cache=False, cmake_clean_first=False, cmake_force_configure=False, ament_cmake_args=None, catkin_cmake_args=None, catkin_skip_building_tests=False, mixin_files=None, mixin=None, verb_parser=<colcon_mixin.mixin.mixin_argument.MixinArgumentDecorator object at 0x7a815f80a1a0>, verb_extension=<colcon_core.verb.build.BuildVerb object at 0x7a815f809b70>, main=<bound method BuildVerb.main of <colcon_core.verb.build.BuildVerb object at 0x7a815f809b70>>, mixin_verb=('build',))
[0.342s] Level 1:colcon.colcon_core.package_discovery:discover_packages(colcon_meta) check parameters
[0.342s] Level 1:colcon.colcon_core.package_discovery:discover_packages(recursive) check parameters
[0.342s] Level 1:colcon.colcon_core.package_discovery:discover_packages(ignore) check parameters
[0.343s] Level 1:colcon.colcon_core.package_discovery:discover_packages(path) check parameters
[0.343s] Level 1:colcon.colcon_core.package_discovery:discover_packages(colcon_meta) discover
[0.343s] Level 1:colcon.colcon_core.package_discovery:discover_packages(recursive) discover
[0.343s] INFO:colcon.colcon_core.package_discovery:Crawling recursively for packages in '/home/rosbuntu/Desktop/state_machine_ws'
[0.343s] Level 1:colcon.colcon_core.package_identification:_identify(.) by extensions ['ignore', 'ignore_ament_install']
[0.343s] Level 1:colcon.colcon_core.package_identification:_identify(.) by extension 'ignore'
[0.343s] Level 1:colcon.colcon_core.package_identification:_identify(.) by extension 'ignore_ament_install'
[0.343s] Level 1:colcon.colcon_core.package_identification:_identify(.) by extensions ['colcon_pkg']
[0.343s] Level 1:colcon.colcon_core.package_identification:_identify(.) by extension 'colcon_pkg'
[0.343s] Level 1:colcon.colcon_core.package_identification:_identify(.) by extensions ['colcon_meta']
[0.344s] Level 1:colcon.colcon_core.package_identification:_identify(.) by extension 'colcon_meta'
[0.344s] Level 1:colcon.colcon_core.package_identification:_identify(.) by extensions ['ros']
[0.344s] Level 1:colcon.colcon_core.package_identification:_identify(.) by extension 'ros'
[0.361s] Level 1:colcon.colcon_core.package_identification:_identify(.) by extensions ['cmake', 'python']
[0.361s] Level 1:colcon.colcon_core.package_identification:_identify(.) by extension 'cmake'
[0.361s] Level 1:colcon.colcon_core.package_identification:_identify(.) by extension 'python'
[0.361s] Level 1:colcon.colcon_core.package_identification:_identify(.) by extensions ['python_setup_py']
[0.361s] Level 1:colcon.colcon_core.package_identification:_identify(.) by extension 'python_setup_py'
[0.361s] Level 1:colcon.colcon_core.package_identification:_identify(build) by extensions ['ignore', 'ignore_ament_install']
[0.362s] Level 1:colcon.colcon_core.package_identification:_identify(build) by extension 'ignore'
[0.362s] Level 1:colcon.colcon_core.package_identification:_identify(build) ignored
[0.362s] Level 1:colcon.colcon_core.package_identification:_identify(install) by extensions ['ignore', 'ignore_ament_install']
[0.362s] Level 1:colcon.colcon_core.package_identification:_identify(install) by extension 'ignore'
[0.362s] Level 1:colcon.colcon_core.package_identification:_identify(install) ignored
[0.362s] Level 1:colcon.colcon_core.package_identification:_identify(log) by extensions ['ignore', 'ignore_ament_install']
[0.362s] Level 1:colcon.colcon_core.package_identification:_identify(log) by extension 'ignore'
[0.363s] Level 1:colcon.colcon_core.package_identification:_identify(log) ignored
[0.363s] Level 1:colcon.colcon_core.package_identification:_identify(src) by extensions ['ignore', 'ignore_ament_install']
[0.363s] Level 1:colcon.colcon_core.package_identification:_identify(src) by extension 'ignore'
[0.363s] Level 1:colcon.colcon_core.package_identification:_identify(src) by extension 'ignore_ament_install'
[0.363s] Level 1:colcon.colcon_core.package_identification:_identify(src) by extensions ['colcon_pkg']
[0.363s] Level 1:colcon.colcon_core.package_identification:_identify(src) by extension 'colcon_pkg'
[0.363s] Level 1:colcon.colcon_core.package_identification:_identify(src) by extensions ['colcon_meta']
[0.363s] Level 1:colcon.colcon_core.package_identification:_identify(src) by extension 'colcon_meta'
[0.363s] Level 1:colcon.colcon_core.package_identification:_identify(src) by extensions ['ros']
[0.363s] Level 1:colcon.colcon_core.package_identification:_identify(src) by extension 'ros'
[0.364s] Level 1:colcon.colcon_core.package_identification:_identify(src) by extensions ['cmake', 'python']
[0.364s] Level 1:colcon.colcon_core.package_identification:_identify(src) by extension 'cmake'
[0.364s] Level 1:colcon.colcon_core.package_identification:_identify(src) by extension 'python'
[0.364s] Level 1:colcon.colcon_core.package_identification:_identify(src) by extensions ['python_setup_py']
[0.364s] Level 1:colcon.colcon_core.package_identification:_identify(src) by extension 'python_setup_py'
[0.364s] Level 1:colcon.colcon_core.package_identification:_identify(src/state_machine) by extensions ['ignore', 'ignore_ament_install']
[0.364s] Level 1:colcon.colcon_core.package_identification:_identify(src/state_machine) by extension 'ignore'
[0.364s] Level 1:colcon.colcon_core.package_identification:_identify(src/state_machine) by extension 'ignore_ament_install'
[0.364s] Level 1:colcon.colcon_core.package_identification:_identify(src/state_machine) by extensions ['colcon_pkg']
[0.365s] Level 1:colcon.colcon_core.package_identification:_identify(src/state_machine) by extension 'colcon_pkg'
[0.365s] Level 1:colcon.colcon_core.package_identification:_identify(src/state_machine) by extensions ['colcon_meta']
[0.365s] Level 1:colcon.colcon_core.package_identification:_identify(src/state_machine) by extension 'colcon_meta'
[0.365s] Level 1:colcon.colcon_core.package_identification:_identify(src/state_machine) by extensions ['ros']
[0.365s] Level 1:colcon.colcon_core.package_identification:_identify(src/state_machine) by extension 'ros'
[0.368s] DEBUG:colcon.colcon_core.package_identification:Package 'src/state_machine' with type 'ros.ament_python' and name 'state_machine'
[0.369s] Level 1:colcon.colcon_core.package_identification:_identify(src/yasmin) by extensions ['ignore', 'ignore_ament_install']
[0.370s] Level 1:colcon.colcon_core.package_identification:_identify(src/yasmin) by extension 'ignore'
[0.370s] Level 1:colcon.colcon_core.package_identification:_identify(src/yasmin) by extension 'ignore_ament_install'
[0.370s] Level 1:colcon.colcon_core.package_identification:_identify(src/yasmin) by extensions ['colcon_pkg']
[0.370s] Level 1:colcon.colcon_core.package_identification:_identify(src/yasmin) by extension 'colcon_pkg'
[0.370s] Level 1:colcon.colcon_core.package_identification:_identify(src/yasmin) by extensions ['colcon_meta']
[0.370s] Level 1:colcon.colcon_core.package_identification:_identify(src/yasmin) by extension 'colcon_meta'
[0.370s] Level 1:colcon.colcon_core.package_identification:_identify(src/yasmin) by extensions ['ros']
[0.370s] Level 1:colcon.colcon_core.package_identification:_identify(src/yasmin) by extension 'ros'
[0.370s] Level 1:colcon.colcon_core.package_identification:_identify(src/yasmin) by extensions ['cmake', 'python']
[0.370s] Level 1:colcon.colcon_core.package_identification:_identify(src/yasmin) by extension 'cmake'
[0.370s] Level 1:colcon.colcon_core.package_identification:_identify(src/yasmin) by extension 'python'
[0.370s] Level 1:colcon.colcon_core.package_identification:_identify(src/yasmin) by extensions ['python_setup_py']
[0.370s] Level 1:colcon.colcon_core.package_identification:_identify(src/yasmin) by extension 'python_setup_py'
[0.371s] Level 1:colcon.colcon_core.package_identification:_identify(src/yasmin/docs) by extensions ['ignore', 'ignore_ament_install']
[0.371s] Level 1:colcon.colcon_core.package_identification:_identify(src/yasmin/docs) by extension 'ignore'
[0.371s] Level 1:colcon.colcon_core.package_identification:_identify(src/yasmin/docs) by extension 'ignore_ament_install'
[0.371s] Level 1:colcon.colcon_core.package_identification:_identify(src/yasmin/docs) by extensions ['colcon_pkg']
[0.371s] Level 1:colcon.colcon_core.package_identification:_identify(src/yasmin/docs) by extension 'colcon_pkg'
[0.371s] Level 1:colcon.colcon_core.package_identification:_identify(src/yasmin/docs) by extensions ['colcon_meta']
[0.371s] Level 1:colcon.colcon_core.package_identification:_identify(src/yasmin/docs) by extension 'colcon_meta'
[0.371s] Level 1:colcon.colcon_core.package_identification:_identify(src/yasmin/docs) by extensions ['ros']
[0.371s] Level 1:colcon.colcon_core.package_identification:_identify(src/yasmin/docs) by extension 'ros'
[0.371s] Level 1:colcon.colcon_core.package_identification:_identify(src/yasmin/docs) by extensions ['cmake', 'python']
[0.371s] Level 1:colcon.colcon_core.package_identification:_identify(src/yasmin/docs) by extension 'cmake'
[0.371s] Level 1:colcon.colcon_core.package_identification:_identify(src/yasmin/docs) by extension 'python'
[0.371s] Level 1:colcon.colcon_core.package_identification:_identify(src/yasmin/docs) by extensions ['python_setup_py']
[0.371s] Level 1:colcon.colcon_core.package_identification:_identify(src/yasmin/docs) by extension 'python_setup_py'
[0.371s] Level 1:colcon.colcon_core.package_identification:_identify(src/yasmin/yasmin) by extensions ['ignore', 'ignore_ament_install']
[0.372s] Level 1:colcon.colcon_core.package_identification:_identify(src/yasmin/yasmin) by extension 'ignore'
[0.372s] Level 1:colcon.colcon_core.package_identification:_identify(src/yasmin/yasmin) by extension 'ignore_ament_install'
[0.372s] Level 1:colcon.colcon_core.package_identification:_identify(src/yasmin/yasmin) by extensions ['colcon_pkg']
[0.372s] Level 1:colcon.colcon_core.package_identification:_identify(src/yasmin/yasmin) by extension 'colcon_pkg'
[0.372s] Level 1:colcon.colcon_core.package_identification:_identify(src/yasmin/yasmin) by extensions ['colcon_meta']
[0.372s] Level 1:colcon.colcon_core.package_identification:_identify(src/yasmin/yasmin) by extension 'colcon_meta'
[0.372s] Level 1:colcon.colcon_core.package_identification:_identify(src/yasmin/yasmin) by extensions ['ros']
[0.372s] Level 1:colcon.colcon_core.package_identification:_identify(src/yasmin/yasmin) by extension 'ros'
[0.373s] DEBUG:colcon.colcon_core.package_identification:Package 'src/yasmin/yasmin' with type 'ros.ament_cmake' and name 'yasmin'
[0.373s] Level 1:colcon.colcon_core.package_identification:_identify(src/yasmin/yasmin_demos) by extensions ['ignore', 'ignore_ament_install']
[0.374s] Level 1:colcon.colcon_core.package_identification:_identify(src/yasmin/yasmin_demos) by extension 'ignore'
[0.374s] Level 1:colcon.colcon_core.package_identification:_identify(src/yasmin/yasmin_demos) by extension 'ignore_ament_install'
[0.374s] Level 1:colcon.colcon_core.package_identification:_identify(src/yasmin/yasmin_demos) by extensions ['colcon_pkg']
[0.374s] Level 1:colcon.colcon_core.package_identification:_identify(src/yasmin/yasmin_demos) by extension 'colcon_pkg'
[0.374s] Level 1:colcon.colcon_core.package_identification:_identify(src/yasmin/yasmin_demos) by extensions ['colcon_meta']
[0.374s] Level 1:colcon.colcon_core.package_identification:_identify(src/yasmin/yasmin_demos) by extension 'colcon_meta'
[0.374s] Level 1:colcon.colcon_core.package_identification:_identify(src/yasmin/yasmin_demos) by extensions ['ros']
[0.374s] Level 1:colcon.colcon_core.package_identification:_identify(src/yasmin/yasmin_demos) by extension 'ros'
[0.375s] DEBUG:colcon.colcon_core.package_identification:Package 'src/yasmin/yasmin_demos' with type 'ros.ament_cmake' and name 'yasmin_demos'
[0.375s] Level 1:colcon.colcon_core.package_identification:_identify(src/yasmin/yasmin_msgs) by extensions ['ignore', 'ignore_ament_install']
[0.376s] Level 1:colcon.colcon_core.package_identification:_identify(src/yasmin/yasmin_msgs) by extension 'ignore'
[0.376s] Level 1:colcon.colcon_core.package_identification:_identify(src/yasmin/yasmin_msgs) by extension 'ignore_ament_install'
[0.376s] Level 1:colcon.colcon_core.package_identification:_identify(src/yasmin/yasmin_msgs) by extensions ['colcon_pkg']
[0.376s] Level 1:colcon.colcon_core.package_identification:_identify(src/yasmin/yasmin_msgs) by extension 'colcon_pkg'
[0.376s] Level 1:colcon.colcon_core.package_identification:_identify(src/yasmin/yasmin_msgs) by extensions ['colcon_meta']
[0.376s] Level 1:colcon.colcon_core.package_identification:_identify(src/yasmin/yasmin_msgs) by extension 'colcon_meta'
[0.376s] Level 1:colcon.colcon_core.package_identification:_identify(src/yasmin/yasmin_msgs) by extensions ['ros']
[0.376s] Level 1:colcon.colcon_core.package_identification:_identify(src/yasmin/yasmin_msgs) by extension 'ros'
[0.378s] DEBUG:colcon.colcon_core.package_identification:Package 'src/yasmin/yasmin_msgs' with type 'ros.ament_cmake' and name 'yasmin_msgs'
[0.378s] Level 1:colcon.colcon_core.package_identification:_identify(src/yasmin/yasmin_ros) by extensions ['ignore', 'ignore_ament_install']
[0.378s] Level 1:colcon.colcon_core.package_identification:_identify(src/yasmin/yasmin_ros) by extension 'ignore'
[0.378s] Level 1:colcon.colcon_core.package_identification:_identify(src/yasmin/yasmin_ros) by extension 'ignore_ament_install'
[0.378s] Level 1:colcon.colcon_core.package_identification:_identify(src/yasmin/yasmin_ros) by extensions ['colcon_pkg']
[0.379s] Level 1:colcon.colcon_core.package_identification:_identify(src/yasmin/yasmin_ros) by extension 'colcon_pkg'
[0.379s] Level 1:colcon.colcon_core.package_identification:_identify(src/yasmin/yasmin_ros) by extensions ['colcon_meta']
[0.379s] Level 1:colcon.colcon_core.package_identification:_identify(src/yasmin/yasmin_ros) by extension 'colcon_meta'
[0.379s] Level 1:colcon.colcon_core.package_identification:_identify(src/yasmin/yasmin_ros) by extensions ['ros']
[0.379s] Level 1:colcon.colcon_core.package_identification:_identify(src/yasmin/yasmin_ros) by extension 'ros'
[0.380s] DEBUG:colcon.colcon_core.package_identification:Package 'src/yasmin/yasmin_ros' with type 'ros.ament_cmake' and name 'yasmin_ros'
[0.380s] Level 1:colcon.colcon_core.package_identification:_identify(src/yasmin/yasmin_viewer) by extensions ['ignore', 'ignore_ament_install']
[0.381s] Level 1:colcon.colcon_core.package_identification:_identify(src/yasmin/yasmin_viewer) by extension 'ignore'
[0.381s] Level 1:colcon.colcon_core.package_identification:_identify(src/yasmin/yasmin_viewer) by extension 'ignore_ament_install'
[0.381s] Level 1:colcon.colcon_core.package_identification:_identify(src/yasmin/yasmin_viewer) by extensions ['colcon_pkg']
[0.381s] Level 1:colcon.colcon_core.package_identification:_identify(src/yasmin/yasmin_viewer) by extension 'colcon_pkg'
[0.381s] Level 1:colcon.colcon_core.package_identification:_identify(src/yasmin/yasmin_viewer) by extensions ['colcon_meta']
[0.381s] Level 1:colcon.colcon_core.package_identification:_identify(src/yasmin/yasmin_viewer) by extension 'colcon_meta'
[0.381s] Level 1:colcon.colcon_core.package_identification:_identify(src/yasmin/yasmin_viewer) by extensions ['ros']
[0.381s] Level 1:colcon.colcon_core.package_identification:_identify(src/yasmin/yasmin_viewer) by extension 'ros'
[0.383s] DEBUG:colcon.colcon_core.package_identification:Package 'src/yasmin/yasmin_viewer' with type 'ros.ament_cmake' and name 'yasmin_viewer'
[0.383s] Level 1:colcon.colcon_core.package_discovery:discover_packages(recursive) using defaults
[0.383s] Level 1:colcon.colcon_core.package_discovery:discover_packages(ignore) discover
[0.383s] Level 1:colcon.colcon_core.package_discovery:discover_packages(ignore) using defaults
[0.383s] Level 1:colcon.colcon_core.package_discovery:discover_packages(path) discover
[0.383s] Level 1:colcon.colcon_core.package_discovery:discover_packages(path) using defaults
[0.406s] Level 1:colcon.colcon_core.package_discovery:discover_packages(prefix_path) check parameters
[0.406s] Level 1:colcon.colcon_core.package_discovery:discover_packages(prefix_path) discover
[0.409s] DEBUG:colcon.colcon_installed_package_information.package_discovery:Found 270 installed packages in /opt/ros/humble
[0.424s] Level 1:colcon.colcon_core.package_discovery:discover_packages(prefix_path) using defaults
[0.459s] Level 5:colcon.colcon_core.verb:set package 'state_machine' build argument 'cmake_args' from command line to 'None'
[0.459s] Level 5:colcon.colcon_core.verb:set package 'state_machine' build argument 'cmake_target' from command line to 'None'
[0.460s] Level 5:colcon.colcon_core.verb:set package 'state_machine' build argument 'cmake_target_skip_unavailable' from command line to 'False'
[0.460s] Level 5:colcon.colcon_core.verb:set package 'state_machine' build argument 'cmake_clean_cache' from command line to 'False'
[0.460s] Level 5:colcon.colcon_core.verb:set package 'state_machine' build argument 'cmake_clean_first' from command line to 'False'
[0.460s] Level 5:colcon.colcon_core.verb:set package 'state_machine' build argument 'cmake_force_configure' from command line to 'False'
[0.460s] Level 5:colcon.colcon_core.verb:set package 'state_machine' build argument 'ament_cmake_args' from command line to 'None'
[0.460s] Level 5:colcon.colcon_core.verb:set package 'state_machine' build argument 'catkin_cmake_args' from command line to 'None'
[0.460s] Level 5:colcon.colcon_core.verb:set package 'state_machine' build argument 'catkin_skip_building_tests' from command line to 'False'
[0.460s] DEBUG:colcon.colcon_core.verb:Building package 'state_machine' with the following arguments: {'ament_cmake_args': None, 'build_base': '/home/rosbuntu/Desktop/state_machine_ws/build/state_machine', 'catkin_cmake_args': None, 'catkin_skip_building_tests': False, 'cmake_args': None, 'cmake_clean_cache': False, 'cmake_clean_first': False, 'cmake_force_configure': False, 'cmake_target': None, 'cmake_target_skip_unavailable': False, 'install_base': '/home/rosbuntu/Desktop/state_machine_ws/install/state_machine', 'merge_install': False, 'path': '/home/rosbuntu/Desktop/state_machine_ws/src/state_machine', 'symlink_install': False, 'test_result_base': None}
[0.460s] Level 5:colcon.colcon_core.verb:set package 'yasmin' build argument 'cmake_args' from command line to 'None'
[0.460s] Level 5:colcon.colcon_core.verb:set package 'yasmin' build argument 'cmake_target' from command line to 'None'
[0.460s] Level 5:colcon.colcon_core.verb:set package 'yasmin' build argument 'cmake_target_skip_unavailable' from command line to 'False'
[0.460s] Level 5:colcon.colcon_core.verb:set package 'yasmin' build argument 'cmake_clean_cache' from command line to 'False'
[0.460s] Level 5:colcon.colcon_core.verb:set package 'yasmin' build argument 'cmake_clean_first' from command line to 'False'
[0.461s] Level 5:colcon.colcon_core.verb:set package 'yasmin' build argument 'cmake_force_configure' from command line to 'False'
[0.461s] Level 5:colcon.colcon_core.verb:set package 'yasmin' build argument 'ament_cmake_args' from command line to 'None'
[0.461s] Level 5:colcon.colcon_core.verb:set package 'yasmin' build argument 'catkin_cmake_args' from command line to 'None'
[0.461s] Level 5:colcon.colcon_core.verb:set package 'yasmin' build argument 'catkin_skip_building_tests' from command line to 'False'
[0.461s] DEBUG:colcon.colcon_core.verb:Building package 'yasmin' with the following arguments: {'ament_cmake_args': None, 'build_base': '/home/rosbuntu/Desktop/state_machine_ws/build/yasmin', 'catkin_cmake_args': None, 'catkin_skip_building_tests': False, 'cmake_args': None, 'cmake_clean_cache': False, 'cmake_clean_first': False, 'cmake_force_configure': False, 'cmake_target': None, 'cmake_target_skip_unavailable': False, 'install_base': '/home/rosbuntu/Desktop/state_machine_ws/install/yasmin', 'merge_install': False, 'path': '/home/rosbuntu/Desktop/state_machine_ws/src/yasmin/yasmin', 'symlink_install': False, 'test_result_base': None}
[0.461s] Level 5:colcon.colcon_core.verb:set package 'yasmin_msgs' build argument 'cmake_args' from command line to 'None'
[0.461s] Level 5:colcon.colcon_core.verb:set package 'yasmin_msgs' build argument 'cmake_target' from command line to 'None'
[0.461s] Level 5:colcon.colcon_core.verb:set package 'yasmin_msgs' build argument 'cmake_target_skip_unavailable' from command line to 'False'
[0.461s] Level 5:colcon.colcon_core.verb:set package 'yasmin_msgs' build argument 'cmake_clean_cache' from command line to 'False'
[0.461s] Level 5:colcon.colcon_core.verb:set package 'yasmin_msgs' build argument 'cmake_clean_first' from command line to 'False'
[0.461s] Level 5:colcon.colcon_core.verb:set package 'yasmin_msgs' build argument 'cmake_force_configure' from command line to 'False'
[0.462s] Level 5:colcon.colcon_core.verb:set package 'yasmin_msgs' build argument 'ament_cmake_args' from command line to 'None'
[0.462s] Level 5:colcon.colcon_core.verb:set package 'yasmin_msgs' build argument 'catkin_cmake_args' from command line to 'None'
[0.462s] Level 5:colcon.colcon_core.verb:set package 'yasmin_msgs' build argument 'catkin_skip_building_tests' from command line to 'False'
[0.462s] DEBUG:colcon.colcon_core.verb:Building package 'yasmin_msgs' with the following arguments: {'ament_cmake_args': None, 'build_base': '/home/rosbuntu/Desktop/state_machine_ws/build/yasmin_msgs', 'catkin_cmake_args': None, 'catkin_skip_building_tests': False, 'cmake_args': None, 'cmake_clean_cache': False, 'cmake_clean_first': False, 'cmake_force_configure': False, 'cmake_target': None, 'cmake_target_skip_unavailable': False, 'install_base': '/home/rosbuntu/Desktop/state_machine_ws/install/yasmin_msgs', 'merge_install': False, 'path': '/home/rosbuntu/Desktop/state_machine_ws/src/yasmin/yasmin_msgs', 'symlink_install': False, 'test_result_base': None}
[0.462s] Level 5:colcon.colcon_core.verb:set package 'yasmin_ros' build argument 'cmake_args' from command line to 'None'
[0.462s] Level 5:colcon.colcon_core.verb:set package 'yasmin_ros' build argument 'cmake_target' from command line to 'None'
[0.462s] Level 5:colcon.colcon_core.verb:set package 'yasmin_ros' build argument 'cmake_target_skip_unavailable' from command line to 'False'
[0.462s] Level 5:colcon.colcon_core.verb:set package 'yasmin_ros' build argument 'cmake_clean_cache' from command line to 'False'
[0.462s] Level 5:colcon.colcon_core.verb:set package 'yasmin_ros' build argument 'cmake_clean_first' from command line to 'False'
[0.462s] Level 5:colcon.colcon_core.verb:set package 'yasmin_ros' build argument 'cmake_force_configure' from command line to 'False'
[0.462s] Level 5:colcon.colcon_core.verb:set package 'yasmin_ros' build argument 'ament_cmake_args' from command line to 'None'
[0.462s] Level 5:colcon.colcon_core.verb:set package 'yasmin_ros' build argument 'catkin_cmake_args' from command line to 'None'
[0.462s] Level 5:colcon.colcon_core.verb:set package 'yasmin_ros' build argument 'catkin_skip_building_tests' from command line to 'False'
[0.462s] DEBUG:colcon.colcon_core.verb:Building package 'yasmin_ros' with the following arguments: {'ament_cmake_args': None, 'build_base': '/home/rosbuntu/Desktop/state_machine_ws/build/yasmin_ros', 'catkin_cmake_args': None, 'catkin_skip_building_tests': False, 'cmake_args': None, 'cmake_clean_cache': False, 'cmake_clean_first': False, 'cmake_force_configure': False, 'cmake_target': None, 'cmake_target_skip_unavailable': False, 'install_base': '/home/rosbuntu/Desktop/state_machine_ws/install/yasmin_ros', 'merge_install': False, 'path': '/home/rosbuntu/Desktop/state_machine_ws/src/yasmin/yasmin_ros', 'symlink_install': False, 'test_result_base': None}
[0.463s] Level 5:colcon.colcon_core.verb:set package 'yasmin_viewer' build argument 'cmake_args' from command line to 'None'
[0.463s] Level 5:colcon.colcon_core.verb:set package 'yasmin_viewer' build argument 'cmake_target' from command line to 'None'
[0.463s] Level 5:colcon.colcon_core.verb:set package 'yasmin_viewer' build argument 'cmake_target_skip_unavailable' from command line to 'False'
[0.463s] Level 5:colcon.colcon_core.verb:set package 'yasmin_viewer' build argument 'cmake_clean_cache' from command line to 'False'
[0.463s] Level 5:colcon.colcon_core.verb:set package 'yasmin_viewer' build argument 'cmake_clean_first' from command line to 'False'
[0.463s] Level 5:colcon.colcon_core.verb:set package 'yasmin_viewer' build argument 'cmake_force_configure' from command line to 'False'
[0.463s] Level 5:colcon.colcon_core.verb:set package 'yasmin_viewer' build argument 'ament_cmake_args' from command line to 'None'
[0.463s] Level 5:colcon.colcon_core.verb:set package 'yasmin_viewer' build argument 'catkin_cmake_args' from command line to 'None'
[0.463s] Level 5:colcon.colcon_core.verb:set package 'yasmin_viewer' build argument 'catkin_skip_building_tests' from command line to 'False'
[0.463s] DEBUG:colcon.colcon_core.verb:Building package 'yasmin_viewer' with the following arguments: {'ament_cmake_args': None, 'build_base': '/home/rosbuntu/Desktop/state_machine_ws/build/yasmin_viewer', 'catkin_cmake_args': None, 'catkin_skip_building_tests': False, 'cmake_args': None, 'cmake_clean_cache': False, 'cmake_clean_first': False, 'cmake_force_configure': False, 'cmake_target': None, 'cmake_target_skip_unavailable': False, 'install_base': '/home/rosbuntu/Desktop/state_machine_ws/install/yasmin_viewer', 'merge_install': False, 'path': '/home/rosbuntu/Desktop/state_machine_ws/src/yasmin/yasmin_viewer', 'symlink_install': False, 'test_result_base': None}
[0.464s] Level 5:colcon.colcon_core.verb:set package 'yasmin_demos' build argument 'cmake_args' from command line to 'None'
[0.464s] Level 5:colcon.colcon_core.verb:set package 'yasmin_demos' build argument 'cmake_target' from command line to 'None'
[0.464s] Level 5:colcon.colcon_core.verb:set package 'yasmin_demos' build argument 'cmake_target_skip_unavailable' from command line to 'False'
[0.464s] Level 5:colcon.colcon_core.verb:set package 'yasmin_demos' build argument 'cmake_clean_cache' from command line to 'False'
[0.464s] Level 5:colcon.colcon_core.verb:set package 'yasmin_demos' build argument 'cmake_clean_first' from command line to 'False'
[0.464s] Level 5:colcon.colcon_core.verb:set package 'yasmin_demos' build argument 'cmake_force_configure' from command line to 'False'
[0.464s] Level 5:colcon.colcon_core.verb:set package 'yasmin_demos' build argument 'ament_cmake_args' from command line to 'None'
[0.464s] Level 5:colcon.colcon_core.verb:set package 'yasmin_demos' build argument 'catkin_cmake_args' from command line to 'None'
[0.464s] Level 5:colcon.colcon_core.verb:set package 'yasmin_demos' build argument 'catkin_skip_building_tests' from command line to 'False'
[0.464s] DEBUG:colcon.colcon_core.verb:Building package 'yasmin_demos' with the following arguments: {'ament_cmake_args': None, 'build_base': '/home/rosbuntu/Desktop/state_machine_ws/build/yasmin_demos', 'catkin_cmake_args': None, 'catkin_skip_building_tests': False, 'cmake_args': None, 'cmake_clean_cache': False, 'cmake_clean_first': False, 'cmake_force_configure': False, 'cmake_target': None, 'cmake_target_skip_unavailable': False, 'install_base': '/home/rosbuntu/Desktop/state_machine_ws/install/yasmin_demos', 'merge_install': False, 'path': '/home/rosbuntu/Desktop/state_machine_ws/src/yasmin/yasmin_demos', 'symlink_install': False, 'test_result_base': None}
[0.464s] INFO:colcon.colcon_core.executor:Executing jobs using 'parallel' executor
[0.466s] DEBUG:colcon.colcon_parallel_executor.executor.parallel:run_until_complete
[0.467s] INFO:colcon.colcon_ros.task.ament_cmake.build:Building ROS package in '/home/rosbuntu/Desktop/state_machine_ws/src/yasmin/yasmin' with build type 'ament_cmake'
[0.467s] INFO:colcon.colcon_cmake.task.cmake.build:Building CMake package in '/home/rosbuntu/Desktop/state_machine_ws/src/yasmin/yasmin'
[0.470s] INFO:colcon.colcon_core.plugin_system:Skipping extension 'colcon_core.shell.bat': Not used on non-Windows systems
[0.470s] INFO:colcon.colcon_core.shell:Skip shell extension 'powershell' for command environment: Not usable outside of PowerShell
[0.470s] DEBUG:colcon.colcon_core.shell:Skip shell extension 'dsv' for command environment
[0.475s] INFO:colcon.colcon_ros.task.ament_cmake.build:Building ROS package in '/home/rosbuntu/Desktop/state_machine_ws/src/yasmin/yasmin_msgs' with build type 'ament_cmake'
[0.476s] INFO:colcon.colcon_cmake.task.cmake.build:Building CMake package in '/home/rosbuntu/Desktop/state_machine_ws/src/yasmin/yasmin_msgs'
[0.476s] INFO:colcon.colcon_core.shell:Skip shell extension 'powershell' for command environment: Not usable outside of PowerShell
[0.477s] DEBUG:colcon.colcon_core.shell:Skip shell extension 'dsv' for command environment
[0.482s] INFO:colcon.colcon_ros.task.ament_python.build:Building ROS package in '/home/rosbuntu/Desktop/state_machine_ws/src/state_machine' with build type 'ament_python'
[0.483s] Level 1:colcon.colcon_core.shell:create_environment_hook('state_machine', 'ament_prefix_path')
[0.483s] INFO:colcon.colcon_core.shell:Creating environment hook '/home/rosbuntu/Desktop/state_machine_ws/install/state_machine/share/state_machine/hook/ament_prefix_path.ps1'
[0.485s] INFO:colcon.colcon_core.shell:Creating environment descriptor '/home/rosbuntu/Desktop/state_machine_ws/install/state_machine/share/state_machine/hook/ament_prefix_path.dsv'
[0.486s] INFO:colcon.colcon_core.shell:Creating environment hook '/home/rosbuntu/Desktop/state_machine_ws/install/state_machine/share/state_machine/hook/ament_prefix_path.sh'
[0.488s] INFO:colcon.colcon_core.shell:Skip shell extension 'powershell' for command environment: Not usable outside of PowerShell
[0.488s] DEBUG:colcon.colcon_core.shell:Skip shell extension 'dsv' for command environment
[0.508s] DEBUG:colcon.colcon_core.event_handler.log_command:Invoking command in '/home/rosbuntu/Desktop/state_machine_ws/build/yasmin': CMAKE_PREFIX_PATH=/opt/ros/humble /usr/bin/cmake /home/rosbuntu/Desktop/state_machine_ws/src/yasmin/yasmin -DCMAKE_INSTALL_PREFIX=/home/rosbuntu/Desktop/state_machine_ws/install/yasmin
[0.514s] DEBUG:colcon.colcon_core.event_handler.log_command:Invoking command in '/home/rosbuntu/Desktop/state_machine_ws/build/yasmin_msgs': CMAKE_PREFIX_PATH=/opt/ros/humble /usr/bin/cmake /home/rosbuntu/Desktop/state_machine_ws/src/yasmin/yasmin_msgs -DCMAKE_INSTALL_PREFIX=/home/rosbuntu/Desktop/state_machine_ws/install/yasmin_msgs
[0.915s] INFO:colcon.colcon_core.task.python.build:Building Python package in '/home/rosbuntu/Desktop/state_machine_ws/src/state_machine'
[0.915s] INFO:colcon.colcon_core.shell:Skip shell extension 'powershell' for command environment: Not usable outside of PowerShell
[0.915s] DEBUG:colcon.colcon_core.shell:Skip shell extension 'dsv' for command environment
[1.491s] DEBUG:colcon.colcon_core.event_handler.log_command:Invoking command in '/home/rosbuntu/Desktop/state_machine_ws/src/state_machine': PYTHONPATH=/home/rosbuntu/Desktop/state_machine_ws/build/state_machine/prefix_override:/usr/lib/python3/dist-packages/colcon_core/task/python/colcon_distutils_commands:/home/rosbuntu/Desktop/state_machine_ws/install/state_machine/lib/python3.10/site-packages:${PYTHONPATH} /usr/bin/python3 -W ignore:setup.py install is deprecated setup.py egg_info --egg-base ../../build/state_machine build --build-base /home/rosbuntu/Desktop/state_machine_ws/build/state_machine/build install --record /home/rosbuntu/Desktop/state_machine_ws/build/state_machine/install.log --single-version-externally-managed install_data
[1.914s] DEBUG:colcon.colcon_core.event_handler.log_command:Invoked command in '/home/rosbuntu/Desktop/state_machine_ws/src/state_machine' returned '0': PYTHONPATH=/home/rosbuntu/Desktop/state_machine_ws/build/state_machine/prefix_override:/usr/lib/python3/dist-packages/colcon_core/task/python/colcon_distutils_commands:/home/rosbuntu/Desktop/state_machine_ws/install/state_machine/lib/python3.10/site-packages:${PYTHONPATH} /usr/bin/python3 -W ignore:setup.py install is deprecated setup.py egg_info --egg-base ../../build/state_machine build --build-base /home/rosbuntu/Desktop/state_machine_ws/build/state_machine/build install --record /home/rosbuntu/Desktop/state_machine_ws/build/state_machine/install.log --single-version-externally-managed install_data
[1.919s] Level 1:colcon.colcon_core.environment:checking '/home/rosbuntu/Desktop/state_machine_ws/install/state_machine' for CMake module files
[1.920s] Level 1:colcon.colcon_core.environment:checking '/home/rosbuntu/Desktop/state_machine_ws/install/state_machine' for CMake config files
[1.921s] Level 1:colcon.colcon_core.environment:checking '/home/rosbuntu/Desktop/state_machine_ws/install/state_machine/lib'
[1.921s] Level 1:colcon.colcon_core.environment:checking '/home/rosbuntu/Desktop/state_machine_ws/install/state_machine/bin'
[1.922s] Level 1:colcon.colcon_core.environment:checking '/home/rosbuntu/Desktop/state_machine_ws/install/state_machine/lib/pkgconfig/state_machine.pc'
[1.922s] Level 1:colcon.colcon_core.environment:checking '/home/rosbuntu/Desktop/state_machine_ws/install/state_machine/lib/python3.10/site-packages'
[1.922s] Level 1:colcon.colcon_core.shell:create_environment_hook('state_machine', 'pythonpath')
[1.923s] INFO:colcon.colcon_core.shell:Creating environment hook '/home/rosbuntu/Desktop/state_machine_ws/install/state_machine/share/state_machine/hook/pythonpath.ps1'
[1.924s] INFO:colcon.colcon_core.shell:Creating environment descriptor '/home/rosbuntu/Desktop/state_machine_ws/install/state_machine/share/state_machine/hook/pythonpath.dsv'
[1.926s] INFO:colcon.colcon_core.shell:Creating environment hook '/home/rosbuntu/Desktop/state_machine_ws/install/state_machine/share/state_machine/hook/pythonpath.sh'
[1.927s] Level 1:colcon.colcon_core.environment:checking '/home/rosbuntu/Desktop/state_machine_ws/install/state_machine/bin'
[1.927s] Level 1:colcon.colcon_core.environment:create_environment_scripts_only(state_machine)
[1.928s] INFO:colcon.colcon_core.shell:Creating package script '/home/rosbuntu/Desktop/state_machine_ws/install/state_machine/share/state_machine/package.ps1'
[1.933s] INFO:colcon.colcon_core.shell:Creating package descriptor '/home/rosbuntu/Desktop/state_machine_ws/install/state_machine/share/state_machine/package.dsv'
[1.935s] INFO:colcon.colcon_core.shell:Creating package script '/home/rosbuntu/Desktop/state_machine_ws/install/state_machine/share/state_machine/package.sh'
[1.938s] INFO:colcon.colcon_core.shell:Creating package script '/home/rosbuntu/Desktop/state_machine_ws/install/state_machine/share/state_machine/package.bash'
[1.939s] INFO:colcon.colcon_core.shell:Creating package script '/home/rosbuntu/Desktop/state_machine_ws/install/state_machine/share/state_machine/package.zsh'
[1.941s] Level 1:colcon.colcon_core.environment:create_file_with_runtime_dependencies(/home/rosbuntu/Desktop/state_machine_ws/install/state_machine/share/colcon-core/packages/state_machine)
[3.708s] DEBUG:colcon.colcon_core.event_handler.log_command:Invoked command in '/home/rosbuntu/Desktop/state_machine_ws/build/yasmin_msgs' returned '0': CMAKE_PREFIX_PATH=/opt/ros/humble /usr/bin/cmake /home/rosbuntu/Desktop/state_machine_ws/src/yasmin/yasmin_msgs -DCMAKE_INSTALL_PREFIX=/home/rosbuntu/Desktop/state_machine_ws/install/yasmin_msgs
[3.711s] DEBUG:colcon.colcon_core.event_handler.log_command:Invoking command in '/home/rosbuntu/Desktop/state_machine_ws/build/yasmin_msgs': CMAKE_PREFIX_PATH=/opt/ros/humble /usr/bin/cmake --build /home/rosbuntu/Desktop/state_machine_ws/build/yasmin_msgs -- -j4 -l4
[4.111s] DEBUG:colcon.colcon_core.event_handler.log_command:Invoked command in '/home/rosbuntu/Desktop/state_machine_ws/build/yasmin' returned '0': CMAKE_PREFIX_PATH=/opt/ros/humble /usr/bin/cmake /home/rosbuntu/Desktop/state_machine_ws/src/yasmin/yasmin -DCMAKE_INSTALL_PREFIX=/home/rosbuntu/Desktop/state_machine_ws/install/yasmin
[4.113s] DEBUG:colcon.colcon_core.event_handler.log_command:Invoking command in '/home/rosbuntu/Desktop/state_machine_ws/build/yasmin': CMAKE_PREFIX_PATH=/opt/ros/humble /usr/bin/cmake --build /home/rosbuntu/Desktop/state_machine_ws/build/yasmin -- -j4 -l4
[7.706s] DEBUG:colcon.colcon_core.event_handler.log_command:Invoked command in '/home/rosbuntu/Desktop/state_machine_ws/build/yasmin' returned '0': CMAKE_PREFIX_PATH=/opt/ros/humble /usr/bin/cmake --build /home/rosbuntu/Desktop/state_machine_ws/build/yasmin -- -j4 -l4
[8.134s] DEBUG:colcon.colcon_core.event_handler.log_command:Invoking command in '/home/rosbuntu/Desktop/state_machine_ws/build/yasmin': CMAKE_PREFIX_PATH=/opt/ros/humble /usr/bin/cmake --install /home/rosbuntu/Desktop/state_machine_ws/build/yasmin
[8.345s] Level 1:colcon.colcon_core.environment:create_environment_scripts_only(yasmin)
[8.346s] Level 1:colcon.colcon_core.environment:checking '/home/rosbuntu/Desktop/state_machine_ws/install/yasmin' for CMake module files
[8.346s] DEBUG:colcon.colcon_core.event_handler.log_command:Invoked command in '/home/rosbuntu/Desktop/state_machine_ws/build/yasmin' returned '0': CMAKE_PREFIX_PATH=/opt/ros/humble /usr/bin/cmake --install /home/rosbuntu/Desktop/state_machine_ws/build/yasmin
[8.348s] Level 1:colcon.colcon_core.environment:checking '/home/rosbuntu/Desktop/state_machine_ws/install/yasmin' for CMake config files
[8.349s] Level 1:colcon.colcon_core.shell:create_environment_hook('yasmin', 'cmake_prefix_path')
[8.350s] INFO:colcon.colcon_core.shell:Creating environment hook '/home/rosbuntu/Desktop/state_machine_ws/install/yasmin/share/yasmin/hook/cmake_prefix_path.ps1'
[8.350s] INFO:colcon.colcon_core.shell:Creating environment descriptor '/home/rosbuntu/Desktop/state_machine_ws/install/yasmin/share/yasmin/hook/cmake_prefix_path.dsv'
[8.351s] INFO:colcon.colcon_core.shell:Creating environment hook '/home/rosbuntu/Desktop/state_machine_ws/install/yasmin/share/yasmin/hook/cmake_prefix_path.sh'
[8.352s] Level 1:colcon.colcon_core.environment:checking '/home/rosbuntu/Desktop/state_machine_ws/install/yasmin/lib'
[8.352s] Level 1:colcon.colcon_core.environment:checking '/home/rosbuntu/Desktop/state_machine_ws/install/yasmin/bin'
[8.352s] Level 1:colcon.colcon_core.environment:checking '/home/rosbuntu/Desktop/state_machine_ws/install/yasmin/lib/pkgconfig/yasmin.pc'
[8.353s] Level 1:colcon.colcon_core.environment:checking '/home/rosbuntu/Desktop/state_machine_ws/install/yasmin/lib/python3.10/site-packages'
[8.353s] Level 1:colcon.colcon_core.environment:checking '/home/rosbuntu/Desktop/state_machine_ws/install/yasmin/bin'
[8.354s] INFO:colcon.colcon_core.shell:Creating package script '/home/rosbuntu/Desktop/state_machine_ws/install/yasmin/share/yasmin/package.ps1'
[8.355s] INFO:colcon.colcon_core.shell:Creating package descriptor '/home/rosbuntu/Desktop/state_machine_ws/install/yasmin/share/yasmin/package.dsv'
[8.359s] INFO:colcon.colcon_core.shell:Creating package script '/home/rosbuntu/Desktop/state_machine_ws/install/yasmin/share/yasmin/package.sh'
[8.366s] INFO:colcon.colcon_core.shell:Creating package script '/home/rosbuntu/Desktop/state_machine_ws/install/yasmin/share/yasmin/package.bash'
[8.367s] INFO:colcon.colcon_core.shell:Creating package script '/home/rosbuntu/Desktop/state_machine_ws/install/yasmin/share/yasmin/package.zsh'
[8.374s] Level 1:colcon.colcon_core.environment:create_file_with_runtime_dependencies(/home/rosbuntu/Desktop/state_machine_ws/install/yasmin/share/colcon-core/packages/yasmin)
[8.641s] Level 1:colcon.colcon_core.environment:create_environment_scripts_only(yasmin)
[8.641s] Level 1:colcon.colcon_core.environment:checking '/home/rosbuntu/Desktop/state_machine_ws/install/yasmin' for CMake module files
[8.642s] Level 1:colcon.colcon_core.environment:checking '/home/rosbuntu/Desktop/state_machine_ws/install/yasmin' for CMake config files
[8.644s] Level 1:colcon.colcon_core.shell:create_environment_hook('yasmin', 'cmake_prefix_path')
[8.644s] INFO:colcon.colcon_core.shell:Creating environment hook '/home/rosbuntu/Desktop/state_machine_ws/install/yasmin/share/yasmin/hook/cmake_prefix_path.ps1'
[8.646s] INFO:colcon.colcon_core.shell:Creating environment descriptor '/home/rosbuntu/Desktop/state_machine_ws/install/yasmin/share/yasmin/hook/cmake_prefix_path.dsv'
[8.647s] INFO:colcon.colcon_core.shell:Creating environment hook '/home/rosbuntu/Desktop/state_machine_ws/install/yasmin/share/yasmin/hook/cmake_prefix_path.sh'
[8.648s] Level 1:colcon.colcon_core.environment:checking '/home/rosbuntu/Desktop/state_machine_ws/install/yasmin/lib'
[8.649s] Level 1:colcon.colcon_core.environment:checking '/home/rosbuntu/Desktop/state_machine_ws/install/yasmin/bin'
[8.649s] Level 1:colcon.colcon_core.environment:checking '/home/rosbuntu/Desktop/state_machine_ws/install/yasmin/lib/pkgconfig/yasmin.pc'
[8.650s] Level 1:colcon.colcon_core.environment:checking '/home/rosbuntu/Desktop/state_machine_ws/install/yasmin/lib/python3.10/site-packages'
[8.650s] Level 1:colcon.colcon_core.environment:checking '/home/rosbuntu/Desktop/state_machine_ws/install/yasmin/bin'
[8.650s] INFO:colcon.colcon_core.shell:Creating package script '/home/rosbuntu/Desktop/state_machine_ws/install/yasmin/share/yasmin/package.ps1'
[8.651s] INFO:colcon.colcon_core.shell:Creating package descriptor '/home/rosbuntu/Desktop/state_machine_ws/install/yasmin/share/yasmin/package.dsv'
[8.659s] INFO:colcon.colcon_core.shell:Creating package script '/home/rosbuntu/Desktop/state_machine_ws/install/yasmin/share/yasmin/package.sh'
[8.660s] INFO:colcon.colcon_core.shell:Creating package script '/home/rosbuntu/Desktop/state_machine_ws/install/yasmin/share/yasmin/package.bash'
[8.662s] INFO:colcon.colcon_core.shell:Creating package script '/home/rosbuntu/Desktop/state_machine_ws/install/yasmin/share/yasmin/package.zsh'
[8.663s] Level 1:colcon.colcon_core.environment:create_file_with_runtime_dependencies(/home/rosbuntu/Desktop/state_machine_ws/install/yasmin/share/colcon-core/packages/yasmin)
[8.664s] INFO:colcon.colcon_ros.task.ament_cmake.build:Building ROS package in '/home/rosbuntu/Desktop/state_machine_ws/src/yasmin/yasmin_ros' with build type 'ament_cmake'
[8.664s] INFO:colcon.colcon_cmake.task.cmake.build:Building CMake package in '/home/rosbuntu/Desktop/state_machine_ws/src/yasmin/yasmin_ros'
[8.664s] INFO:colcon.colcon_core.shell:Skip shell extension 'powershell' for command environment: Not usable outside of PowerShell
[8.664s] DEBUG:colcon.colcon_core.shell:Skip shell extension 'dsv' for command environment
[8.690s] DEBUG:colcon.colcon_core.event_handler.log_command:Invoking command in '/home/rosbuntu/Desktop/state_machine_ws/build/yasmin_ros': AMENT_PREFIX_PATH=/home/rosbuntu/Desktop/state_machine_ws/install/yasmin:${AMENT_PREFIX_PATH} CMAKE_PREFIX_PATH=/home/rosbuntu/Desktop/state_machine_ws/install/yasmin:/opt/ros/humble LD_LIBRARY_PATH=/home/rosbuntu/Desktop/state_machine_ws/install/yasmin/lib:${LD_LIBRARY_PATH} PYTHONPATH=/home/rosbuntu/Desktop/state_machine_ws/install/yasmin/local/lib/python3.10/dist-packages:${PYTHONPATH} /usr/bin/cmake /home/rosbuntu/Desktop/state_machine_ws/src/yasmin/yasmin_ros -DCMAKE_INSTALL_PREFIX=/home/rosbuntu/Desktop/state_machine_ws/install/yasmin_ros
[11.045s] DEBUG:colcon.colcon_core.event_handler.log_command:Invoked command in '/home/rosbuntu/Desktop/state_machine_ws/build/yasmin_msgs' returned '0': CMAKE_PREFIX_PATH=/opt/ros/humble /usr/bin/cmake --build /home/rosbuntu/Desktop/state_machine_ws/build/yasmin_msgs -- -j4 -l4
[11.388s] DEBUG:colcon.colcon_core.event_handler.log_command:Invoking command in '/home/rosbuntu/Desktop/state_machine_ws/build/yasmin_msgs': CMAKE_PREFIX_PATH=/opt/ros/humble /usr/bin/cmake --install /home/rosbuntu/Desktop/state_machine_ws/build/yasmin_msgs
[11.468s] DEBUG:colcon.colcon_core.event_handler.log_command:Invoked command in '/home/rosbuntu/Desktop/state_machine_ws/build/yasmin_ros' returned '0': AMENT_PREFIX_PATH=/home/rosbuntu/Desktop/state_machine_ws/install/yasmin:${AMENT_PREFIX_PATH} CMAKE_PREFIX_PATH=/home/rosbuntu/Desktop/state_machine_ws/install/yasmin:/opt/ros/humble LD_LIBRARY_PATH=/home/rosbuntu/Desktop/state_machine_ws/install/yasmin/lib:${LD_LIBRARY_PATH} PYTHONPATH=/home/rosbuntu/Desktop/state_machine_ws/install/yasmin/local/lib/python3.10/dist-packages:${PYTHONPATH} /usr/bin/cmake /home/rosbuntu/Desktop/state_machine_ws/src/yasmin/yasmin_ros -DCMAKE_INSTALL_PREFIX=/home/rosbuntu/Desktop/state_machine_ws/install/yasmin_ros
[11.469s] DEBUG:colcon.colcon_core.event_handler.log_command:Invoking command in '/home/rosbuntu/Desktop/state_machine_ws/build/yasmin_ros': AMENT_PREFIX_PATH=/home/rosbuntu/Desktop/state_machine_ws/install/yasmin:${AMENT_PREFIX_PATH} CMAKE_PREFIX_PATH=/home/rosbuntu/Desktop/state_machine_ws/install/yasmin:/opt/ros/humble LD_LIBRARY_PATH=/home/rosbuntu/Desktop/state_machine_ws/install/yasmin/lib:${LD_LIBRARY_PATH} PYTHONPATH=/home/rosbuntu/Desktop/state_machine_ws/install/yasmin/local/lib/python3.10/dist-packages:${PYTHONPATH} /usr/bin/cmake --build /home/rosbuntu/Desktop/state_machine_ws/build/yasmin_ros -- -j4 -l4
[11.550s] Level 1:colcon.colcon_core.environment:create_environment_scripts_only(yasmin_msgs)
[11.550s] Level 1:colcon.colcon_core.environment:checking '/home/rosbuntu/Desktop/state_machine_ws/install/yasmin_msgs' for CMake module files
[11.551s] Level 1:colcon.colcon_core.environment:checking '/home/rosbuntu/Desktop/state_machine_ws/install/yasmin_msgs' for CMake config files
[11.552s] DEBUG:colcon.colcon_core.event_handler.log_command:Invoked command in '/home/rosbuntu/Desktop/state_machine_ws/build/yasmin_msgs' returned '0': CMAKE_PREFIX_PATH=/opt/ros/humble /usr/bin/cmake --install /home/rosbuntu/Desktop/state_machine_ws/build/yasmin_msgs
[11.554s] Level 1:colcon.colcon_core.shell:create_environment_hook('yasmin_msgs', 'cmake_prefix_path')
[11.554s] INFO:colcon.colcon_core.shell:Creating environment hook '/home/rosbuntu/Desktop/state_machine_ws/install/yasmin_msgs/share/yasmin_msgs/hook/cmake_prefix_path.ps1'
[11.555s] INFO:colcon.colcon_core.shell:Creating environment descriptor '/home/rosbuntu/Desktop/state_machine_ws/install/yasmin_msgs/share/yasmin_msgs/hook/cmake_prefix_path.dsv'
[11.556s] INFO:colcon.colcon_core.shell:Creating environment hook '/home/rosbuntu/Desktop/state_machine_ws/install/yasmin_msgs/share/yasmin_msgs/hook/cmake_prefix_path.sh'
[11.557s] Level 1:colcon.colcon_core.environment:checking '/home/rosbuntu/Desktop/state_machine_ws/install/yasmin_msgs/lib'
[11.557s] Level 1:colcon.colcon_core.shell:create_environment_hook('yasmin_msgs', 'ld_library_path_lib')
[11.558s] INFO:colcon.colcon_core.shell:Creating environment hook '/home/rosbuntu/Desktop/state_machine_ws/install/yasmin_msgs/share/yasmin_msgs/hook/ld_library_path_lib.ps1'
[11.558s] INFO:colcon.colcon_core.shell:Creating environment descriptor '/home/rosbuntu/Desktop/state_machine_ws/install/yasmin_msgs/share/yasmin_msgs/hook/ld_library_path_lib.dsv'
[11.559s] INFO:colcon.colcon_core.shell:Creating environment hook '/home/rosbuntu/Desktop/state_machine_ws/install/yasmin_msgs/share/yasmin_msgs/hook/ld_library_path_lib.sh'
[11.559s] Level 1:colcon.colcon_core.environment:checking '/home/rosbuntu/Desktop/state_machine_ws/install/yasmin_msgs/bin'
[11.559s] Level 1:colcon.colcon_core.environment:checking '/home/rosbuntu/Desktop/state_machine_ws/install/yasmin_msgs/lib/pkgconfig/yasmin_msgs.pc'
[11.560s] Level 1:colcon.colcon_core.environment:checking '/home/rosbuntu/Desktop/state_machine_ws/install/yasmin_msgs/lib/python3.10/site-packages'
[11.560s] Level 1:colcon.colcon_core.environment:checking '/home/rosbuntu/Desktop/state_machine_ws/install/yasmin_msgs/bin'
[11.560s] INFO:colcon.colcon_core.shell:Creating package script '/home/rosbuntu/Desktop/state_machine_ws/install/yasmin_msgs/share/yasmin_msgs/package.ps1'
[11.561s] INFO:colcon.colcon_core.shell:Creating package descriptor '/home/rosbuntu/Desktop/state_machine_ws/install/yasmin_msgs/share/yasmin_msgs/package.dsv'
[11.562s] INFO:colcon.colcon_core.shell:Creating package script '/home/rosbuntu/Desktop/state_machine_ws/install/yasmin_msgs/share/yasmin_msgs/package.sh'
[11.563s] INFO:colcon.colcon_core.shell:Creating package script '/home/rosbuntu/Desktop/state_machine_ws/install/yasmin_msgs/share/yasmin_msgs/package.bash'
[11.564s] INFO:colcon.colcon_core.shell:Creating package script '/home/rosbuntu/Desktop/state_machine_ws/install/yasmin_msgs/share/yasmin_msgs/package.zsh'
[11.565s] Level 1:colcon.colcon_core.environment:create_file_with_runtime_dependencies(/home/rosbuntu/Desktop/state_machine_ws/install/yasmin_msgs/share/colcon-core/packages/yasmin_msgs)
[12.229s] Level 1:colcon.colcon_core.environment:create_environment_scripts_only(yasmin_msgs)
[12.229s] Level 1:colcon.colcon_core.environment:checking '/home/rosbuntu/Desktop/state_machine_ws/install/yasmin_msgs' for CMake module files
[12.230s] Level 1:colcon.colcon_core.environment:checking '/home/rosbuntu/Desktop/state_machine_ws/install/yasmin_msgs' for CMake config files
[12.233s] Level 1:colcon.colcon_core.shell:create_environment_hook('yasmin_msgs', 'cmake_prefix_path')
[12.234s] INFO:colcon.colcon_core.shell:Creating environment hook '/home/rosbuntu/Desktop/state_machine_ws/install/yasmin_msgs/share/yasmin_msgs/hook/cmake_prefix_path.ps1'
[12.235s] INFO:colcon.colcon_core.shell:Creating environment descriptor '/home/rosbuntu/Desktop/state_machine_ws/install/yasmin_msgs/share/yasmin_msgs/hook/cmake_prefix_path.dsv'
[12.236s] INFO:colcon.colcon_core.shell:Creating environment hook '/home/rosbuntu/Desktop/state_machine_ws/install/yasmin_msgs/share/yasmin_msgs/hook/cmake_prefix_path.sh'
[12.240s] Level 1:colcon.colcon_core.environment:checking '/home/rosbuntu/Desktop/state_machine_ws/install/yasmin_msgs/lib'
[12.240s] Level 1:colcon.colcon_core.shell:create_environment_hook('yasmin_msgs', 'ld_library_path_lib')
[12.241s] INFO:colcon.colcon_core.shell:Creating environment hook '/home/rosbuntu/Desktop/state_machine_ws/install/yasmin_msgs/share/yasmin_msgs/hook/ld_library_path_lib.ps1'
[12.242s] INFO:colcon.colcon_core.shell:Creating environment descriptor '/home/rosbuntu/Desktop/state_machine_ws/install/yasmin_msgs/share/yasmin_msgs/hook/ld_library_path_lib.dsv'
[12.243s] INFO:colcon.colcon_core.shell:Creating environment hook '/home/rosbuntu/Desktop/state_machine_ws/install/yasmin_msgs/share/yasmin_msgs/hook/ld_library_path_lib.sh'
[12.244s] Level 1:colcon.colcon_core.environment:checking '/home/rosbuntu/Desktop/state_machine_ws/install/yasmin_msgs/bin'
[12.244s] Level 1:colcon.colcon_core.environment:checking '/home/rosbuntu/Desktop/state_machine_ws/install/yasmin_msgs/lib/pkgconfig/yasmin_msgs.pc'
[12.245s] Level 1:colcon.colcon_core.environment:checking '/home/rosbuntu/Desktop/state_machine_ws/install/yasmin_msgs/lib/python3.10/site-packages'
[12.245s] Level 1:colcon.colcon_core.environment:checking '/home/rosbuntu/Desktop/state_machine_ws/install/yasmin_msgs/bin'
[12.246s] INFO:colcon.colcon_core.shell:Creating package script '/home/rosbuntu/Desktop/state_machine_ws/install/yasmin_msgs/share/yasmin_msgs/package.ps1'
[12.247s] INFO:colcon.colcon_core.shell:Creating package descriptor '/home/rosbuntu/Desktop/state_machine_ws/install/yasmin_msgs/share/yasmin_msgs/package.dsv'
[12.249s] INFO:colcon.colcon_core.shell:Creating package script '/home/rosbuntu/Desktop/state_machine_ws/install/yasmin_msgs/share/yasmin_msgs/package.sh'
[12.251s] INFO:colcon.colcon_core.shell:Creating package script '/home/rosbuntu/Desktop/state_machine_ws/install/yasmin_msgs/share/yasmin_msgs/package.bash'
[12.252s] INFO:colcon.colcon_core.shell:Creating package script '/home/rosbuntu/Desktop/state_machine_ws/install/yasmin_msgs/share/yasmin_msgs/package.zsh'
[12.254s] Level 1:colcon.colcon_core.environment:create_file_with_runtime_dependencies(/home/rosbuntu/Desktop/state_machine_ws/install/yasmin_msgs/share/colcon-core/packages/yasmin_msgs)
[25.268s] DEBUG:colcon.colcon_core.event_handler.log_command:Invoked command in '/home/rosbuntu/Desktop/state_machine_ws/build/yasmin_ros' returned '0': AMENT_PREFIX_PATH=/home/rosbuntu/Desktop/state_machine_ws/install/yasmin:${AMENT_PREFIX_PATH} CMAKE_PREFIX_PATH=/home/rosbuntu/Desktop/state_machine_ws/install/yasmin:/opt/ros/humble LD_LIBRARY_PATH=/home/rosbuntu/Desktop/state_machine_ws/install/yasmin/lib:${LD_LIBRARY_PATH} PYTHONPATH=/home/rosbuntu/Desktop/state_machine_ws/install/yasmin/local/lib/python3.10/dist-packages:${PYTHONPATH} /usr/bin/cmake --build /home/rosbuntu/Desktop/state_machine_ws/build/yasmin_ros -- -j4 -l4
[25.363s] DEBUG:colcon.colcon_core.event_handler.log_command:Invoking command in '/home/rosbuntu/Desktop/state_machine_ws/build/yasmin_ros': AMENT_PREFIX_PATH=/home/rosbuntu/Desktop/state_machine_ws/install/yasmin:${AMENT_PREFIX_PATH} CMAKE_PREFIX_PATH=/home/rosbuntu/Desktop/state_machine_ws/install/yasmin:/opt/ros/humble LD_LIBRARY_PATH=/home/rosbuntu/Desktop/state_machine_ws/install/yasmin/lib:${LD_LIBRARY_PATH} PYTHONPATH=/home/rosbuntu/Desktop/state_machine_ws/install/yasmin/local/lib/python3.10/dist-packages:${PYTHONPATH} /usr/bin/cmake --install /home/rosbuntu/Desktop/state_machine_ws/build/yasmin_ros
[25.439s] Level 1:colcon.colcon_core.environment:create_environment_scripts_only(yasmin_ros)
[25.440s] Level 1:colcon.colcon_core.environment:checking '/home/rosbuntu/Desktop/state_machine_ws/install/yasmin_ros' for CMake module files
[25.441s] DEBUG:colcon.colcon_core.event_handler.log_command:Invoked command in '/home/rosbuntu/Desktop/state_machine_ws/build/yasmin_ros' returned '0': AMENT_PREFIX_PATH=/home/rosbuntu/Desktop/state_machine_ws/install/yasmin:${AMENT_PREFIX_PATH} CMAKE_PREFIX_PATH=/home/rosbuntu/Desktop/state_machine_ws/install/yasmin:/opt/ros/humble LD_LIBRARY_PATH=/home/rosbuntu/Desktop/state_machine_ws/install/yasmin/lib:${LD_LIBRARY_PATH} PYTHONPATH=/home/rosbuntu/Desktop/state_machine_ws/install/yasmin/local/lib/python3.10/dist-packages:${PYTHONPATH} /usr/bin/cmake --install /home/rosbuntu/Desktop/state_machine_ws/build/yasmin_ros
[25.442s] Level 1:colcon.colcon_core.environment:checking '/home/rosbuntu/Desktop/state_machine_ws/install/yasmin_ros' for CMake config files
[25.443s] Level 1:colcon.colcon_core.shell:create_environment_hook('yasmin_ros', 'cmake_prefix_path')
[25.443s] INFO:colcon.colcon_core.shell:Creating environment hook '/home/rosbuntu/Desktop/state_machine_ws/install/yasmin_ros/share/yasmin_ros/hook/cmake_prefix_path.ps1'
[25.445s] INFO:colcon.colcon_core.shell:Creating environment descriptor '/home/rosbuntu/Desktop/state_machine_ws/install/yasmin_ros/share/yasmin_ros/hook/cmake_prefix_path.dsv'
[25.445s] INFO:colcon.colcon_core.shell:Creating environment hook '/home/rosbuntu/Desktop/state_machine_ws/install/yasmin_ros/share/yasmin_ros/hook/cmake_prefix_path.sh'
[25.446s] Level 1:colcon.colcon_core.environment:checking '/home/rosbuntu/Desktop/state_machine_ws/install/yasmin_ros/lib'
[25.446s] Level 1:colcon.colcon_core.environment:checking '/home/rosbuntu/Desktop/state_machine_ws/install/yasmin_ros/bin'
[25.446s] Level 1:colcon.colcon_core.environment:checking '/home/rosbuntu/Desktop/state_machine_ws/install/yasmin_ros/lib/pkgconfig/yasmin_ros.pc'
[25.446s] Level 1:colcon.colcon_core.environment:checking '/home/rosbuntu/Desktop/state_machine_ws/install/yasmin_ros/lib/python3.10/site-packages'
[25.447s] Level 1:colcon.colcon_core.environment:checking '/home/rosbuntu/Desktop/state_machine_ws/install/yasmin_ros/bin'
[25.447s] INFO:colcon.colcon_core.shell:Creating package script '/home/rosbuntu/Desktop/state_machine_ws/install/yasmin_ros/share/yasmin_ros/package.ps1'
[25.447s] INFO:colcon.colcon_core.shell:Creating package descriptor '/home/rosbuntu/Desktop/state_machine_ws/install/yasmin_ros/share/yasmin_ros/package.dsv'
[25.448s] INFO:colcon.colcon_core.shell:Creating package script '/home/rosbuntu/Desktop/state_machine_ws/install/yasmin_ros/share/yasmin_ros/package.sh'
[25.449s] INFO:colcon.colcon_core.shell:Creating package script '/home/rosbuntu/Desktop/state_machine_ws/install/yasmin_ros/share/yasmin_ros/package.bash'
[25.449s] INFO:colcon.colcon_core.shell:Creating package script '/home/rosbuntu/Desktop/state_machine_ws/install/yasmin_ros/share/yasmin_ros/package.zsh'
[25.450s] Level 1:colcon.colcon_core.environment:create_file_with_runtime_dependencies(/home/rosbuntu/Desktop/state_machine_ws/install/yasmin_ros/share/colcon-core/packages/yasmin_ros)
[25.534s] Level 1:colcon.colcon_core.environment:create_environment_scripts_only(yasmin_ros)
[25.535s] Level 1:colcon.colcon_core.environment:checking '/home/rosbuntu/Desktop/state_machine_ws/install/yasmin_ros' for CMake module files
[25.535s] Level 1:colcon.colcon_core.environment:checking '/home/rosbuntu/Desktop/state_machine_ws/install/yasmin_ros' for CMake config files
[25.536s] Level 1:colcon.colcon_core.shell:create_environment_hook('yasmin_ros', 'cmake_prefix_path')
[25.536s] INFO:colcon.colcon_core.shell:Creating environment hook '/home/rosbuntu/Desktop/state_machine_ws/install/yasmin_ros/share/yasmin_ros/hook/cmake_prefix_path.ps1'
[25.538s] INFO:colcon.colcon_core.shell:Creating environment descriptor '/home/rosbuntu/Desktop/state_machine_ws/install/yasmin_ros/share/yasmin_ros/hook/cmake_prefix_path.dsv'
[25.539s] INFO:colcon.colcon_core.shell:Creating environment hook '/home/rosbuntu/Desktop/state_machine_ws/install/yasmin_ros/share/yasmin_ros/hook/cmake_prefix_path.sh'
[25.541s] Level 1:colcon.colcon_core.environment:checking '/home/rosbuntu/Desktop/state_machine_ws/install/yasmin_ros/lib'
[25.541s] Level 1:colcon.colcon_core.environment:checking '/home/rosbuntu/Desktop/state_machine_ws/install/yasmin_ros/bin'
[25.541s] Level 1:colcon.colcon_core.environment:checking '/home/rosbuntu/Desktop/state_machine_ws/install/yasmin_ros/lib/pkgconfig/yasmin_ros.pc'
[25.542s] Level 1:colcon.colcon_core.environment:checking '/home/rosbuntu/Desktop/state_machine_ws/install/yasmin_ros/lib/python3.10/site-packages'
[25.542s] Level 1:colcon.colcon_core.environment:checking '/home/rosbuntu/Desktop/state_machine_ws/install/yasmin_ros/bin'
[25.542s] INFO:colcon.colcon_core.shell:Creating package script '/home/rosbuntu/Desktop/state_machine_ws/install/yasmin_ros/share/yasmin_ros/package.ps1'
[25.543s] INFO:colcon.colcon_core.shell:Creating package descriptor '/home/rosbuntu/Desktop/state_machine_ws/install/yasmin_ros/share/yasmin_ros/package.dsv'
[25.544s] INFO:colcon.colcon_core.shell:Creating package script '/home/rosbuntu/Desktop/state_machine_ws/install/yasmin_ros/share/yasmin_ros/package.sh'
[25.546s] INFO:colcon.colcon_core.shell:Creating package script '/home/rosbuntu/Desktop/state_machine_ws/install/yasmin_ros/share/yasmin_ros/package.bash'
[25.547s] INFO:colcon.colcon_core.shell:Creating package script '/home/rosbuntu/Desktop/state_machine_ws/install/yasmin_ros/share/yasmin_ros/package.zsh'
[25.548s] Level 1:colcon.colcon_core.environment:create_file_with_runtime_dependencies(/home/rosbuntu/Desktop/state_machine_ws/install/yasmin_ros/share/colcon-core/packages/yasmin_ros)
[25.550s] INFO:colcon.colcon_ros.task.ament_cmake.build:Building ROS package in '/home/rosbuntu/Desktop/state_machine_ws/src/yasmin/yasmin_viewer' with build type 'ament_cmake'
[25.550s] INFO:colcon.colcon_cmake.task.cmake.build:Building CMake package in '/home/rosbuntu/Desktop/state_machine_ws/src/yasmin/yasmin_viewer'
[25.550s] INFO:colcon.colcon_core.shell:Skip shell extension 'powershell' for command environment: Not usable outside of PowerShell
[25.551s] DEBUG:colcon.colcon_core.shell:Skip shell extension 'dsv' for command environment
[25.587s] DEBUG:colcon.colcon_core.event_handler.log_command:Invoking command in '/home/rosbuntu/Desktop/state_machine_ws/build/yasmin_viewer': AMENT_PREFIX_PATH=/home/rosbuntu/Desktop/state_machine_ws/install/yasmin_ros:/home/rosbuntu/Desktop/state_machine_ws/install/yasmin_msgs:/home/rosbuntu/Desktop/state_machine_ws/install/yasmin:${AMENT_PREFIX_PATH} CMAKE_PREFIX_PATH=/home/rosbuntu/Desktop/state_machine_ws/install/yasmin_ros:/home/rosbuntu/Desktop/state_machine_ws/install/yasmin_msgs:/home/rosbuntu/Desktop/state_machine_ws/install/yasmin:/opt/ros/humble LD_LIBRARY_PATH=/home/rosbuntu/Desktop/state_machine_ws/install/yasmin_ros/lib:/home/rosbuntu/Desktop/state_machine_ws/install/yasmin_msgs/lib:/home/rosbuntu/Desktop/state_machine_ws/install/yasmin/lib:${LD_LIBRARY_PATH} PYTHONPATH=/home/rosbuntu/Desktop/state_machine_ws/install/yasmin_ros/local/lib/python3.10/dist-packages:/home/rosbuntu/Desktop/state_machine_ws/install/yasmin_msgs/local/lib/python3.10/dist-packages:/home/rosbuntu/Desktop/state_machine_ws/install/yasmin/local/lib/python3.10/dist-packages:${PYTHONPATH} /usr/bin/cmake /home/rosbuntu/Desktop/state_machine_ws/src/yasmin/yasmin_viewer -DCMAKE_INSTALL_PREFIX=/home/rosbuntu/Desktop/state_machine_ws/install/yasmin_viewer
[27.762s] DEBUG:colcon.colcon_core.event_handler.log_command:Invoked command in '/home/rosbuntu/Desktop/state_machine_ws/build/yasmin_viewer' returned '0': AMENT_PREFIX_PATH=/home/rosbuntu/Desktop/state_machine_ws/install/yasmin_ros:/home/rosbuntu/Desktop/state_machine_ws/install/yasmin_msgs:/home/rosbuntu/Desktop/state_machine_ws/install/yasmin:${AMENT_PREFIX_PATH} CMAKE_PREFIX_PATH=/home/rosbuntu/Desktop/state_machine_ws/install/yasmin_ros:/home/rosbuntu/Desktop/state_machine_ws/install/yasmin_msgs:/home/rosbuntu/Desktop/state_machine_ws/install/yasmin:/opt/ros/humble LD_LIBRARY_PATH=/home/rosbuntu/Desktop/state_machine_ws/install/yasmin_ros/lib:/home/rosbuntu/Desktop/state_machine_ws/install/yasmin_msgs/lib:/home/rosbuntu/Desktop/state_machine_ws/install/yasmin/lib:${LD_LIBRARY_PATH} PYTHONPATH=/home/rosbuntu/Desktop/state_machine_ws/install/yasmin_ros/local/lib/python3.10/dist-packages:/home/rosbuntu/Desktop/state_machine_ws/install/yasmin_msgs/local/lib/python3.10/dist-packages:/home/rosbuntu/Desktop/state_machine_ws/install/yasmin/local/lib/python3.10/dist-packages:${PYTHONPATH} /usr/bin/cmake /home/rosbuntu/Desktop/state_machine_ws/src/yasmin/yasmin_viewer -DCMAKE_INSTALL_PREFIX=/home/rosbuntu/Desktop/state_machine_ws/install/yasmin_viewer
[27.763s] DEBUG:colcon.colcon_core.event_handler.log_command:Invoking command in '/home/rosbuntu/Desktop/state_machine_ws/build/yasmin_viewer': AMENT_PREFIX_PATH=/home/rosbuntu/Desktop/state_machine_ws/install/yasmin_ros:/home/rosbuntu/Desktop/state_machine_ws/install/yasmin_msgs:/home/rosbuntu/Desktop/state_machine_ws/install/yasmin:${AMENT_PREFIX_PATH} CMAKE_PREFIX_PATH=/home/rosbuntu/Desktop/state_machine_ws/install/yasmin_ros:/home/rosbuntu/Desktop/state_machine_ws/install/yasmin_msgs:/home/rosbuntu/Desktop/state_machine_ws/install/yasmin:/opt/ros/humble LD_LIBRARY_PATH=/home/rosbuntu/Desktop/state_machine_ws/install/yasmin_ros/lib:/home/rosbuntu/Desktop/state_machine_ws/install/yasmin_msgs/lib:/home/rosbuntu/Desktop/state_machine_ws/install/yasmin/lib:${LD_LIBRARY_PATH} PYTHONPATH=/home/rosbuntu/Desktop/state_machine_ws/install/yasmin_ros/local/lib/python3.10/dist-packages:/home/rosbuntu/Desktop/state_machine_ws/install/yasmin_msgs/local/lib/python3.10/dist-packages:/home/rosbuntu/Desktop/state_machine_ws/install/yasmin/local/lib/python3.10/dist-packages:${PYTHONPATH} /usr/bin/cmake --build /home/rosbuntu/Desktop/state_machine_ws/build/yasmin_viewer -- -j4 -l4
[33.410s] DEBUG:colcon.colcon_core.event_handler.log_command:Invoked command in '/home/rosbuntu/Desktop/state_machine_ws/build/yasmin_viewer' returned '0': AMENT_PREFIX_PATH=/home/rosbuntu/Desktop/state_machine_ws/install/yasmin_ros:/home/rosbuntu/Desktop/state_machine_ws/install/yasmin_msgs:/home/rosbuntu/Desktop/state_machine_ws/install/yasmin:${AMENT_PREFIX_PATH} CMAKE_PREFIX_PATH=/home/rosbuntu/Desktop/state_machine_ws/install/yasmin_ros:/home/rosbuntu/Desktop/state_machine_ws/install/yasmin_msgs:/home/rosbuntu/Desktop/state_machine_ws/install/yasmin:/opt/ros/humble LD_LIBRARY_PATH=/home/rosbuntu/Desktop/state_machine_ws/install/yasmin_ros/lib:/home/rosbuntu/Desktop/state_machine_ws/install/yasmin_msgs/lib:/home/rosbuntu/Desktop/state_machine_ws/install/yasmin/lib:${LD_LIBRARY_PATH} PYTHONPATH=/home/rosbuntu/Desktop/state_machine_ws/install/yasmin_ros/local/lib/python3.10/dist-packages:/home/rosbuntu/Desktop/state_machine_ws/install/yasmin_msgs/local/lib/python3.10/dist-packages:/home/rosbuntu/Desktop/state_machine_ws/install/yasmin/local/lib/python3.10/dist-packages:${PYTHONPATH} /usr/bin/cmake --build /home/rosbuntu/Desktop/state_machine_ws/build/yasmin_viewer -- -j4 -l4
[33.476s] DEBUG:colcon.colcon_core.event_handler.log_command:Invoking command in '/home/rosbuntu/Desktop/state_machine_ws/build/yasmin_viewer': AMENT_PREFIX_PATH=/home/rosbuntu/Desktop/state_machine_ws/install/yasmin_ros:/home/rosbuntu/Desktop/state_machine_ws/install/yasmin_msgs:/home/rosbuntu/Desktop/state_machine_ws/install/yasmin:${AMENT_PREFIX_PATH} CMAKE_PREFIX_PATH=/home/rosbuntu/Desktop/state_machine_ws/install/yasmin_ros:/home/rosbuntu/Desktop/state_machine_ws/install/yasmin_msgs:/home/rosbuntu/Desktop/state_machine_ws/install/yasmin:/opt/ros/humble LD_LIBRARY_PATH=/home/rosbuntu/Desktop/state_machine_ws/install/yasmin_ros/lib:/home/rosbuntu/Desktop/state_machine_ws/install/yasmin_msgs/lib:/home/rosbuntu/Desktop/state_machine_ws/install/yasmin/lib:${LD_LIBRARY_PATH} PYTHONPATH=/home/rosbuntu/Desktop/state_machine_ws/install/yasmin_ros/local/lib/python3.10/dist-packages:/home/rosbuntu/Desktop/state_machine_ws/install/yasmin_msgs/local/lib/python3.10/dist-packages:/home/rosbuntu/Desktop/state_machine_ws/install/yasmin/local/lib/python3.10/dist-packages:${PYTHONPATH} /usr/bin/cmake --install /home/rosbuntu/Desktop/state_machine_ws/build/yasmin_viewer
[33.580s] Level 1:colcon.colcon_core.environment:create_environment_scripts_only(yasmin_viewer)
[33.581s] Level 1:colcon.colcon_core.environment:checking '/home/rosbuntu/Desktop/state_machine_ws/install/yasmin_viewer' for CMake module files
[33.582s] DEBUG:colcon.colcon_core.event_handler.log_command:Invoked command in '/home/rosbuntu/Desktop/state_machine_ws/build/yasmin_viewer' returned '0': AMENT_PREFIX_PATH=/home/rosbuntu/Desktop/state_machine_ws/install/yasmin_ros:/home/rosbuntu/Desktop/state_machine_ws/install/yasmin_msgs:/home/rosbuntu/Desktop/state_machine_ws/install/yasmin:${AMENT_PREFIX_PATH} CMAKE_PREFIX_PATH=/home/rosbuntu/Desktop/state_machine_ws/install/yasmin_ros:/home/rosbuntu/Desktop/state_machine_ws/install/yasmin_msgs:/home/rosbuntu/Desktop/state_machine_ws/install/yasmin:/opt/ros/humble LD_LIBRARY_PATH=/home/rosbuntu/Desktop/state_machine_ws/install/yasmin_ros/lib:/home/rosbuntu/Desktop/state_machine_ws/install/yasmin_msgs/lib:/home/rosbuntu/Desktop/state_machine_ws/install/yasmin/lib:${LD_LIBRARY_PATH} PYTHONPATH=/home/rosbuntu/Desktop/state_machine_ws/install/yasmin_ros/local/lib/python3.10/dist-packages:/home/rosbuntu/Desktop/state_machine_ws/install/yasmin_msgs/local/lib/python3.10/dist-packages:/home/rosbuntu/Desktop/state_machine_ws/install/yasmin/local/lib/python3.10/dist-packages:${PYTHONPATH} /usr/bin/cmake --install /home/rosbuntu/Desktop/state_machine_ws/build/yasmin_viewer
[33.583s] Level 1:colcon.colcon_core.environment:checking '/home/rosbuntu/Desktop/state_machine_ws/install/yasmin_viewer' for CMake config files
[33.583s] Level 1:colcon.colcon_core.shell:create_environment_hook('yasmin_viewer', 'cmake_prefix_path')
[33.584s] INFO:colcon.colcon_core.shell:Creating environment hook '/home/rosbuntu/Desktop/state_machine_ws/install/yasmin_viewer/share/yasmin_viewer/hook/cmake_prefix_path.ps1'
[33.585s] INFO:colcon.colcon_core.shell:Creating environment descriptor '/home/rosbuntu/Desktop/state_machine_ws/install/yasmin_viewer/share/yasmin_viewer/hook/cmake_prefix_path.dsv'
[33.585s] INFO:colcon.colcon_core.shell:Creating environment hook '/home/rosbuntu/Desktop/state_machine_ws/install/yasmin_viewer/share/yasmin_viewer/hook/cmake_prefix_path.sh'
[33.586s] Level 1:colcon.colcon_core.environment:checking '/home/rosbuntu/Desktop/state_machine_ws/install/yasmin_viewer/lib'
[33.586s] Level 1:colcon.colcon_core.environment:checking '/home/rosbuntu/Desktop/state_machine_ws/install/yasmin_viewer/bin'
[33.586s] Level 1:colcon.colcon_core.environment:checking '/home/rosbuntu/Desktop/state_machine_ws/install/yasmin_viewer/lib/pkgconfig/yasmin_viewer.pc'
[33.587s] Level 1:colcon.colcon_core.environment:checking '/home/rosbuntu/Desktop/state_machine_ws/install/yasmin_viewer/lib/python3.10/site-packages'
[33.587s] Level 1:colcon.colcon_core.environment:checking '/home/rosbuntu/Desktop/state_machine_ws/install/yasmin_viewer/bin'
[33.588s] INFO:colcon.colcon_core.shell:Creating package script '/home/rosbuntu/Desktop/state_machine_ws/install/yasmin_viewer/share/yasmin_viewer/package.ps1'
[33.589s] INFO:colcon.colcon_core.shell:Creating package descriptor '/home/rosbuntu/Desktop/state_machine_ws/install/yasmin_viewer/share/yasmin_viewer/package.dsv'
[33.590s] INFO:colcon.colcon_core.shell:Creating package script '/home/rosbuntu/Desktop/state_machine_ws/install/yasmin_viewer/share/yasmin_viewer/package.sh'
[33.591s] INFO:colcon.colcon_core.shell:Creating package script '/home/rosbuntu/Desktop/state_machine_ws/install/yasmin_viewer/share/yasmin_viewer/package.bash'
[33.592s] INFO:colcon.colcon_core.shell:Creating package script '/home/rosbuntu/Desktop/state_machine_ws/install/yasmin_viewer/share/yasmin_viewer/package.zsh'
[33.593s] Level 1:colcon.colcon_core.environment:create_file_with_runtime_dependencies(/home/rosbuntu/Desktop/state_machine_ws/install/yasmin_viewer/share/colcon-core/packages/yasmin_viewer)
[33.658s] Level 1:colcon.colcon_core.environment:create_environment_scripts_only(yasmin_viewer)
[33.659s] Level 1:colcon.colcon_core.environment:checking '/home/rosbuntu/Desktop/state_machine_ws/install/yasmin_viewer' for CMake module files
[33.660s] Level 1:colcon.colcon_core.environment:checking '/home/rosbuntu/Desktop/state_machine_ws/install/yasmin_viewer' for CMake config files
[33.662s] Level 1:colcon.colcon_core.shell:create_environment_hook('yasmin_viewer', 'cmake_prefix_path')
[33.662s] INFO:colcon.colcon_core.shell:Creating environment hook '/home/rosbuntu/Desktop/state_machine_ws/install/yasmin_viewer/share/yasmin_viewer/hook/cmake_prefix_path.ps1'
[33.664s] INFO:colcon.colcon_core.shell:Creating environment descriptor '/home/rosbuntu/Desktop/state_machine_ws/install/yasmin_viewer/share/yasmin_viewer/hook/cmake_prefix_path.dsv'
[33.665s] INFO:colcon.colcon_core.shell:Creating environment hook '/home/rosbuntu/Desktop/state_machine_ws/install/yasmin_viewer/share/yasmin_viewer/hook/cmake_prefix_path.sh'
[33.666s] Level 1:colcon.colcon_core.environment:checking '/home/rosbuntu/Desktop/state_machine_ws/install/yasmin_viewer/lib'
[33.666s] Level 1:colcon.colcon_core.environment:checking '/home/rosbuntu/Desktop/state_machine_ws/install/yasmin_viewer/bin'
[33.666s] Level 1:colcon.colcon_core.environment:checking '/home/rosbuntu/Desktop/state_machine_ws/install/yasmin_viewer/lib/pkgconfig/yasmin_viewer.pc'
[33.667s] Level 1:colcon.colcon_core.environment:checking '/home/rosbuntu/Desktop/state_machine_ws/install/yasmin_viewer/lib/python3.10/site-packages'
[33.667s] Level 1:colcon.colcon_core.environment:checking '/home/rosbuntu/Desktop/state_machine_ws/install/yasmin_viewer/bin'
[33.667s] INFO:colcon.colcon_core.shell:Creating package script '/home/rosbuntu/Desktop/state_machine_ws/install/yasmin_viewer/share/yasmin_viewer/package.ps1'
[33.668s] INFO:colcon.colcon_core.shell:Creating package descriptor '/home/rosbuntu/Desktop/state_machine_ws/install/yasmin_viewer/share/yasmin_viewer/package.dsv'
[33.669s] INFO:colcon.colcon_core.shell:Creating package script '/home/rosbuntu/Desktop/state_machine_ws/install/yasmin_viewer/share/yasmin_viewer/package.sh'
[33.670s] INFO:colcon.colcon_core.shell:Creating package script '/home/rosbuntu/Desktop/state_machine_ws/install/yasmin_viewer/share/yasmin_viewer/package.bash'
[33.672s] INFO:colcon.colcon_core.shell:Creating package script '/home/rosbuntu/Desktop/state_machine_ws/install/yasmin_viewer/share/yasmin_viewer/package.zsh'
[33.673s] Level 1:colcon.colcon_core.environment:create_file_with_runtime_dependencies(/home/rosbuntu/Desktop/state_machine_ws/install/yasmin_viewer/share/colcon-core/packages/yasmin_viewer)
[33.674s] INFO:colcon.colcon_ros.task.ament_cmake.build:Building ROS package in '/home/rosbuntu/Desktop/state_machine_ws/src/yasmin/yasmin_demos' with build type 'ament_cmake'
[33.674s] INFO:colcon.colcon_cmake.task.cmake.build:Building CMake package in '/home/rosbuntu/Desktop/state_machine_ws/src/yasmin/yasmin_demos'
[33.674s] INFO:colcon.colcon_core.shell:Skip shell extension 'powershell' for command environment: Not usable outside of PowerShell
[33.675s] DEBUG:colcon.colcon_core.shell:Skip shell extension 'dsv' for command environment
[33.723s] DEBUG:colcon.colcon_core.event_handler.log_command:Invoking command in '/home/rosbuntu/Desktop/state_machine_ws/build/yasmin_demos': AMENT_PREFIX_PATH=/home/rosbuntu/Desktop/state_machine_ws/install/yasmin_viewer:/home/rosbuntu/Desktop/state_machine_ws/install/yasmin_ros:/home/rosbuntu/Desktop/state_machine_ws/install/yasmin_msgs:/home/rosbuntu/Desktop/state_machine_ws/install/yasmin:${AMENT_PREFIX_PATH} CMAKE_PREFIX_PATH=/home/rosbuntu/Desktop/state_machine_ws/install/yasmin_viewer:/home/rosbuntu/Desktop/state_machine_ws/install/yasmin_ros:/home/rosbuntu/Desktop/state_machine_ws/install/yasmin_msgs:/home/rosbuntu/Desktop/state_machine_ws/install/yasmin:/opt/ros/humble LD_LIBRARY_PATH=/home/rosbuntu/Desktop/state_machine_ws/install/yasmin_viewer/lib:/home/rosbuntu/Desktop/state_machine_ws/install/yasmin_ros/lib:/home/rosbuntu/Desktop/state_machine_ws/install/yasmin_msgs/lib:/home/rosbuntu/Desktop/state_machine_ws/install/yasmin/lib:${LD_LIBRARY_PATH} PYTHONPATH=/home/rosbuntu/Desktop/state_machine_ws/install/yasmin_viewer/local/lib/python3.10/dist-packages:/home/rosbuntu/Desktop/state_machine_ws/install/yasmin_ros/local/lib/python3.10/dist-packages:/home/rosbuntu/Desktop/state_machine_ws/install/yasmin_msgs/local/lib/python3.10/dist-packages:/home/rosbuntu/Desktop/state_machine_ws/install/yasmin/local/lib/python3.10/dist-packages:${PYTHONPATH} /usr/bin/cmake /home/rosbuntu/Desktop/state_machine_ws/src/yasmin/yasmin_demos -DCMAKE_INSTALL_PREFIX=/home/rosbuntu/Desktop/state_machine_ws/install/yasmin_demos
[36.543s] DEBUG:colcon.colcon_core.event_handler.log_command:Invoked command in '/home/rosbuntu/Desktop/state_machine_ws/build/yasmin_demos' returned '0': AMENT_PREFIX_PATH=/home/rosbuntu/Desktop/state_machine_ws/install/yasmin_viewer:/home/rosbuntu/Desktop/state_machine_ws/install/yasmin_ros:/home/rosbuntu/Desktop/state_machine_ws/install/yasmin_msgs:/home/rosbuntu/Desktop/state_machine_ws/install/yasmin:${AMENT_PREFIX_PATH} CMAKE_PREFIX_PATH=/home/rosbuntu/Desktop/state_machine_ws/install/yasmin_viewer:/home/rosbuntu/Desktop/state_machine_ws/install/yasmin_ros:/home/rosbuntu/Desktop/state_machine_ws/install/yasmin_msgs:/home/rosbuntu/Desktop/state_machine_ws/install/yasmin:/opt/ros/humble LD_LIBRARY_PATH=/home/rosbuntu/Desktop/state_machine_ws/install/yasmin_viewer/lib:/home/rosbuntu/Desktop/state_machine_ws/install/yasmin_ros/lib:/home/rosbuntu/Desktop/state_machine_ws/install/yasmin_msgs/lib:/home/rosbuntu/Desktop/state_machine_ws/install/yasmin/lib:${LD_LIBRARY_PATH} PYTHONPATH=/home/rosbuntu/Desktop/state_machine_ws/install/yasmin_viewer/local/lib/python3.10/dist-packages:/home/rosbuntu/Desktop/state_machine_ws/install/yasmin_ros/local/lib/python3.10/dist-packages:/home/rosbuntu/Desktop/state_machine_ws/install/yasmin_msgs/local/lib/python3.10/dist-packages:/home/rosbuntu/Desktop/state_machine_ws/install/yasmin/local/lib/python3.10/dist-packages:${PYTHONPATH} /usr/bin/cmake /home/rosbuntu/Desktop/state_machine_ws/src/yasmin/yasmin_demos -DCMAKE_INSTALL_PREFIX=/home/rosbuntu/Desktop/state_machine_ws/install/yasmin_demos
[36.547s] DEBUG:colcon.colcon_core.event_handler.log_command:Invoking command in '/home/rosbuntu/Desktop/state_machine_ws/build/yasmin_demos': AMENT_PREFIX_PATH=/home/rosbuntu/Desktop/state_machine_ws/install/yasmin_viewer:/home/rosbuntu/Desktop/state_machine_ws/install/yasmin_ros:/home/rosbuntu/Desktop/state_machine_ws/install/yasmin_msgs:/home/rosbuntu/Desktop/state_machine_ws/install/yasmin:${AMENT_PREFIX_PATH} CMAKE_PREFIX_PATH=/home/rosbuntu/Desktop/state_machine_ws/install/yasmin_viewer:/home/rosbuntu/Desktop/state_machine_ws/install/yasmin_ros:/home/rosbuntu/Desktop/state_machine_ws/install/yasmin_msgs:/home/rosbuntu/Desktop/state_machine_ws/install/yasmin:/opt/ros/humble LD_LIBRARY_PATH=/home/rosbuntu/Desktop/state_machine_ws/install/yasmin_viewer/lib:/home/rosbuntu/Desktop/state_machine_ws/install/yasmin_ros/lib:/home/rosbuntu/Desktop/state_machine_ws/install/yasmin_msgs/lib:/home/rosbuntu/Desktop/state_machine_ws/install/yasmin/lib:${LD_LIBRARY_PATH} PYTHONPATH=/home/rosbuntu/Desktop/state_machine_ws/install/yasmin_viewer/local/lib/python3.10/dist-packages:/home/rosbuntu/Desktop/state_machine_ws/install/yasmin_ros/local/lib/python3.10/dist-packages:/home/rosbuntu/Desktop/state_machine_ws/install/yasmin_msgs/local/lib/python3.10/dist-packages:/home/rosbuntu/Desktop/state_machine_ws/install/yasmin/local/lib/python3.10/dist-packages:${PYTHONPATH} /usr/bin/cmake --build /home/rosbuntu/Desktop/state_machine_ws/build/yasmin_demos -- -j4 -l4
[50.885s] DEBUG:colcon.colcon_core.event_handler.log_command:Invoked command in '/home/rosbuntu/Desktop/state_machine_ws/build/yasmin_demos' returned '0': AMENT_PREFIX_PATH=/home/rosbuntu/Desktop/state_machine_ws/install/yasmin_viewer:/home/rosbuntu/Desktop/state_machine_ws/install/yasmin_ros:/home/rosbuntu/Desktop/state_machine_ws/install/yasmin_msgs:/home/rosbuntu/Desktop/state_machine_ws/install/yasmin:${AMENT_PREFIX_PATH} CMAKE_PREFIX_PATH=/home/rosbuntu/Desktop/state_machine_ws/install/yasmin_viewer:/home/rosbuntu/Desktop/state_machine_ws/install/yasmin_ros:/home/rosbuntu/Desktop/state_machine_ws/install/yasmin_msgs:/home/rosbuntu/Desktop/state_machine_ws/install/yasmin:/opt/ros/humble LD_LIBRARY_PATH=/home/rosbuntu/Desktop/state_machine_ws/install/yasmin_viewer/lib:/home/rosbuntu/Desktop/state_machine_ws/install/yasmin_ros/lib:/home/rosbuntu/Desktop/state_machine_ws/install/yasmin_msgs/lib:/home/rosbuntu/Desktop/state_machine_ws/install/yasmin/lib:${LD_LIBRARY_PATH} PYTHONPATH=/home/rosbuntu/Desktop/state_machine_ws/install/yasmin_viewer/local/lib/python3.10/dist-packages:/home/rosbuntu/Desktop/state_machine_ws/install/yasmin_ros/local/lib/python3.10/dist-packages:/home/rosbuntu/Desktop/state_machine_ws/install/yasmin_msgs/local/lib/python3.10/dist-packages:/home/rosbuntu/Desktop/state_machine_ws/install/yasmin/local/lib/python3.10/dist-packages:${PYTHONPATH} /usr/bin/cmake --build /home/rosbuntu/Desktop/state_machine_ws/build/yasmin_demos -- -j4 -l4
[50.986s] DEBUG:colcon.colcon_core.event_handler.log_command:Invoking command in '/home/rosbuntu/Desktop/state_machine_ws/build/yasmin_demos': AMENT_PREFIX_PATH=/home/rosbuntu/Desktop/state_machine_ws/install/yasmin_viewer:/home/rosbuntu/Desktop/state_machine_ws/install/yasmin_ros:/home/rosbuntu/Desktop/state_machine_ws/install/yasmin_msgs:/home/rosbuntu/Desktop/state_machine_ws/install/yasmin:${AMENT_PREFIX_PATH} CMAKE_PREFIX_PATH=/home/rosbuntu/Desktop/state_machine_ws/install/yasmin_viewer:/home/rosbuntu/Desktop/state_machine_ws/install/yasmin_ros:/home/rosbuntu/Desktop/state_machine_ws/install/yasmin_msgs:/home/rosbuntu/Desktop/state_machine_ws/install/yasmin:/opt/ros/humble LD_LIBRARY_PATH=/home/rosbuntu/Desktop/state_machine_ws/install/yasmin_viewer/lib:/home/rosbuntu/Desktop/state_machine_ws/install/yasmin_ros/lib:/home/rosbuntu/Desktop/state_machine_ws/install/yasmin_msgs/lib:/home/rosbuntu/Desktop/state_machine_ws/install/yasmin/lib:${LD_LIBRARY_PATH} PYTHONPATH=/home/rosbuntu/Desktop/state_machine_ws/install/yasmin_viewer/local/lib/python3.10/dist-packages:/home/rosbuntu/Desktop/state_machine_ws/install/yasmin_ros/local/lib/python3.10/dist-packages:/home/rosbuntu/Desktop/state_machine_ws/install/yasmin_msgs/local/lib/python3.10/dist-packages:/home/rosbuntu/Desktop/state_machine_ws/install/yasmin/local/lib/python3.10/dist-packages:${PYTHONPATH} /usr/bin/cmake --install /home/rosbuntu/Desktop/state_machine_ws/build/yasmin_demos
[51.085s] Level 1:colcon.colcon_core.environment:create_environment_scripts_only(yasmin_demos)
[51.086s] Level 1:colcon.colcon_core.environment:checking '/home/rosbuntu/Desktop/state_machine_ws/install/yasmin_demos' for CMake module files
[51.087s] DEBUG:colcon.colcon_core.event_handler.log_command:Invoked command in '/home/rosbuntu/Desktop/state_machine_ws/build/yasmin_demos' returned '0': AMENT_PREFIX_PATH=/home/rosbuntu/Desktop/state_machine_ws/install/yasmin_viewer:/home/rosbuntu/Desktop/state_machine_ws/install/yasmin_ros:/home/rosbuntu/Desktop/state_machine_ws/install/yasmin_msgs:/home/rosbuntu/Desktop/state_machine_ws/install/yasmin:${AMENT_PREFIX_PATH} CMAKE_PREFIX_PATH=/home/rosbuntu/Desktop/state_machine_ws/install/yasmin_viewer:/home/rosbuntu/Desktop/state_machine_ws/install/yasmin_ros:/home/rosbuntu/Desktop/state_machine_ws/install/yasmin_msgs:/home/rosbuntu/Desktop/state_machine_ws/install/yasmin:/opt/ros/humble LD_LIBRARY_PATH=/home/rosbuntu/Desktop/state_machine_ws/install/yasmin_viewer/lib:/home/rosbuntu/Desktop/state_machine_ws/install/yasmin_ros/lib:/home/rosbuntu/Desktop/state_machine_ws/install/yasmin_msgs/lib:/home/rosbuntu/Desktop/state_machine_ws/install/yasmin/lib:${LD_LIBRARY_PATH} PYTHONPATH=/home/rosbuntu/Desktop/state_machine_ws/install/yasmin_viewer/local/lib/python3.10/dist-packages:/home/rosbuntu/Desktop/state_machine_ws/install/yasmin_ros/local/lib/python3.10/dist-packages:/home/rosbuntu/Desktop/state_machine_ws/install/yasmin_msgs/local/lib/python3.10/dist-packages:/home/rosbuntu/Desktop/state_machine_ws/install/yasmin/local/lib/python3.10/dist-packages:${PYTHONPATH} /usr/bin/cmake --install /home/rosbuntu/Desktop/state_machine_ws/build/yasmin_demos
[51.088s] Level 1:colcon.colcon_core.environment:checking '/home/rosbuntu/Desktop/state_machine_ws/install/yasmin_demos' for CMake config files
[51.088s] Level 1:colcon.colcon_core.shell:create_environment_hook('yasmin_demos', 'cmake_prefix_path')
[51.089s] INFO:colcon.colcon_core.shell:Creating environment hook '/home/rosbuntu/Desktop/state_machine_ws/install/yasmin_demos/share/yasmin_demos/hook/cmake_prefix_path.ps1'
[51.090s] INFO:colcon.colcon_core.shell:Creating environment descriptor '/home/rosbuntu/Desktop/state_machine_ws/install/yasmin_demos/share/yasmin_demos/hook/cmake_prefix_path.dsv'
[51.090s] INFO:colcon.colcon_core.shell:Creating environment hook '/home/rosbuntu/Desktop/state_machine_ws/install/yasmin_demos/share/yasmin_demos/hook/cmake_prefix_path.sh'
[51.092s] Level 1:colcon.colcon_core.environment:checking '/home/rosbuntu/Desktop/state_machine_ws/install/yasmin_demos/lib'
[51.092s] Level 1:colcon.colcon_core.environment:checking '/home/rosbuntu/Desktop/state_machine_ws/install/yasmin_demos/bin'
[51.092s] Level 1:colcon.colcon_core.environment:checking '/home/rosbuntu/Desktop/state_machine_ws/install/yasmin_demos/lib/pkgconfig/yasmin_demos.pc'
[51.092s] Level 1:colcon.colcon_core.environment:checking '/home/rosbuntu/Desktop/state_machine_ws/install/yasmin_demos/lib/python3.10/site-packages'
[51.092s] Level 1:colcon.colcon_core.environment:checking '/home/rosbuntu/Desktop/state_machine_ws/install/yasmin_demos/bin'
[51.093s] INFO:colcon.colcon_core.shell:Creating package script '/home/rosbuntu/Desktop/state_machine_ws/install/yasmin_demos/share/yasmin_demos/package.ps1'
[51.094s] INFO:colcon.colcon_core.shell:Creating package descriptor '/home/rosbuntu/Desktop/state_machine_ws/install/yasmin_demos/share/yasmin_demos/package.dsv'
[51.095s] INFO:colcon.colcon_core.shell:Creating package script '/home/rosbuntu/Desktop/state_machine_ws/install/yasmin_demos/share/yasmin_demos/package.sh'
[51.095s] INFO:colcon.colcon_core.shell:Creating package script '/home/rosbuntu/Desktop/state_machine_ws/install/yasmin_demos/share/yasmin_demos/package.bash'
[51.096s] INFO:colcon.colcon_core.shell:Creating package script '/home/rosbuntu/Desktop/state_machine_ws/install/yasmin_demos/share/yasmin_demos/package.zsh'
[51.097s] Level 1:colcon.colcon_core.environment:create_file_with_runtime_dependencies(/home/rosbuntu/Desktop/state_machine_ws/install/yasmin_demos/share/colcon-core/packages/yasmin_demos)
[51.197s] Level 1:colcon.colcon_core.environment:create_environment_scripts_only(yasmin_demos)
[51.198s] Level 1:colcon.colcon_core.environment:checking '/home/rosbuntu/Desktop/state_machine_ws/install/yasmin_demos' for CMake module files
[51.199s] Level 1:colcon.colcon_core.environment:checking '/home/rosbuntu/Desktop/state_machine_ws/install/yasmin_demos' for CMake config files
[51.200s] Level 1:colcon.colcon_core.shell:create_environment_hook('yasmin_demos', 'cmake_prefix_path')
[51.200s] INFO:colcon.colcon_core.shell:Creating environment hook '/home/rosbuntu/Desktop/state_machine_ws/install/yasmin_demos/share/yasmin_demos/hook/cmake_prefix_path.ps1'
[51.201s] INFO:colcon.colcon_core.shell:Creating environment descriptor '/home/rosbuntu/Desktop/state_machine_ws/install/yasmin_demos/share/yasmin_demos/hook/cmake_prefix_path.dsv'
[51.202s] INFO:colcon.colcon_core.shell:Creating environment hook '/home/rosbuntu/Desktop/state_machine_ws/install/yasmin_demos/share/yasmin_demos/hook/cmake_prefix_path.sh'
[51.204s] Level 1:colcon.colcon_core.environment:checking '/home/rosbuntu/Desktop/state_machine_ws/install/yasmin_demos/lib'
[51.204s] Level 1:colcon.colcon_core.environment:checking '/home/rosbuntu/Desktop/state_machine_ws/install/yasmin_demos/bin'
[51.204s] Level 1:colcon.colcon_core.environment:checking '/home/rosbuntu/Desktop/state_machine_ws/install/yasmin_demos/lib/pkgconfig/yasmin_demos.pc'
[51.204s] Level 1:colcon.colcon_core.environment:checking '/home/rosbuntu/Desktop/state_machine_ws/install/yasmin_demos/lib/python3.10/site-packages'
[51.205s] Level 1:colcon.colcon_core.environment:checking '/home/rosbuntu/Desktop/state_machine_ws/install/yasmin_demos/bin'
[51.205s] INFO:colcon.colcon_core.shell:Creating package script '/home/rosbuntu/Desktop/state_machine_ws/install/yasmin_demos/share/yasmin_demos/package.ps1'
[51.206s] INFO:colcon.colcon_core.shell:Creating package descriptor '/home/rosbuntu/Desktop/state_machine_ws/install/yasmin_demos/share/yasmin_demos/package.dsv'
[51.207s] INFO:colcon.colcon_core.shell:Creating package script '/home/rosbuntu/Desktop/state_machine_ws/install/yasmin_demos/share/yasmin_demos/package.sh'
[51.208s] INFO:colcon.colcon_core.shell:Creating package script '/home/rosbuntu/Desktop/state_machine_ws/install/yasmin_demos/share/yasmin_demos/package.bash'
[51.210s] INFO:colcon.colcon_core.shell:Creating package script '/home/rosbuntu/Desktop/state_machine_ws/install/yasmin_demos/share/yasmin_demos/package.zsh'
[51.211s] Level 1:colcon.colcon_core.environment:create_file_with_runtime_dependencies(/home/rosbuntu/Desktop/state_machine_ws/install/yasmin_demos/share/colcon-core/packages/yasmin_demos)
[51.212s] DEBUG:colcon.colcon_parallel_executor.executor.parallel:closing loop
[51.213s] DEBUG:colcon.colcon_parallel_executor.executor.parallel:loop closed
[51.213s] DEBUG:colcon.colcon_parallel_executor.executor.parallel:run_until_complete finished with '0'
[51.214s] DEBUG:colcon.colcon_core.event_reactor:joining thread
[51.223s] INFO:colcon.colcon_core.plugin_system:Skipping extension 'colcon_notification.desktop_notification.terminal_notifier': Not used on non-Darwin systems
[51.223s] INFO:colcon.colcon_core.plugin_system:Skipping extension 'colcon_notification.desktop_notification.win32': Not used on non-Windows systems
[51.223s] INFO:colcon.colcon_notification.desktop_notification:Sending desktop notification using 'notify2'
[51.251s] DEBUG:colcon.colcon_core.event_reactor:joined thread
[51.252s] INFO:colcon.colcon_core.shell:Creating prefix script '/home/rosbuntu/Desktop/state_machine_ws/install/local_setup.ps1'
[51.254s] INFO:colcon.colcon_core.shell:Creating prefix util module '/home/rosbuntu/Desktop/state_machine_ws/install/_local_setup_util_ps1.py'
[51.256s] INFO:colcon.colcon_core.shell:Creating prefix chain script '/home/rosbuntu/Desktop/state_machine_ws/install/setup.ps1'
[51.258s] INFO:colcon.colcon_core.shell:Creating prefix script '/home/rosbuntu/Desktop/state_machine_ws/install/local_setup.sh'
[51.259s] INFO:colcon.colcon_core.shell:Creating prefix util module '/home/rosbuntu/Desktop/state_machine_ws/install/_local_setup_util_sh.py'
[51.261s] INFO:colcon.colcon_core.shell:Creating prefix chain script '/home/rosbuntu/Desktop/state_machine_ws/install/setup.sh'
[51.262s] INFO:colcon.colcon_core.shell:Creating prefix script '/home/rosbuntu/Desktop/state_machine_ws/install/local_setup.bash'
[51.263s] INFO:colcon.colcon_core.shell:Creating prefix chain script '/home/rosbuntu/Desktop/state_machine_ws/install/setup.bash'
[51.265s] INFO:colcon.colcon_core.shell:Creating prefix script '/home/rosbuntu/Desktop/state_machine_ws/install/local_setup.zsh'
[51.266s] INFO:colcon.colcon_core.shell:Creating prefix chain script '/home/rosbuntu/Desktop/state_machine_ws/install/setup.zsh'
