-- The C compiler identification is GNU 11.4.0
-- The CXX compiler identification is GNU 11.4.0
-- Detecting C compiler ABI info
-- Detecting C compiler ABI info - done
-- Check for working C compiler: /usr/bin/cc - skipped
-- Detecting C compile features
-- Detecting C compile features - done
-- Detecting CXX compiler ABI info
-- Detecting CXX compiler ABI info - done
-- Check for working CXX compiler: /usr/bin/c++ - skipped
-- Detecting CXX compile features
-- Detecting CXX compile features - done
-- Found ament_cmake: 1.3.9 (/opt/ros/humble/share/ament_cmake/cmake)
-- Found Python3: /usr/bin/python3 (found version "3.10.12") found components: Interpreter 
-- Found ament_lint_auto: 0.12.11 (/opt/ros/humble/share/ament_lint_auto/cmake)
-- Found rosidl_default_generators: 1.2.0 (/opt/ros/humble/share/rosidl_default_generators/cmake)
-- Using all available rosidl_typesupport_c: rosidl_typesupport_fastrtps_c;rosidl_typesupport_introspection_c
-- Found rosidl_adapter: 3.1.5 (/opt/ros/humble/share/rosidl_adapter/cmake)
-- Using all available rosidl_typesupport_cpp: rosidl_typesupport_fastrtps_cpp;rosidl_typesupport_introspection_cpp
-- Found ament_cmake_ros: 0.10.0 (/opt/ros/humble/share/ament_cmake_ros/cmake)
-- Using all available rosidl_typesupport_c: rosidl_typesupport_fastrtps_c;rosidl_typesupport_introspection_c
-- Using all available rosidl_typesupport_cpp: rosidl_typesupport_fastrtps_cpp;rosidl_typesupport_introspection_cpp
-- Found PythonInterp: /usr/bin/python3 (found suitable version "3.10.12", minimum required is "3.6") 
-- Found python_cmake_module: 0.10.0 (/opt/ros/humble/share/python_cmake_module/cmake)
-- Found PythonLibs: /usr/lib/x86_64-linux-gnu/libpython3.10.so (found suitable version "3.10.12", minimum required is "3.5") 
-- Using PYTHON_EXECUTABLE: /usr/bin/python3
-- Using PYTHON_INCLUDE_DIRS: /usr/include/python3.10
-- Using PYTHON_LIBRARIES: /usr/lib/x86_64-linux-gnu/libpython3.10.so
-- Found PythonExtra: .so  
-- Added test 'copyright' to check source files copyright and LICENSE
-- Added test 'lint_cmake' to check CMake code style
-- Added test 'xmllint' to check XML markup files
-- Configuring done
-- Generating done
-- Build files have been written to: /home/rosbuntu/Desktop/state_machine_ws/build/yasmin_msgs
[  2%] [34m[1mGenerating C code for ROS interfaces[0m
[  4%] [34m[1mGenerating C++ code for ROS interfaces[0m
[  4%] Built target ament_cmake_python_copy_yasmin_msgs
running egg_info
creating yasmin_msgs.egg-info
writing yasmin_msgs.egg-info/PKG-INFO
writing dependency_links to yasmin_msgs.egg-info/dependency_links.txt
writing top-level names to yasmin_msgs.egg-info/top_level.txt
writing manifest file 'yasmin_msgs.egg-info/SOURCES.txt'
reading manifest file 'yasmin_msgs.egg-info/SOURCES.txt'
writing manifest file 'yasmin_msgs.egg-info/SOURCES.txt'
[  4%] Built target ament_cmake_python_build_yasmin_msgs_egg
[  4%] Built target yasmin_msgs__cpp
[  6%] [34m[1mGenerating C++ type support for eProsima Fast-RTPS[0m
[  8%] [34m[1mGenerating C++ introspection for ROS interfaces[0m
[ 10%] [34m[1mGenerating C++ type support dispatch for ROS interfaces[0m
[ 12%] [32mBuilding C object CMakeFiles/yasmin_msgs__rosidl_generator_c.dir/rosidl_generator_c/yasmin_msgs/msg/detail/state__functions.c.o[0m
[ 14%] [32mBuilding C object CMakeFiles/yasmin_msgs__rosidl_generator_c.dir/rosidl_generator_c/yasmin_msgs/msg/detail/transition__functions.c.o[0m
[ 17%] [32mBuilding C object CMakeFiles/yasmin_msgs__rosidl_generator_c.dir/rosidl_generator_c/yasmin_msgs/msg/detail/state_machine__functions.c.o[0m
[ 19%] [32m[1mLinking C shared library libyasmin_msgs__rosidl_generator_c.so[0m
[ 21%] [32mBuilding CXX object CMakeFiles/yasmin_msgs__rosidl_typesupport_cpp.dir/rosidl_typesupport_cpp/yasmin_msgs/msg/state__type_support.cpp.o[0m
[ 21%] Built target yasmin_msgs__rosidl_generator_c
[ 23%] [34m[1mGenerating C type support for eProsima Fast-RTPS[0m
[ 25%] [32mBuilding CXX object CMakeFiles/yasmin_msgs__rosidl_typesupport_introspection_cpp.dir/rosidl_typesupport_introspection_cpp/yasmin_msgs/msg/detail/state__type_support.cpp.o[0m
[ 27%] [32mBuilding CXX object CMakeFiles/yasmin_msgs__rosidl_typesupport_fastrtps_cpp.dir/rosidl_typesupport_fastrtps_cpp/yasmin_msgs/msg/detail/dds_fastrtps/state__type_support.cpp.o[0m
[ 29%] [32mBuilding CXX object CMakeFiles/yasmin_msgs__rosidl_typesupport_cpp.dir/rosidl_typesupport_cpp/yasmin_msgs/msg/transition__type_support.cpp.o[0m
[ 31%] [32mBuilding CXX object CMakeFiles/yasmin_msgs__rosidl_typesupport_fastrtps_c.dir/rosidl_typesupport_fastrtps_c/yasmin_msgs/msg/detail/state__type_support_c.cpp.o[0m
[ 34%] [32mBuilding CXX object CMakeFiles/yasmin_msgs__rosidl_typesupport_introspection_cpp.dir/rosidl_typesupport_introspection_cpp/yasmin_msgs/msg/detail/transition__type_support.cpp.o[0m
[ 36%] [32mBuilding CXX object CMakeFiles/yasmin_msgs__rosidl_typesupport_cpp.dir/rosidl_typesupport_cpp/yasmin_msgs/msg/state_machine__type_support.cpp.o[0m
[ 38%] [32mBuilding CXX object CMakeFiles/yasmin_msgs__rosidl_typesupport_fastrtps_c.dir/rosidl_typesupport_fastrtps_c/yasmin_msgs/msg/detail/transition__type_support_c.cpp.o[0m
[ 40%] [32mBuilding CXX object CMakeFiles/yasmin_msgs__rosidl_typesupport_fastrtps_cpp.dir/rosidl_typesupport_fastrtps_cpp/yasmin_msgs/msg/detail/dds_fastrtps/transition__type_support.cpp.o[0m
[ 42%] [32m[1mLinking CXX shared library libyasmin_msgs__rosidl_typesupport_cpp.so[0m
[ 44%] [32mBuilding CXX object CMakeFiles/yasmin_msgs__rosidl_typesupport_introspection_cpp.dir/rosidl_typesupport_introspection_cpp/yasmin_msgs/msg/detail/state_machine__type_support.cpp.o[0m
[ 44%] Built target yasmin_msgs__rosidl_typesupport_cpp
[ 46%] [34m[1mGenerating C introspection for ROS interfaces[0m
[ 48%] [32mBuilding CXX object CMakeFiles/yasmin_msgs__rosidl_typesupport_fastrtps_c.dir/rosidl_typesupport_fastrtps_c/yasmin_msgs/msg/detail/state_machine__type_support_c.cpp.o[0m
[ 51%] [32mBuilding CXX object CMakeFiles/yasmin_msgs__rosidl_typesupport_fastrtps_cpp.dir/rosidl_typesupport_fastrtps_cpp/yasmin_msgs/msg/detail/dds_fastrtps/state_machine__type_support.cpp.o[0m
[ 53%] [32m[1mLinking CXX shared library libyasmin_msgs__rosidl_typesupport_fastrtps_c.so[0m
[ 55%] [32mBuilding C object CMakeFiles/yasmin_msgs__rosidl_typesupport_introspection_c.dir/rosidl_typesupport_introspection_c/yasmin_msgs/msg/detail/state__type_support.c.o[0m
[ 55%] Built target yasmin_msgs__rosidl_typesupport_fastrtps_c
[ 57%] [34m[1mGenerating C type support dispatch for ROS interfaces[0m
[ 59%] [32m[1mLinking CXX shared library libyasmin_msgs__rosidl_typesupport_introspection_cpp.so[0m
[ 61%] [32mBuilding C object CMakeFiles/yasmin_msgs__rosidl_typesupport_introspection_c.dir/rosidl_typesupport_introspection_c/yasmin_msgs/msg/detail/transition__type_support.c.o[0m
[ 63%] [32mBuilding C object CMakeFiles/yasmin_msgs__rosidl_typesupport_introspection_c.dir/rosidl_typesupport_introspection_c/yasmin_msgs/msg/detail/state_machine__type_support.c.o[0m
[ 65%] [32m[1mLinking C shared library libyasmin_msgs__rosidl_typesupport_introspection_c.so[0m
[ 65%] Built target yasmin_msgs__rosidl_typesupport_introspection_c
[ 65%] Built target yasmin_msgs__rosidl_typesupport_introspection_cpp
[ 68%] [32m[1mLinking CXX shared library libyasmin_msgs__rosidl_typesupport_fastrtps_cpp.so[0m
[ 68%] Built target yasmin_msgs__rosidl_typesupport_fastrtps_cpp
[ 70%] [32mBuilding CXX object CMakeFiles/yasmin_msgs__rosidl_typesupport_c.dir/rosidl_typesupport_c/yasmin_msgs/msg/transition__type_support.cpp.o[0m
[ 72%] [32mBuilding CXX object CMakeFiles/yasmin_msgs__rosidl_typesupport_c.dir/rosidl_typesupport_c/yasmin_msgs/msg/state_machine__type_support.cpp.o[0m
[ 74%] [32mBuilding CXX object CMakeFiles/yasmin_msgs__rosidl_typesupport_c.dir/rosidl_typesupport_c/yasmin_msgs/msg/state__type_support.cpp.o[0m
[ 76%] [32m[1mLinking CXX shared library libyasmin_msgs__rosidl_typesupport_c.so[0m
[ 76%] Built target yasmin_msgs__rosidl_typesupport_c
[ 76%] Built target yasmin_msgs
[ 78%] [34m[1mGenerating Python code for ROS interfaces[0m
[ 78%] Built target yasmin_msgs__py
[ 80%] [32mBuilding C object CMakeFiles/yasmin_msgs__rosidl_generator_py.dir/rosidl_generator_py/yasmin_msgs/msg/_state_s.c.o[0m
[ 82%] [32mBuilding C object CMakeFiles/yasmin_msgs__rosidl_generator_py.dir/rosidl_generator_py/yasmin_msgs/msg/_transition_s.c.o[0m
[ 85%] [32mBuilding C object CMakeFiles/yasmin_msgs__rosidl_generator_py.dir/rosidl_generator_py/yasmin_msgs/msg/_state_machine_s.c.o[0m
[ 87%] [32m[1mLinking C shared library rosidl_generator_py/yasmin_msgs/libyasmin_msgs__rosidl_generator_py.so[0m
[ 87%] Built target yasmin_msgs__rosidl_generator_py
[ 89%] [32mBuilding C object CMakeFiles/yasmin_msgs__rosidl_typesupport_fastrtps_c__pyext.dir/rosidl_generator_py/yasmin_msgs/_yasmin_msgs_s.ep.rosidl_typesupport_fastrtps_c.c.o[0m
[ 91%] [32mBuilding C object CMakeFiles/yasmin_msgs__rosidl_typesupport_c__pyext.dir/rosidl_generator_py/yasmin_msgs/_yasmin_msgs_s.ep.rosidl_typesupport_c.c.o[0m
[ 93%] [32mBuilding C object CMakeFiles/yasmin_msgs__rosidl_typesupport_introspection_c__pyext.dir/rosidl_generator_py/yasmin_msgs/_yasmin_msgs_s.ep.rosidl_typesupport_introspection_c.c.o[0m
[ 95%] [32m[1mLinking C shared library rosidl_generator_py/yasmin_msgs/yasmin_msgs_s__rosidl_typesupport_fastrtps_c.cpython-310-x86_64-linux-gnu.so[0m
[ 97%] [32m[1mLinking C shared library rosidl_generator_py/yasmin_msgs/yasmin_msgs_s__rosidl_typesupport_c.cpython-310-x86_64-linux-gnu.so[0m
[100%] [32m[1mLinking C shared library rosidl_generator_py/yasmin_msgs/yasmin_msgs_s__rosidl_typesupport_introspection_c.cpython-310-x86_64-linux-gnu.so[0m
[100%] Built target yasmin_msgs__rosidl_typesupport_fastrtps_c__pyext
[100%] Built target yasmin_msgs__rosidl_typesupport_c__pyext
[100%] Built target yasmin_msgs__rosidl_typesupport_introspection_c__pyext
-- Install configuration: ""
-- Installing: /home/rosbuntu/Desktop/state_machine_ws/install/yasmin_msgs/share/ament_index/resource_index/rosidl_interfaces/yasmin_msgs
-- Installing: /home/rosbuntu/Desktop/state_machine_ws/install/yasmin_msgs/include/yasmin_msgs/yasmin_msgs
-- Installing: /home/rosbuntu/Desktop/state_machine_ws/install/yasmin_msgs/include/yasmin_msgs/yasmin_msgs/msg
-- Installing: /home/rosbuntu/Desktop/state_machine_ws/install/yasmin_msgs/include/yasmin_msgs/yasmin_msgs/msg/rosidl_generator_c__visibility_control.h
-- Installing: /home/rosbuntu/Desktop/state_machine_ws/install/yasmin_msgs/include/yasmin_msgs/yasmin_msgs/msg/detail
-- Installing: /home/rosbuntu/Desktop/state_machine_ws/install/yasmin_msgs/include/yasmin_msgs/yasmin_msgs/msg/detail/state__type_support.h
-- Installing: /home/rosbuntu/Desktop/state_machine_ws/install/yasmin_msgs/include/yasmin_msgs/yasmin_msgs/msg/detail/transition__struct.h
-- Installing: /home/rosbuntu/Desktop/state_machine_ws/install/yasmin_msgs/include/yasmin_msgs/yasmin_msgs/msg/detail/state__functions.h
-- Installing: /home/rosbuntu/Desktop/state_machine_ws/install/yasmin_msgs/include/yasmin_msgs/yasmin_msgs/msg/detail/transition__functions.c
-- Installing: /home/rosbuntu/Desktop/state_machine_ws/install/yasmin_msgs/include/yasmin_msgs/yasmin_msgs/msg/detail/state_machine__functions.h
-- Installing: /home/rosbuntu/Desktop/state_machine_ws/install/yasmin_msgs/include/yasmin_msgs/yasmin_msgs/msg/detail/state_machine__type_support.h
-- Installing: /home/rosbuntu/Desktop/state_machine_ws/install/yasmin_msgs/include/yasmin_msgs/yasmin_msgs/msg/detail/transition__type_support.h
-- Installing: /home/rosbuntu/Desktop/state_machine_ws/install/yasmin_msgs/include/yasmin_msgs/yasmin_msgs/msg/detail/state__struct.h
-- Installing: /home/rosbuntu/Desktop/state_machine_ws/install/yasmin_msgs/include/yasmin_msgs/yasmin_msgs/msg/detail/state_machine__functions.c
-- Installing: /home/rosbuntu/Desktop/state_machine_ws/install/yasmin_msgs/include/yasmin_msgs/yasmin_msgs/msg/detail/state__functions.c
-- Installing: /home/rosbuntu/Desktop/state_machine_ws/install/yasmin_msgs/include/yasmin_msgs/yasmin_msgs/msg/detail/transition__functions.h
-- Installing: /home/rosbuntu/Desktop/state_machine_ws/install/yasmin_msgs/include/yasmin_msgs/yasmin_msgs/msg/detail/state_machine__struct.h
-- Installing: /home/rosbuntu/Desktop/state_machine_ws/install/yasmin_msgs/include/yasmin_msgs/yasmin_msgs/msg/state_machine.h
-- Installing: /home/rosbuntu/Desktop/state_machine_ws/install/yasmin_msgs/include/yasmin_msgs/yasmin_msgs/msg/state.h
-- Installing: /home/rosbuntu/Desktop/state_machine_ws/install/yasmin_msgs/include/yasmin_msgs/yasmin_msgs/msg/transition.h
-- Installing: /home/rosbuntu/Desktop/state_machine_ws/install/yasmin_msgs/share/yasmin_msgs/environment/library_path.sh
-- Installing: /home/rosbuntu/Desktop/state_machine_ws/install/yasmin_msgs/share/yasmin_msgs/environment/library_path.dsv
-- Installing: /home/rosbuntu/Desktop/state_machine_ws/install/yasmin_msgs/lib/libyasmin_msgs__rosidl_generator_c.so
-- Set runtime path of "/home/rosbuntu/Desktop/state_machine_ws/install/yasmin_msgs/lib/libyasmin_msgs__rosidl_generator_c.so" to ""
-- Up-to-date: /home/rosbuntu/Desktop/state_machine_ws/install/yasmin_msgs/include/yasmin_msgs/yasmin_msgs
-- Up-to-date: /home/rosbuntu/Desktop/state_machine_ws/install/yasmin_msgs/include/yasmin_msgs/yasmin_msgs/msg
-- Up-to-date: /home/rosbuntu/Desktop/state_machine_ws/install/yasmin_msgs/include/yasmin_msgs/yasmin_msgs/msg/detail
-- Installing: /home/rosbuntu/Desktop/state_machine_ws/install/yasmin_msgs/include/yasmin_msgs/yasmin_msgs/msg/detail/transition__rosidl_typesupport_fastrtps_c.h
-- Installing: /home/rosbuntu/Desktop/state_machine_ws/install/yasmin_msgs/include/yasmin_msgs/yasmin_msgs/msg/detail/state_machine__rosidl_typesupport_fastrtps_c.h
-- Installing: /home/rosbuntu/Desktop/state_machine_ws/install/yasmin_msgs/include/yasmin_msgs/yasmin_msgs/msg/detail/state__rosidl_typesupport_fastrtps_c.h
-- Installing: /home/rosbuntu/Desktop/state_machine_ws/install/yasmin_msgs/include/yasmin_msgs/yasmin_msgs/msg/rosidl_typesupport_fastrtps_c__visibility_control.h
-- Installing: /home/rosbuntu/Desktop/state_machine_ws/install/yasmin_msgs/lib/libyasmin_msgs__rosidl_typesupport_fastrtps_c.so
-- Set runtime path of "/home/rosbuntu/Desktop/state_machine_ws/install/yasmin_msgs/lib/libyasmin_msgs__rosidl_typesupport_fastrtps_c.so" to ""
-- Up-to-date: /home/rosbuntu/Desktop/state_machine_ws/install/yasmin_msgs/include/yasmin_msgs/yasmin_msgs
-- Up-to-date: /home/rosbuntu/Desktop/state_machine_ws/install/yasmin_msgs/include/yasmin_msgs/yasmin_msgs/msg
-- Up-to-date: /home/rosbuntu/Desktop/state_machine_ws/install/yasmin_msgs/include/yasmin_msgs/yasmin_msgs/msg/detail
-- Installing: /home/rosbuntu/Desktop/state_machine_ws/install/yasmin_msgs/include/yasmin_msgs/yasmin_msgs/msg/detail/transition__type_support.c
-- Installing: /home/rosbuntu/Desktop/state_machine_ws/install/yasmin_msgs/include/yasmin_msgs/yasmin_msgs/msg/detail/state__rosidl_typesupport_introspection_c.h
-- Installing: /home/rosbuntu/Desktop/state_machine_ws/install/yasmin_msgs/include/yasmin_msgs/yasmin_msgs/msg/detail/state__type_support.c
-- Installing: /home/rosbuntu/Desktop/state_machine_ws/install/yasmin_msgs/include/yasmin_msgs/yasmin_msgs/msg/detail/transition__rosidl_typesupport_introspection_c.h
-- Installing: /home/rosbuntu/Desktop/state_machine_ws/install/yasmin_msgs/include/yasmin_msgs/yasmin_msgs/msg/detail/state_machine__rosidl_typesupport_introspection_c.h
-- Installing: /home/rosbuntu/Desktop/state_machine_ws/install/yasmin_msgs/include/yasmin_msgs/yasmin_msgs/msg/detail/state_machine__type_support.c
-- Installing: /home/rosbuntu/Desktop/state_machine_ws/install/yasmin_msgs/include/yasmin_msgs/yasmin_msgs/msg/rosidl_typesupport_introspection_c__visibility_control.h
-- Installing: /home/rosbuntu/Desktop/state_machine_ws/install/yasmin_msgs/lib/libyasmin_msgs__rosidl_typesupport_introspection_c.so
-- Set runtime path of "/home/rosbuntu/Desktop/state_machine_ws/install/yasmin_msgs/lib/libyasmin_msgs__rosidl_typesupport_introspection_c.so" to ""
-- Installing: /home/rosbuntu/Desktop/state_machine_ws/install/yasmin_msgs/lib/libyasmin_msgs__rosidl_typesupport_c.so
-- Set runtime path of "/home/rosbuntu/Desktop/state_machine_ws/install/yasmin_msgs/lib/libyasmin_msgs__rosidl_typesupport_c.so" to ""
-- Up-to-date: /home/rosbuntu/Desktop/state_machine_ws/install/yasmin_msgs/include/yasmin_msgs/yasmin_msgs
-- Up-to-date: /home/rosbuntu/Desktop/state_machine_ws/install/yasmin_msgs/include/yasmin_msgs/yasmin_msgs/msg
-- Up-to-date: /home/rosbuntu/Desktop/state_machine_ws/install/yasmin_msgs/include/yasmin_msgs/yasmin_msgs/msg/detail
-- Installing: /home/rosbuntu/Desktop/state_machine_ws/install/yasmin_msgs/include/yasmin_msgs/yasmin_msgs/msg/detail/state_machine__builder.hpp
-- Installing: /home/rosbuntu/Desktop/state_machine_ws/install/yasmin_msgs/include/yasmin_msgs/yasmin_msgs/msg/detail/state_machine__traits.hpp
-- Installing: /home/rosbuntu/Desktop/state_machine_ws/install/yasmin_msgs/include/yasmin_msgs/yasmin_msgs/msg/detail/state__struct.hpp
-- Installing: /home/rosbuntu/Desktop/state_machine_ws/install/yasmin_msgs/include/yasmin_msgs/yasmin_msgs/msg/detail/transition__traits.hpp
-- Installing: /home/rosbuntu/Desktop/state_machine_ws/install/yasmin_msgs/include/yasmin_msgs/yasmin_msgs/msg/detail/transition__builder.hpp
-- Installing: /home/rosbuntu/Desktop/state_machine_ws/install/yasmin_msgs/include/yasmin_msgs/yasmin_msgs/msg/detail/state__builder.hpp
-- Installing: /home/rosbuntu/Desktop/state_machine_ws/install/yasmin_msgs/include/yasmin_msgs/yasmin_msgs/msg/detail/transition__struct.hpp
-- Installing: /home/rosbuntu/Desktop/state_machine_ws/install/yasmin_msgs/include/yasmin_msgs/yasmin_msgs/msg/detail/state_machine__struct.hpp
-- Installing: /home/rosbuntu/Desktop/state_machine_ws/install/yasmin_msgs/include/yasmin_msgs/yasmin_msgs/msg/detail/state__traits.hpp
-- Installing: /home/rosbuntu/Desktop/state_machine_ws/install/yasmin_msgs/include/yasmin_msgs/yasmin_msgs/msg/state_machine.hpp
-- Installing: /home/rosbuntu/Desktop/state_machine_ws/install/yasmin_msgs/include/yasmin_msgs/yasmin_msgs/msg/transition.hpp
-- Installing: /home/rosbuntu/Desktop/state_machine_ws/install/yasmin_msgs/include/yasmin_msgs/yasmin_msgs/msg/state.hpp
-- Up-to-date: /home/rosbuntu/Desktop/state_machine_ws/install/yasmin_msgs/include/yasmin_msgs/yasmin_msgs
-- Up-to-date: /home/rosbuntu/Desktop/state_machine_ws/install/yasmin_msgs/include/yasmin_msgs/yasmin_msgs/msg
-- Up-to-date: /home/rosbuntu/Desktop/state_machine_ws/install/yasmin_msgs/include/yasmin_msgs/yasmin_msgs/msg/detail
-- Installing: /home/rosbuntu/Desktop/state_machine_ws/install/yasmin_msgs/include/yasmin_msgs/yasmin_msgs/msg/detail/state_machine__rosidl_typesupport_fastrtps_cpp.hpp
-- Installing: /home/rosbuntu/Desktop/state_machine_ws/install/yasmin_msgs/include/yasmin_msgs/yasmin_msgs/msg/detail/state__rosidl_typesupport_fastrtps_cpp.hpp
-- Installing: /home/rosbuntu/Desktop/state_machine_ws/install/yasmin_msgs/include/yasmin_msgs/yasmin_msgs/msg/detail/transition__rosidl_typesupport_fastrtps_cpp.hpp
-- Installing: /home/rosbuntu/Desktop/state_machine_ws/install/yasmin_msgs/include/yasmin_msgs/yasmin_msgs/msg/detail/dds_fastrtps
-- Installing: /home/rosbuntu/Desktop/state_machine_ws/install/yasmin_msgs/include/yasmin_msgs/yasmin_msgs/msg/rosidl_typesupport_fastrtps_cpp__visibility_control.h
-- Installing: /home/rosbuntu/Desktop/state_machine_ws/install/yasmin_msgs/lib/libyasmin_msgs__rosidl_typesupport_fastrtps_cpp.so
-- Set runtime path of "/home/rosbuntu/Desktop/state_machine_ws/install/yasmin_msgs/lib/libyasmin_msgs__rosidl_typesupport_fastrtps_cpp.so" to ""
-- Up-to-date: /home/rosbuntu/Desktop/state_machine_ws/install/yasmin_msgs/include/yasmin_msgs/yasmin_msgs
-- Up-to-date: /home/rosbuntu/Desktop/state_machine_ws/install/yasmin_msgs/include/yasmin_msgs/yasmin_msgs/msg
-- Up-to-date: /home/rosbuntu/Desktop/state_machine_ws/install/yasmin_msgs/include/yasmin_msgs/yasmin_msgs/msg/detail
-- Installing: /home/rosbuntu/Desktop/state_machine_ws/install/yasmin_msgs/include/yasmin_msgs/yasmin_msgs/msg/detail/state__rosidl_typesupport_introspection_cpp.hpp
-- Installing: /home/rosbuntu/Desktop/state_machine_ws/install/yasmin_msgs/include/yasmin_msgs/yasmin_msgs/msg/detail/transition__type_support.cpp
-- Installing: /home/rosbuntu/Desktop/state_machine_ws/install/yasmin_msgs/include/yasmin_msgs/yasmin_msgs/msg/detail/state_machine__rosidl_typesupport_introspection_cpp.hpp
-- Installing: /home/rosbuntu/Desktop/state_machine_ws/install/yasmin_msgs/include/yasmin_msgs/yasmin_msgs/msg/detail/state__type_support.cpp
-- Installing: /home/rosbuntu/Desktop/state_machine_ws/install/yasmin_msgs/include/yasmin_msgs/yasmin_msgs/msg/detail/state_machine__type_support.cpp
-- Installing: /home/rosbuntu/Desktop/state_machine_ws/install/yasmin_msgs/include/yasmin_msgs/yasmin_msgs/msg/detail/transition__rosidl_typesupport_introspection_cpp.hpp
-- Installing: /home/rosbuntu/Desktop/state_machine_ws/install/yasmin_msgs/lib/libyasmin_msgs__rosidl_typesupport_introspection_cpp.so
-- Set runtime path of "/home/rosbuntu/Desktop/state_machine_ws/install/yasmin_msgs/lib/libyasmin_msgs__rosidl_typesupport_introspection_cpp.so" to ""
-- Installing: /home/rosbuntu/Desktop/state_machine_ws/install/yasmin_msgs/lib/libyasmin_msgs__rosidl_typesupport_cpp.so
-- Set runtime path of "/home/rosbuntu/Desktop/state_machine_ws/install/yasmin_msgs/lib/libyasmin_msgs__rosidl_typesupport_cpp.so" to ""
-- Installing: /home/rosbuntu/Desktop/state_machine_ws/install/yasmin_msgs/share/yasmin_msgs/environment/pythonpath.sh
-- Installing: /home/rosbuntu/Desktop/state_machine_ws/install/yasmin_msgs/share/yasmin_msgs/environment/pythonpath.dsv
-- Installing: /home/rosbuntu/Desktop/state_machine_ws/install/yasmin_msgs/local/lib/python3.10/dist-packages/yasmin_msgs-2.3.1-py3.10.egg-info
-- Installing: /home/rosbuntu/Desktop/state_machine_ws/install/yasmin_msgs/local/lib/python3.10/dist-packages/yasmin_msgs-2.3.1-py3.10.egg-info/dependency_links.txt
-- Installing: /home/rosbuntu/Desktop/state_machine_ws/install/yasmin_msgs/local/lib/python3.10/dist-packages/yasmin_msgs-2.3.1-py3.10.egg-info/PKG-INFO
-- Installing: /home/rosbuntu/Desktop/state_machine_ws/install/yasmin_msgs/local/lib/python3.10/dist-packages/yasmin_msgs-2.3.1-py3.10.egg-info/top_level.txt
-- Installing: /home/rosbuntu/Desktop/state_machine_ws/install/yasmin_msgs/local/lib/python3.10/dist-packages/yasmin_msgs-2.3.1-py3.10.egg-info/SOURCES.txt
-- Installing: /home/rosbuntu/Desktop/state_machine_ws/install/yasmin_msgs/local/lib/python3.10/dist-packages/yasmin_msgs
-- Installing: /home/rosbuntu/Desktop/state_machine_ws/install/yasmin_msgs/local/lib/python3.10/dist-packages/yasmin_msgs/yasmin_msgs_s__rosidl_typesupport_fastrtps_c.cpython-310-x86_64-linux-gnu.so
-- Installing: /home/rosbuntu/Desktop/state_machine_ws/install/yasmin_msgs/local/lib/python3.10/dist-packages/yasmin_msgs/yasmin_msgs_s__rosidl_typesupport_c.cpython-310-x86_64-linux-gnu.so
-- Installing: /home/rosbuntu/Desktop/state_machine_ws/install/yasmin_msgs/local/lib/python3.10/dist-packages/yasmin_msgs/yasmin_msgs_s__rosidl_typesupport_introspection_c.cpython-310-x86_64-linux-gnu.so
-- Installing: /home/rosbuntu/Desktop/state_machine_ws/install/yasmin_msgs/local/lib/python3.10/dist-packages/yasmin_msgs/__init__.py
-- Installing: /home/rosbuntu/Desktop/state_machine_ws/install/yasmin_msgs/local/lib/python3.10/dist-packages/yasmin_msgs/libyasmin_msgs__rosidl_generator_py.so
-- Installing: /home/rosbuntu/Desktop/state_machine_ws/install/yasmin_msgs/local/lib/python3.10/dist-packages/yasmin_msgs/_yasmin_msgs_s.ep.rosidl_typesupport_c.c
-- Installing: /home/rosbuntu/Desktop/state_machine_ws/install/yasmin_msgs/local/lib/python3.10/dist-packages/yasmin_msgs/_yasmin_msgs_s.ep.rosidl_typesupport_fastrtps_c.c
-- Installing: /home/rosbuntu/Desktop/state_machine_ws/install/yasmin_msgs/local/lib/python3.10/dist-packages/yasmin_msgs/msg
-- Installing: /home/rosbuntu/Desktop/state_machine_ws/install/yasmin_msgs/local/lib/python3.10/dist-packages/yasmin_msgs/msg/_state_s.c
-- Installing: /home/rosbuntu/Desktop/state_machine_ws/install/yasmin_msgs/local/lib/python3.10/dist-packages/yasmin_msgs/msg/__init__.py
-- Installing: /home/rosbuntu/Desktop/state_machine_ws/install/yasmin_msgs/local/lib/python3.10/dist-packages/yasmin_msgs/msg/_state.py
-- Installing: /home/rosbuntu/Desktop/state_machine_ws/install/yasmin_msgs/local/lib/python3.10/dist-packages/yasmin_msgs/msg/_state_machine.py
-- Installing: /home/rosbuntu/Desktop/state_machine_ws/install/yasmin_msgs/local/lib/python3.10/dist-packages/yasmin_msgs/msg/_transition_s.c
-- Installing: /home/rosbuntu/Desktop/state_machine_ws/install/yasmin_msgs/local/lib/python3.10/dist-packages/yasmin_msgs/msg/_transition.py
-- Installing: /home/rosbuntu/Desktop/state_machine_ws/install/yasmin_msgs/local/lib/python3.10/dist-packages/yasmin_msgs/msg/_state_machine_s.c
-- Installing: /home/rosbuntu/Desktop/state_machine_ws/install/yasmin_msgs/local/lib/python3.10/dist-packages/yasmin_msgs/_yasmin_msgs_s.ep.rosidl_typesupport_introspection_c.c
Listing '/home/rosbuntu/Desktop/state_machine_ws/install/yasmin_msgs/local/lib/python3.10/dist-packages/yasmin_msgs'...
Compiling '/home/rosbuntu/Desktop/state_machine_ws/install/yasmin_msgs/local/lib/python3.10/dist-packages/yasmin_msgs/__init__.py'...
Listing '/home/rosbuntu/Desktop/state_machine_ws/install/yasmin_msgs/local/lib/python3.10/dist-packages/yasmin_msgs/msg'...
Compiling '/home/rosbuntu/Desktop/state_machine_ws/install/yasmin_msgs/local/lib/python3.10/dist-packages/yasmin_msgs/msg/__init__.py'...
Compiling '/home/rosbuntu/Desktop/state_machine_ws/install/yasmin_msgs/local/lib/python3.10/dist-packages/yasmin_msgs/msg/_state.py'...
Compiling '/home/rosbuntu/Desktop/state_machine_ws/install/yasmin_msgs/local/lib/python3.10/dist-packages/yasmin_msgs/msg/_state_machine.py'...
Compiling '/home/rosbuntu/Desktop/state_machine_ws/install/yasmin_msgs/local/lib/python3.10/dist-packages/yasmin_msgs/msg/_transition.py'...
-- Installing: /home/rosbuntu/Desktop/state_machine_ws/install/yasmin_msgs/local/lib/python3.10/dist-packages/yasmin_msgs/yasmin_msgs_s__rosidl_typesupport_fastrtps_c.cpython-310-x86_64-linux-gnu.so
-- Set runtime path of "/home/rosbuntu/Desktop/state_machine_ws/install/yasmin_msgs/local/lib/python3.10/dist-packages/yasmin_msgs/yasmin_msgs_s__rosidl_typesupport_fastrtps_c.cpython-310-x86_64-linux-gnu.so" to ""
-- Installing: /home/rosbuntu/Desktop/state_machine_ws/install/yasmin_msgs/local/lib/python3.10/dist-packages/yasmin_msgs/yasmin_msgs_s__rosidl_typesupport_introspection_c.cpython-310-x86_64-linux-gnu.so
-- Set runtime path of "/home/rosbuntu/Desktop/state_machine_ws/install/yasmin_msgs/local/lib/python3.10/dist-packages/yasmin_msgs/yasmin_msgs_s__rosidl_typesupport_introspection_c.cpython-310-x86_64-linux-gnu.so" to ""
-- Installing: /home/rosbuntu/Desktop/state_machine_ws/install/yasmin_msgs/local/lib/python3.10/dist-packages/yasmin_msgs/yasmin_msgs_s__rosidl_typesupport_c.cpython-310-x86_64-linux-gnu.so
-- Set runtime path of "/home/rosbuntu/Desktop/state_machine_ws/install/yasmin_msgs/local/lib/python3.10/dist-packages/yasmin_msgs/yasmin_msgs_s__rosidl_typesupport_c.cpython-310-x86_64-linux-gnu.so" to ""
-- Installing: /home/rosbuntu/Desktop/state_machine_ws/install/yasmin_msgs/lib/libyasmin_msgs__rosidl_generator_py.so
-- Set runtime path of "/home/rosbuntu/Desktop/state_machine_ws/install/yasmin_msgs/lib/libyasmin_msgs__rosidl_generator_py.so" to ""
-- Installing: /home/rosbuntu/Desktop/state_machine_ws/install/yasmin_msgs/share/yasmin_msgs/msg/State.idl
-- Installing: /home/rosbuntu/Desktop/state_machine_ws/install/yasmin_msgs/share/yasmin_msgs/msg/Transition.idl
-- Installing: /home/rosbuntu/Desktop/state_machine_ws/install/yasmin_msgs/share/yasmin_msgs/msg/StateMachine.idl
-- Installing: /home/rosbuntu/Desktop/state_machine_ws/install/yasmin_msgs/share/yasmin_msgs/msg/State.msg
-- Installing: /home/rosbuntu/Desktop/state_machine_ws/install/yasmin_msgs/share/yasmin_msgs/msg/Transition.msg
-- Installing: /home/rosbuntu/Desktop/state_machine_ws/install/yasmin_msgs/share/yasmin_msgs/msg/StateMachine.msg
-- Installing: /home/rosbuntu/Desktop/state_machine_ws/install/yasmin_msgs/share/ament_index/resource_index/package_run_dependencies/yasmin_msgs
-- Installing: /home/rosbuntu/Desktop/state_machine_ws/install/yasmin_msgs/share/ament_index/resource_index/parent_prefix_path/yasmin_msgs
-- Installing: /home/rosbuntu/Desktop/state_machine_ws/install/yasmin_msgs/share/yasmin_msgs/environment/ament_prefix_path.sh
-- Installing: /home/rosbuntu/Desktop/state_machine_ws/install/yasmin_msgs/share/yasmin_msgs/environment/ament_prefix_path.dsv
-- Installing: /home/rosbuntu/Desktop/state_machine_ws/install/yasmin_msgs/share/yasmin_msgs/environment/path.sh
-- Installing: /home/rosbuntu/Desktop/state_machine_ws/install/yasmin_msgs/share/yasmin_msgs/environment/path.dsv
-- Installing: /home/rosbuntu/Desktop/state_machine_ws/install/yasmin_msgs/share/yasmin_msgs/local_setup.bash
-- Installing: /home/rosbuntu/Desktop/state_machine_ws/install/yasmin_msgs/share/yasmin_msgs/local_setup.sh
-- Installing: /home/rosbuntu/Desktop/state_machine_ws/install/yasmin_msgs/share/yasmin_msgs/local_setup.zsh
-- Installing: /home/rosbuntu/Desktop/state_machine_ws/install/yasmin_msgs/share/yasmin_msgs/local_setup.dsv
-- Installing: /home/rosbuntu/Desktop/state_machine_ws/install/yasmin_msgs/share/yasmin_msgs/package.dsv
-- Installing: /home/rosbuntu/Desktop/state_machine_ws/install/yasmin_msgs/share/ament_index/resource_index/packages/yasmin_msgs
-- Installing: /home/rosbuntu/Desktop/state_machine_ws/install/yasmin_msgs/share/yasmin_msgs/cmake/export_yasmin_msgs__rosidl_generator_cExport.cmake
-- Installing: /home/rosbuntu/Desktop/state_machine_ws/install/yasmin_msgs/share/yasmin_msgs/cmake/export_yasmin_msgs__rosidl_generator_cExport-noconfig.cmake
-- Installing: /home/rosbuntu/Desktop/state_machine_ws/install/yasmin_msgs/share/yasmin_msgs/cmake/export_yasmin_msgs__rosidl_typesupport_fastrtps_cExport.cmake
-- Installing: /home/rosbuntu/Desktop/state_machine_ws/install/yasmin_msgs/share/yasmin_msgs/cmake/export_yasmin_msgs__rosidl_typesupport_fastrtps_cExport-noconfig.cmake
-- Installing: /home/rosbuntu/Desktop/state_machine_ws/install/yasmin_msgs/share/yasmin_msgs/cmake/yasmin_msgs__rosidl_typesupport_introspection_cExport.cmake
-- Installing: /home/rosbuntu/Desktop/state_machine_ws/install/yasmin_msgs/share/yasmin_msgs/cmake/yasmin_msgs__rosidl_typesupport_introspection_cExport-noconfig.cmake
-- Installing: /home/rosbuntu/Desktop/state_machine_ws/install/yasmin_msgs/share/yasmin_msgs/cmake/yasmin_msgs__rosidl_typesupport_cExport.cmake
-- Installing: /home/rosbuntu/Desktop/state_machine_ws/install/yasmin_msgs/share/yasmin_msgs/cmake/yasmin_msgs__rosidl_typesupport_cExport-noconfig.cmake
-- Installing: /home/rosbuntu/Desktop/state_machine_ws/install/yasmin_msgs/share/yasmin_msgs/cmake/export_yasmin_msgs__rosidl_generator_cppExport.cmake
-- Installing: /home/rosbuntu/Desktop/state_machine_ws/install/yasmin_msgs/share/yasmin_msgs/cmake/export_yasmin_msgs__rosidl_typesupport_fastrtps_cppExport.cmake
-- Installing: /home/rosbuntu/Desktop/state_machine_ws/install/yasmin_msgs/share/yasmin_msgs/cmake/export_yasmin_msgs__rosidl_typesupport_fastrtps_cppExport-noconfig.cmake
-- Installing: /home/rosbuntu/Desktop/state_machine_ws/install/yasmin_msgs/share/yasmin_msgs/cmake/yasmin_msgs__rosidl_typesupport_introspection_cppExport.cmake
-- Installing: /home/rosbuntu/Desktop/state_machine_ws/install/yasmin_msgs/share/yasmin_msgs/cmake/yasmin_msgs__rosidl_typesupport_introspection_cppExport-noconfig.cmake
-- Installing: /home/rosbuntu/Desktop/state_machine_ws/install/yasmin_msgs/share/yasmin_msgs/cmake/yasmin_msgs__rosidl_typesupport_cppExport.cmake
-- Installing: /home/rosbuntu/Desktop/state_machine_ws/install/yasmin_msgs/share/yasmin_msgs/cmake/yasmin_msgs__rosidl_typesupport_cppExport-noconfig.cmake
-- Installing: /home/rosbuntu/Desktop/state_machine_ws/install/yasmin_msgs/share/yasmin_msgs/cmake/export_yasmin_msgs__rosidl_generator_pyExport.cmake
-- Installing: /home/rosbuntu/Desktop/state_machine_ws/install/yasmin_msgs/share/yasmin_msgs/cmake/export_yasmin_msgs__rosidl_generator_pyExport-noconfig.cmake
-- Installing: /home/rosbuntu/Desktop/state_machine_ws/install/yasmin_msgs/share/yasmin_msgs/cmake/rosidl_cmake-extras.cmake
-- Installing: /home/rosbuntu/Desktop/state_machine_ws/install/yasmin_msgs/share/yasmin_msgs/cmake/ament_cmake_export_include_directories-extras.cmake
-- Installing: /home/rosbuntu/Desktop/state_machine_ws/install/yasmin_msgs/share/yasmin_msgs/cmake/ament_cmake_export_libraries-extras.cmake
-- Installing: /home/rosbuntu/Desktop/state_machine_ws/install/yasmin_msgs/share/yasmin_msgs/cmake/ament_cmake_export_targets-extras.cmake
-- Installing: /home/rosbuntu/Desktop/state_machine_ws/install/yasmin_msgs/share/yasmin_msgs/cmake/rosidl_cmake_export_typesupport_targets-extras.cmake
-- Installing: /home/rosbuntu/Desktop/state_machine_ws/install/yasmin_msgs/share/yasmin_msgs/cmake/ament_cmake_export_dependencies-extras.cmake
-- Installing: /home/rosbuntu/Desktop/state_machine_ws/install/yasmin_msgs/share/yasmin_msgs/cmake/rosidl_cmake_export_typesupport_libraries-extras.cmake
-- Installing: /home/rosbuntu/Desktop/state_machine_ws/install/yasmin_msgs/share/yasmin_msgs/cmake/yasmin_msgsConfig.cmake
-- Installing: /home/rosbuntu/Desktop/state_machine_ws/install/yasmin_msgs/share/yasmin_msgs/cmake/yasmin_msgsConfig-version.cmake
-- Installing: /home/rosbuntu/Desktop/state_machine_ws/install/yasmin_msgs/share/yasmin_msgs/package.xml
