[0.039s] Invoking command in '/home/rosbuntu/Desktop/state_machine_ws/build/yasmin_msgs': CMAKE_PREFIX_PATH=/opt/ros/humble /usr/bin/cmake /home/rosbuntu/Desktop/state_machine_ws/src/yasmin/yasmin_msgs -DCMAKE_INSTALL_PREFIX=/home/rosbuntu/Desktop/state_machine_ws/install/yasmin_msgs
[0.481s] -- The C compiler identification is GNU 11.4.0
[0.745s] -- The CXX compiler identification is GNU 11.4.0
[0.771s] -- Detecting C compiler ABI info
[0.943s] -- Detecting C compiler ABI info - done
[0.951s] -- Check for working C compiler: /usr/bin/cc - skipped
[0.952s] -- Detecting C compile features
[0.955s] -- Detecting C compile features - done
[0.963s] -- Detecting CXX compiler ABI info
[1.103s] -- Detecting CXX compiler ABI info - done
[1.116s] -- Check for working CXX compiler: /usr/bin/c++ - skipped
[1.116s] -- Detecting CXX compile features
[1.118s] -- Detecting CXX compile features - done
[1.135s] -- Found ament_cmake: 1.3.9 (/opt/ros/humble/share/ament_cmake/cmake)
[1.399s] -- Found Python3: /usr/bin/python3 (found version "3.10.12") found components: Interpreter 
[1.655s] -- Found ament_lint_auto: 0.12.11 (/opt/ros/humble/share/ament_lint_auto/cmake)
[1.826s] -- Found rosidl_default_generators: 1.2.0 (/opt/ros/humble/share/rosidl_default_generators/cmake)
[1.840s] -- Using all available rosidl_typesupport_c: rosidl_typesupport_fastrtps_c;rosidl_typesupport_introspection_c
[1.848s] -- Found rosidl_adapter: 3.1.5 (/opt/ros/humble/share/rosidl_adapter/cmake)
[1.922s] -- Using all available rosidl_typesupport_cpp: rosidl_typesupport_fastrtps_cpp;rosidl_typesupport_introspection_cpp
[2.249s] -- Found ament_cmake_ros: 0.10.0 (/opt/ros/humble/share/ament_cmake_ros/cmake)
[2.553s] -- Using all available rosidl_typesupport_c: rosidl_typesupport_fastrtps_c;rosidl_typesupport_introspection_c
[2.916s] -- Using all available rosidl_typesupport_cpp: rosidl_typesupport_fastrtps_cpp;rosidl_typesupport_introspection_cpp
[2.950s] -- Found PythonInterp: /usr/bin/python3 (found suitable version "3.10.12", minimum required is "3.6") 
[2.954s] -- Found python_cmake_module: 0.10.0 (/opt/ros/humble/share/python_cmake_module/cmake)
[2.993s] -- Found PythonLibs: /usr/lib/x86_64-linux-gnu/libpython3.10.so (found suitable version "3.10.12", minimum required is "3.5") 
[2.993s] -- Using PYTHON_EXECUTABLE: /usr/bin/python3
[2.994s] -- Using PYTHON_INCLUDE_DIRS: /usr/include/python3.10
[2.994s] -- Using PYTHON_LIBRARIES: /usr/lib/x86_64-linux-gnu/libpython3.10.so
[3.023s] -- Found PythonExtra: .so  
[3.092s] -- Added test 'copyright' to check source files copyright and LICENSE
[3.102s] -- Added test 'lint_cmake' to check CMake code style
[3.105s] -- Added test 'xmllint' to check XML markup files
[3.135s] -- Configuring done
[3.210s] -- Generating done
[3.217s] -- Build files have been written to: /home/rosbuntu/Desktop/state_machine_ws/build/yasmin_msgs
[3.232s] Invoked command in '/home/rosbuntu/Desktop/state_machine_ws/build/yasmin_msgs' returned '0': CMAKE_PREFIX_PATH=/opt/ros/humble /usr/bin/cmake /home/rosbuntu/Desktop/state_machine_ws/src/yasmin/yasmin_msgs -DCMAKE_INSTALL_PREFIX=/home/rosbuntu/Desktop/state_machine_ws/install/yasmin_msgs
[3.235s] Invoking command in '/home/rosbuntu/Desktop/state_machine_ws/build/yasmin_msgs': CMAKE_PREFIX_PATH=/opt/ros/humble /usr/bin/cmake --build /home/rosbuntu/Desktop/state_machine_ws/build/yasmin_msgs -- -j4 -l4
[3.331s] [  2%] [34m[1mGenerating C code for ROS interfaces[0m
[3.370s] [  4%] [34m[1mGenerating C++ code for ROS interfaces[0m
[3.371s] [  4%] Built target ament_cmake_python_copy_yasmin_msgs
[3.933s] running egg_info
[3.934s] creating yasmin_msgs.egg-info
[3.936s] writing yasmin_msgs.egg-info/PKG-INFO
[3.936s] writing dependency_links to yasmin_msgs.egg-info/dependency_links.txt
[3.938s] writing top-level names to yasmin_msgs.egg-info/top_level.txt
[3.939s] writing manifest file 'yasmin_msgs.egg-info/SOURCES.txt'
[3.942s] reading manifest file 'yasmin_msgs.egg-info/SOURCES.txt'
[3.944s] writing manifest file 'yasmin_msgs.egg-info/SOURCES.txt'
[4.021s] [  4%] Built target ament_cmake_python_build_yasmin_msgs_egg
[4.373s] [  4%] Built target yasmin_msgs__cpp
[4.419s] [  6%] [34m[1mGenerating C++ type support for eProsima Fast-RTPS[0m
[4.430s] [  8%] [34m[1mGenerating C++ introspection for ROS interfaces[0m
[4.439s] [ 10%] [34m[1mGenerating C++ type support dispatch for ROS interfaces[0m
[4.588s] [ 12%] [32mBuilding C object CMakeFiles/yasmin_msgs__rosidl_generator_c.dir/rosidl_generator_c/yasmin_msgs/msg/detail/state__functions.c.o[0m
[4.896s] [ 14%] [32mBuilding C object CMakeFiles/yasmin_msgs__rosidl_generator_c.dir/rosidl_generator_c/yasmin_msgs/msg/detail/transition__functions.c.o[0m
[5.110s] [ 17%] [32mBuilding C object CMakeFiles/yasmin_msgs__rosidl_generator_c.dir/rosidl_generator_c/yasmin_msgs/msg/detail/state_machine__functions.c.o[0m
[5.189s] [ 19%] [32m[1mLinking C shared library libyasmin_msgs__rosidl_generator_c.so[0m
[5.245s] [ 21%] [32mBuilding CXX object CMakeFiles/yasmin_msgs__rosidl_typesupport_cpp.dir/rosidl_typesupport_cpp/yasmin_msgs/msg/state__type_support.cpp.o[0m
[5.255s] [ 21%] Built target yasmin_msgs__rosidl_generator_c
[5.324s] [ 23%] [34m[1mGenerating C type support for eProsima Fast-RTPS[0m
[5.560s] [ 25%] [32mBuilding CXX object CMakeFiles/yasmin_msgs__rosidl_typesupport_introspection_cpp.dir/rosidl_typesupport_introspection_cpp/yasmin_msgs/msg/detail/state__type_support.cpp.o[0m
[5.699s] [ 27%] [32mBuilding CXX object CMakeFiles/yasmin_msgs__rosidl_typesupport_fastrtps_cpp.dir/rosidl_typesupport_fastrtps_cpp/yasmin_msgs/msg/detail/dds_fastrtps/state__type_support.cpp.o[0m
[6.118s] [ 29%] [32mBuilding CXX object CMakeFiles/yasmin_msgs__rosidl_typesupport_cpp.dir/rosidl_typesupport_cpp/yasmin_msgs/msg/transition__type_support.cpp.o[0m
[6.311s] [ 31%] [32mBuilding CXX object CMakeFiles/yasmin_msgs__rosidl_typesupport_fastrtps_c.dir/rosidl_typesupport_fastrtps_c/yasmin_msgs/msg/detail/state__type_support_c.cpp.o[0m
[6.428s] [ 34%] [32mBuilding CXX object CMakeFiles/yasmin_msgs__rosidl_typesupport_introspection_cpp.dir/rosidl_typesupport_introspection_cpp/yasmin_msgs/msg/detail/transition__type_support.cpp.o[0m
[6.783s] [ 36%] [32mBuilding CXX object CMakeFiles/yasmin_msgs__rosidl_typesupport_cpp.dir/rosidl_typesupport_cpp/yasmin_msgs/msg/state_machine__type_support.cpp.o[0m
[6.862s] [ 38%] [32mBuilding CXX object CMakeFiles/yasmin_msgs__rosidl_typesupport_fastrtps_c.dir/rosidl_typesupport_fastrtps_c/yasmin_msgs/msg/detail/transition__type_support_c.cpp.o[0m
[6.948s] [ 40%] [32mBuilding CXX object CMakeFiles/yasmin_msgs__rosidl_typesupport_fastrtps_cpp.dir/rosidl_typesupport_fastrtps_cpp/yasmin_msgs/msg/detail/dds_fastrtps/transition__type_support.cpp.o[0m
[7.195s] [ 42%] [32m[1mLinking CXX shared library libyasmin_msgs__rosidl_typesupport_cpp.so[0m
[7.202s] [ 44%] [32mBuilding CXX object CMakeFiles/yasmin_msgs__rosidl_typesupport_introspection_cpp.dir/rosidl_typesupport_introspection_cpp/yasmin_msgs/msg/detail/state_machine__type_support.cpp.o[0m
[7.347s] [ 44%] Built target yasmin_msgs__rosidl_typesupport_cpp
[7.417s] [ 46%] [34m[1mGenerating C introspection for ROS interfaces[0m
[7.459s] [ 48%] [32mBuilding CXX object CMakeFiles/yasmin_msgs__rosidl_typesupport_fastrtps_c.dir/rosidl_typesupport_fastrtps_c/yasmin_msgs/msg/detail/state_machine__type_support_c.cpp.o[0m
[7.667s] [ 51%] [32mBuilding CXX object CMakeFiles/yasmin_msgs__rosidl_typesupport_fastrtps_cpp.dir/rosidl_typesupport_fastrtps_cpp/yasmin_msgs/msg/detail/dds_fastrtps/state_machine__type_support.cpp.o[0m
[7.978s] [ 53%] [32m[1mLinking CXX shared library libyasmin_msgs__rosidl_typesupport_fastrtps_c.so[0m
[8.144s] [ 55%] [32mBuilding C object CMakeFiles/yasmin_msgs__rosidl_typesupport_introspection_c.dir/rosidl_typesupport_introspection_c/yasmin_msgs/msg/detail/state__type_support.c.o[0m
[8.177s] [ 55%] Built target yasmin_msgs__rosidl_typesupport_fastrtps_c
[8.236s] [ 57%] [34m[1mGenerating C type support dispatch for ROS interfaces[0m
[8.263s] [ 59%] [32m[1mLinking CXX shared library libyasmin_msgs__rosidl_typesupport_introspection_cpp.so[0m
[8.286s] [ 61%] [32mBuilding C object CMakeFiles/yasmin_msgs__rosidl_typesupport_introspection_c.dir/rosidl_typesupport_introspection_c/yasmin_msgs/msg/detail/transition__type_support.c.o[0m
[8.365s] [ 63%] [32mBuilding C object CMakeFiles/yasmin_msgs__rosidl_typesupport_introspection_c.dir/rosidl_typesupport_introspection_c/yasmin_msgs/msg/detail/state_machine__type_support.c.o[0m
[8.460s] [ 65%] [32m[1mLinking C shared library libyasmin_msgs__rosidl_typesupport_introspection_c.so[0m
[8.559s] [ 65%] Built target yasmin_msgs__rosidl_typesupport_introspection_c
[8.603s] [ 65%] Built target yasmin_msgs__rosidl_typesupport_introspection_cpp
[8.623s] [ 68%] [32m[1mLinking CXX shared library libyasmin_msgs__rosidl_typesupport_fastrtps_cpp.so[0m
[8.780s] [ 68%] Built target yasmin_msgs__rosidl_typesupport_fastrtps_cpp
[8.830s] [ 70%] [32mBuilding CXX object CMakeFiles/yasmin_msgs__rosidl_typesupport_c.dir/rosidl_typesupport_c/yasmin_msgs/msg/transition__type_support.cpp.o[0m
[8.839s] [ 72%] [32mBuilding CXX object CMakeFiles/yasmin_msgs__rosidl_typesupport_c.dir/rosidl_typesupport_c/yasmin_msgs/msg/state_machine__type_support.cpp.o[0m
[8.841s] [ 74%] [32mBuilding CXX object CMakeFiles/yasmin_msgs__rosidl_typesupport_c.dir/rosidl_typesupport_c/yasmin_msgs/msg/state__type_support.cpp.o[0m
[8.917s] [ 76%] [32m[1mLinking CXX shared library libyasmin_msgs__rosidl_typesupport_c.so[0m
[9.000s] [ 76%] Built target yasmin_msgs__rosidl_typesupport_c
[9.049s] [ 76%] Built target yasmin_msgs
[9.089s] [ 78%] [34m[1mGenerating Python code for ROS interfaces[0m
[9.748s] [ 78%] Built target yasmin_msgs__py
[9.788s] [ 80%] [32mBuilding C object CMakeFiles/yasmin_msgs__rosidl_generator_py.dir/rosidl_generator_py/yasmin_msgs/msg/_state_s.c.o[0m
[9.791s] [ 82%] [32mBuilding C object CMakeFiles/yasmin_msgs__rosidl_generator_py.dir/rosidl_generator_py/yasmin_msgs/msg/_transition_s.c.o[0m
[9.793s] [ 85%] [32mBuilding C object CMakeFiles/yasmin_msgs__rosidl_generator_py.dir/rosidl_generator_py/yasmin_msgs/msg/_state_machine_s.c.o[0m
[10.087s] [ 87%] [32m[1mLinking C shared library rosidl_generator_py/yasmin_msgs/libyasmin_msgs__rosidl_generator_py.so[0m
[10.167s] [ 87%] Built target yasmin_msgs__rosidl_generator_py
[10.212s] [ 89%] [32mBuilding C object CMakeFiles/yasmin_msgs__rosidl_typesupport_fastrtps_c__pyext.dir/rosidl_generator_py/yasmin_msgs/_yasmin_msgs_s.ep.rosidl_typesupport_fastrtps_c.c.o[0m
[10.235s] [ 91%] [32mBuilding C object CMakeFiles/yasmin_msgs__rosidl_typesupport_c__pyext.dir/rosidl_generator_py/yasmin_msgs/_yasmin_msgs_s.ep.rosidl_typesupport_c.c.o[0m
[10.241s] [ 93%] [32mBuilding C object CMakeFiles/yasmin_msgs__rosidl_typesupport_introspection_c__pyext.dir/rosidl_generator_py/yasmin_msgs/_yasmin_msgs_s.ep.rosidl_typesupport_introspection_c.c.o[0m
[10.384s] [ 95%] [32m[1mLinking C shared library rosidl_generator_py/yasmin_msgs/yasmin_msgs_s__rosidl_typesupport_fastrtps_c.cpython-310-x86_64-linux-gnu.so[0m
[10.387s] [ 97%] [32m[1mLinking C shared library rosidl_generator_py/yasmin_msgs/yasmin_msgs_s__rosidl_typesupport_c.cpython-310-x86_64-linux-gnu.so[0m
[10.460s] [100%] [32m[1mLinking C shared library rosidl_generator_py/yasmin_msgs/yasmin_msgs_s__rosidl_typesupport_introspection_c.cpython-310-x86_64-linux-gnu.so[0m
[10.462s] [100%] Built target yasmin_msgs__rosidl_typesupport_fastrtps_c__pyext
[10.462s] [100%] Built target yasmin_msgs__rosidl_typesupport_c__pyext
[10.533s] [100%] Built target yasmin_msgs__rosidl_typesupport_introspection_c__pyext
[10.570s] Invoked command in '/home/rosbuntu/Desktop/state_machine_ws/build/yasmin_msgs' returned '0': CMAKE_PREFIX_PATH=/opt/ros/humble /usr/bin/cmake --build /home/rosbuntu/Desktop/state_machine_ws/build/yasmin_msgs -- -j4 -l4
[10.912s] Invoking command in '/home/rosbuntu/Desktop/state_machine_ws/build/yasmin_msgs': CMAKE_PREFIX_PATH=/opt/ros/humble /usr/bin/cmake --install /home/rosbuntu/Desktop/state_machine_ws/build/yasmin_msgs
[10.927s] -- Install configuration: ""
[10.927s] -- Installing: /home/rosbuntu/Desktop/state_machine_ws/install/yasmin_msgs/share/ament_index/resource_index/rosidl_interfaces/yasmin_msgs
[10.928s] -- Installing: /home/rosbuntu/Desktop/state_machine_ws/install/yasmin_msgs/include/yasmin_msgs/yasmin_msgs
[10.930s] -- Installing: /home/rosbuntu/Desktop/state_machine_ws/install/yasmin_msgs/include/yasmin_msgs/yasmin_msgs/msg
[10.930s] -- Installing: /home/rosbuntu/Desktop/state_machine_ws/install/yasmin_msgs/include/yasmin_msgs/yasmin_msgs/msg/rosidl_generator_c__visibility_control.h
[10.930s] -- Installing: /home/rosbuntu/Desktop/state_machine_ws/install/yasmin_msgs/include/yasmin_msgs/yasmin_msgs/msg/detail
[10.930s] -- Installing: /home/rosbuntu/Desktop/state_machine_ws/install/yasmin_msgs/include/yasmin_msgs/yasmin_msgs/msg/detail/state__type_support.h
[10.943s] -- Installing: /home/rosbuntu/Desktop/state_machine_ws/install/yasmin_msgs/include/yasmin_msgs/yasmin_msgs/msg/detail/transition__struct.h
[10.943s] -- Installing: /home/rosbuntu/Desktop/state_machine_ws/install/yasmin_msgs/include/yasmin_msgs/yasmin_msgs/msg/detail/state__functions.h
[10.946s] -- Installing: /home/rosbuntu/Desktop/state_machine_ws/install/yasmin_msgs/include/yasmin_msgs/yasmin_msgs/msg/detail/transition__functions.c
[10.946s] -- Installing: /home/rosbuntu/Desktop/state_machine_ws/install/yasmin_msgs/include/yasmin_msgs/yasmin_msgs/msg/detail/state_machine__functions.h
[10.947s] -- Installing: /home/rosbuntu/Desktop/state_machine_ws/install/yasmin_msgs/include/yasmin_msgs/yasmin_msgs/msg/detail/state_machine__type_support.h
[10.947s] -- Installing: /home/rosbuntu/Desktop/state_machine_ws/install/yasmin_msgs/include/yasmin_msgs/yasmin_msgs/msg/detail/transition__type_support.h
[10.952s] -- Installing: /home/rosbuntu/Desktop/state_machine_ws/install/yasmin_msgs/include/yasmin_msgs/yasmin_msgs/msg/detail/state__struct.h
[10.952s] -- Installing: /home/rosbuntu/Desktop/state_machine_ws/install/yasmin_msgs/include/yasmin_msgs/yasmin_msgs/msg/detail/state_machine__functions.c
[10.952s] -- Installing: /home/rosbuntu/Desktop/state_machine_ws/install/yasmin_msgs/include/yasmin_msgs/yasmin_msgs/msg/detail/state__functions.c
[10.952s] -- Installing: /home/rosbuntu/Desktop/state_machine_ws/install/yasmin_msgs/include/yasmin_msgs/yasmin_msgs/msg/detail/transition__functions.h
[10.955s] -- Installing: /home/rosbuntu/Desktop/state_machine_ws/install/yasmin_msgs/include/yasmin_msgs/yasmin_msgs/msg/detail/state_machine__struct.h
[10.955s] -- Installing: /home/rosbuntu/Desktop/state_machine_ws/install/yasmin_msgs/include/yasmin_msgs/yasmin_msgs/msg/state_machine.h
[10.955s] -- Installing: /home/rosbuntu/Desktop/state_machine_ws/install/yasmin_msgs/include/yasmin_msgs/yasmin_msgs/msg/state.h
[10.955s] -- Installing: /home/rosbuntu/Desktop/state_machine_ws/install/yasmin_msgs/include/yasmin_msgs/yasmin_msgs/msg/transition.h
[10.956s] -- Installing: /home/rosbuntu/Desktop/state_machine_ws/install/yasmin_msgs/share/yasmin_msgs/environment/library_path.sh
[10.956s] -- Installing: /home/rosbuntu/Desktop/state_machine_ws/install/yasmin_msgs/share/yasmin_msgs/environment/library_path.dsv
[10.956s] -- Installing: /home/rosbuntu/Desktop/state_machine_ws/install/yasmin_msgs/lib/libyasmin_msgs__rosidl_generator_c.so
[10.956s] -- Set runtime path of "/home/rosbuntu/Desktop/state_machine_ws/install/yasmin_msgs/lib/libyasmin_msgs__rosidl_generator_c.so" to ""
[10.956s] -- Up-to-date: /home/rosbuntu/Desktop/state_machine_ws/install/yasmin_msgs/include/yasmin_msgs/yasmin_msgs
[10.956s] -- Up-to-date: /home/rosbuntu/Desktop/state_machine_ws/install/yasmin_msgs/include/yasmin_msgs/yasmin_msgs/msg
[10.956s] -- Up-to-date: /home/rosbuntu/Desktop/state_machine_ws/install/yasmin_msgs/include/yasmin_msgs/yasmin_msgs/msg/detail
[10.956s] -- Installing: /home/rosbuntu/Desktop/state_machine_ws/install/yasmin_msgs/include/yasmin_msgs/yasmin_msgs/msg/detail/transition__rosidl_typesupport_fastrtps_c.h
[10.956s] -- Installing: /home/rosbuntu/Desktop/state_machine_ws/install/yasmin_msgs/include/yasmin_msgs/yasmin_msgs/msg/detail/state_machine__rosidl_typesupport_fastrtps_c.h
[10.956s] -- Installing: /home/rosbuntu/Desktop/state_machine_ws/install/yasmin_msgs/include/yasmin_msgs/yasmin_msgs/msg/detail/state__rosidl_typesupport_fastrtps_c.h
[10.956s] -- Installing: /home/rosbuntu/Desktop/state_machine_ws/install/yasmin_msgs/include/yasmin_msgs/yasmin_msgs/msg/rosidl_typesupport_fastrtps_c__visibility_control.h
[10.957s] -- Installing: /home/rosbuntu/Desktop/state_machine_ws/install/yasmin_msgs/lib/libyasmin_msgs__rosidl_typesupport_fastrtps_c.so
[10.957s] -- Set runtime path of "/home/rosbuntu/Desktop/state_machine_ws/install/yasmin_msgs/lib/libyasmin_msgs__rosidl_typesupport_fastrtps_c.so" to ""
[10.957s] -- Up-to-date: /home/rosbuntu/Desktop/state_machine_ws/install/yasmin_msgs/include/yasmin_msgs/yasmin_msgs
[10.957s] -- Up-to-date: /home/rosbuntu/Desktop/state_machine_ws/install/yasmin_msgs/include/yasmin_msgs/yasmin_msgs/msg
[10.957s] -- Up-to-date: /home/rosbuntu/Desktop/state_machine_ws/install/yasmin_msgs/include/yasmin_msgs/yasmin_msgs/msg/detail
[10.957s] -- Installing: /home/rosbuntu/Desktop/state_machine_ws/install/yasmin_msgs/include/yasmin_msgs/yasmin_msgs/msg/detail/transition__type_support.c
[10.957s] -- Installing: /home/rosbuntu/Desktop/state_machine_ws/install/yasmin_msgs/include/yasmin_msgs/yasmin_msgs/msg/detail/state__rosidl_typesupport_introspection_c.h
[10.957s] -- Installing: /home/rosbuntu/Desktop/state_machine_ws/install/yasmin_msgs/include/yasmin_msgs/yasmin_msgs/msg/detail/state__type_support.c
[10.957s] -- Installing: /home/rosbuntu/Desktop/state_machine_ws/install/yasmin_msgs/include/yasmin_msgs/yasmin_msgs/msg/detail/transition__rosidl_typesupport_introspection_c.h
[10.957s] -- Installing: /home/rosbuntu/Desktop/state_machine_ws/install/yasmin_msgs/include/yasmin_msgs/yasmin_msgs/msg/detail/state_machine__rosidl_typesupport_introspection_c.h
[10.957s] -- Installing: /home/rosbuntu/Desktop/state_machine_ws/install/yasmin_msgs/include/yasmin_msgs/yasmin_msgs/msg/detail/state_machine__type_support.c
[10.957s] -- Installing: /home/rosbuntu/Desktop/state_machine_ws/install/yasmin_msgs/include/yasmin_msgs/yasmin_msgs/msg/rosidl_typesupport_introspection_c__visibility_control.h
[10.957s] -- Installing: /home/rosbuntu/Desktop/state_machine_ws/install/yasmin_msgs/lib/libyasmin_msgs__rosidl_typesupport_introspection_c.so
[10.958s] -- Set runtime path of "/home/rosbuntu/Desktop/state_machine_ws/install/yasmin_msgs/lib/libyasmin_msgs__rosidl_typesupport_introspection_c.so" to ""
[10.958s] -- Installing: /home/rosbuntu/Desktop/state_machine_ws/install/yasmin_msgs/lib/libyasmin_msgs__rosidl_typesupport_c.so
[10.958s] -- Set runtime path of "/home/rosbuntu/Desktop/state_machine_ws/install/yasmin_msgs/lib/libyasmin_msgs__rosidl_typesupport_c.so" to ""
[10.958s] -- Up-to-date: /home/rosbuntu/Desktop/state_machine_ws/install/yasmin_msgs/include/yasmin_msgs/yasmin_msgs
[10.958s] -- Up-to-date: /home/rosbuntu/Desktop/state_machine_ws/install/yasmin_msgs/include/yasmin_msgs/yasmin_msgs/msg
[10.958s] -- Up-to-date: /home/rosbuntu/Desktop/state_machine_ws/install/yasmin_msgs/include/yasmin_msgs/yasmin_msgs/msg/detail
[10.958s] -- Installing: /home/rosbuntu/Desktop/state_machine_ws/install/yasmin_msgs/include/yasmin_msgs/yasmin_msgs/msg/detail/state_machine__builder.hpp
[10.958s] -- Installing: /home/rosbuntu/Desktop/state_machine_ws/install/yasmin_msgs/include/yasmin_msgs/yasmin_msgs/msg/detail/state_machine__traits.hpp
[10.958s] -- Installing: /home/rosbuntu/Desktop/state_machine_ws/install/yasmin_msgs/include/yasmin_msgs/yasmin_msgs/msg/detail/state__struct.hpp
[10.959s] -- Installing: /home/rosbuntu/Desktop/state_machine_ws/install/yasmin_msgs/include/yasmin_msgs/yasmin_msgs/msg/detail/transition__traits.hpp
[10.959s] -- Installing: /home/rosbuntu/Desktop/state_machine_ws/install/yasmin_msgs/include/yasmin_msgs/yasmin_msgs/msg/detail/transition__builder.hpp
[10.959s] -- Installing: /home/rosbuntu/Desktop/state_machine_ws/install/yasmin_msgs/include/yasmin_msgs/yasmin_msgs/msg/detail/state__builder.hpp
[10.959s] -- Installing: /home/rosbuntu/Desktop/state_machine_ws/install/yasmin_msgs/include/yasmin_msgs/yasmin_msgs/msg/detail/transition__struct.hpp
[10.959s] -- Installing: /home/rosbuntu/Desktop/state_machine_ws/install/yasmin_msgs/include/yasmin_msgs/yasmin_msgs/msg/detail/state_machine__struct.hpp
[10.959s] -- Installing: /home/rosbuntu/Desktop/state_machine_ws/install/yasmin_msgs/include/yasmin_msgs/yasmin_msgs/msg/detail/state__traits.hpp
[10.959s] -- Installing: /home/rosbuntu/Desktop/state_machine_ws/install/yasmin_msgs/include/yasmin_msgs/yasmin_msgs/msg/state_machine.hpp
[10.959s] -- Installing: /home/rosbuntu/Desktop/state_machine_ws/install/yasmin_msgs/include/yasmin_msgs/yasmin_msgs/msg/transition.hpp
[10.959s] -- Installing: /home/rosbuntu/Desktop/state_machine_ws/install/yasmin_msgs/include/yasmin_msgs/yasmin_msgs/msg/state.hpp
[10.959s] -- Up-to-date: /home/rosbuntu/Desktop/state_machine_ws/install/yasmin_msgs/include/yasmin_msgs/yasmin_msgs
[10.959s] -- Up-to-date: /home/rosbuntu/Desktop/state_machine_ws/install/yasmin_msgs/include/yasmin_msgs/yasmin_msgs/msg
[10.960s] -- Up-to-date: /home/rosbuntu/Desktop/state_machine_ws/install/yasmin_msgs/include/yasmin_msgs/yasmin_msgs/msg/detail
[10.960s] -- Installing: /home/rosbuntu/Desktop/state_machine_ws/install/yasmin_msgs/include/yasmin_msgs/yasmin_msgs/msg/detail/state_machine__rosidl_typesupport_fastrtps_cpp.hpp
[10.960s] -- Installing: /home/rosbuntu/Desktop/state_machine_ws/install/yasmin_msgs/include/yasmin_msgs/yasmin_msgs/msg/detail/state__rosidl_typesupport_fastrtps_cpp.hpp
[10.960s] -- Installing: /home/rosbuntu/Desktop/state_machine_ws/install/yasmin_msgs/include/yasmin_msgs/yasmin_msgs/msg/detail/transition__rosidl_typesupport_fastrtps_cpp.hpp
[10.960s] -- Installing: /home/rosbuntu/Desktop/state_machine_ws/install/yasmin_msgs/include/yasmin_msgs/yasmin_msgs/msg/detail/dds_fastrtps
[10.960s] -- Installing: /home/rosbuntu/Desktop/state_machine_ws/install/yasmin_msgs/include/yasmin_msgs/yasmin_msgs/msg/rosidl_typesupport_fastrtps_cpp__visibility_control.h
[10.960s] -- Installing: /home/rosbuntu/Desktop/state_machine_ws/install/yasmin_msgs/lib/libyasmin_msgs__rosidl_typesupport_fastrtps_cpp.so
[10.960s] -- Set runtime path of "/home/rosbuntu/Desktop/state_machine_ws/install/yasmin_msgs/lib/libyasmin_msgs__rosidl_typesupport_fastrtps_cpp.so" to ""
[10.960s] -- Up-to-date: /home/rosbuntu/Desktop/state_machine_ws/install/yasmin_msgs/include/yasmin_msgs/yasmin_msgs
[10.960s] -- Up-to-date: /home/rosbuntu/Desktop/state_machine_ws/install/yasmin_msgs/include/yasmin_msgs/yasmin_msgs/msg
[10.960s] -- Up-to-date: /home/rosbuntu/Desktop/state_machine_ws/install/yasmin_msgs/include/yasmin_msgs/yasmin_msgs/msg/detail
[10.960s] -- Installing: /home/rosbuntu/Desktop/state_machine_ws/install/yasmin_msgs/include/yasmin_msgs/yasmin_msgs/msg/detail/state__rosidl_typesupport_introspection_cpp.hpp
[10.960s] -- Installing: /home/rosbuntu/Desktop/state_machine_ws/install/yasmin_msgs/include/yasmin_msgs/yasmin_msgs/msg/detail/transition__type_support.cpp
[10.961s] -- Installing: /home/rosbuntu/Desktop/state_machine_ws/install/yasmin_msgs/include/yasmin_msgs/yasmin_msgs/msg/detail/state_machine__rosidl_typesupport_introspection_cpp.hpp
[10.961s] -- Installing: /home/rosbuntu/Desktop/state_machine_ws/install/yasmin_msgs/include/yasmin_msgs/yasmin_msgs/msg/detail/state__type_support.cpp
[10.961s] -- Installing: /home/rosbuntu/Desktop/state_machine_ws/install/yasmin_msgs/include/yasmin_msgs/yasmin_msgs/msg/detail/state_machine__type_support.cpp
[10.961s] -- Installing: /home/rosbuntu/Desktop/state_machine_ws/install/yasmin_msgs/include/yasmin_msgs/yasmin_msgs/msg/detail/transition__rosidl_typesupport_introspection_cpp.hpp
[10.961s] -- Installing: /home/rosbuntu/Desktop/state_machine_ws/install/yasmin_msgs/lib/libyasmin_msgs__rosidl_typesupport_introspection_cpp.so
[10.962s] -- Set runtime path of "/home/rosbuntu/Desktop/state_machine_ws/install/yasmin_msgs/lib/libyasmin_msgs__rosidl_typesupport_introspection_cpp.so" to ""
[10.962s] -- Installing: /home/rosbuntu/Desktop/state_machine_ws/install/yasmin_msgs/lib/libyasmin_msgs__rosidl_typesupport_cpp.so
[10.962s] -- Set runtime path of "/home/rosbuntu/Desktop/state_machine_ws/install/yasmin_msgs/lib/libyasmin_msgs__rosidl_typesupport_cpp.so" to ""
[10.962s] -- Installing: /home/rosbuntu/Desktop/state_machine_ws/install/yasmin_msgs/share/yasmin_msgs/environment/pythonpath.sh
[10.962s] -- Installing: /home/rosbuntu/Desktop/state_machine_ws/install/yasmin_msgs/share/yasmin_msgs/environment/pythonpath.dsv
[10.962s] -- Installing: /home/rosbuntu/Desktop/state_machine_ws/install/yasmin_msgs/local/lib/python3.10/dist-packages/yasmin_msgs-2.3.1-py3.10.egg-info
[10.962s] -- Installing: /home/rosbuntu/Desktop/state_machine_ws/install/yasmin_msgs/local/lib/python3.10/dist-packages/yasmin_msgs-2.3.1-py3.10.egg-info/dependency_links.txt
[10.963s] -- Installing: /home/rosbuntu/Desktop/state_machine_ws/install/yasmin_msgs/local/lib/python3.10/dist-packages/yasmin_msgs-2.3.1-py3.10.egg-info/PKG-INFO
[10.963s] -- Installing: /home/rosbuntu/Desktop/state_machine_ws/install/yasmin_msgs/local/lib/python3.10/dist-packages/yasmin_msgs-2.3.1-py3.10.egg-info/top_level.txt
[10.969s] -- Installing: /home/rosbuntu/Desktop/state_machine_ws/install/yasmin_msgs/local/lib/python3.10/dist-packages/yasmin_msgs-2.3.1-py3.10.egg-info/SOURCES.txt
[10.969s] -- Installing: /home/rosbuntu/Desktop/state_machine_ws/install/yasmin_msgs/local/lib/python3.10/dist-packages/yasmin_msgs
[10.970s] -- Installing: /home/rosbuntu/Desktop/state_machine_ws/install/yasmin_msgs/local/lib/python3.10/dist-packages/yasmin_msgs/yasmin_msgs_s__rosidl_typesupport_fastrtps_c.cpython-310-x86_64-linux-gnu.so
[10.970s] -- Installing: /home/rosbuntu/Desktop/state_machine_ws/install/yasmin_msgs/local/lib/python3.10/dist-packages/yasmin_msgs/yasmin_msgs_s__rosidl_typesupport_c.cpython-310-x86_64-linux-gnu.so
[10.970s] -- Installing: /home/rosbuntu/Desktop/state_machine_ws/install/yasmin_msgs/local/lib/python3.10/dist-packages/yasmin_msgs/yasmin_msgs_s__rosidl_typesupport_introspection_c.cpython-310-x86_64-linux-gnu.so
[10.970s] -- Installing: /home/rosbuntu/Desktop/state_machine_ws/install/yasmin_msgs/local/lib/python3.10/dist-packages/yasmin_msgs/__init__.py
[10.970s] -- Installing: /home/rosbuntu/Desktop/state_machine_ws/install/yasmin_msgs/local/lib/python3.10/dist-packages/yasmin_msgs/libyasmin_msgs__rosidl_generator_py.so
[10.971s] -- Installing: /home/rosbuntu/Desktop/state_machine_ws/install/yasmin_msgs/local/lib/python3.10/dist-packages/yasmin_msgs/_yasmin_msgs_s.ep.rosidl_typesupport_c.c
[10.971s] -- Installing: /home/rosbuntu/Desktop/state_machine_ws/install/yasmin_msgs/local/lib/python3.10/dist-packages/yasmin_msgs/_yasmin_msgs_s.ep.rosidl_typesupport_fastrtps_c.c
[10.971s] -- Installing: /home/rosbuntu/Desktop/state_machine_ws/install/yasmin_msgs/local/lib/python3.10/dist-packages/yasmin_msgs/msg
[10.971s] -- Installing: /home/rosbuntu/Desktop/state_machine_ws/install/yasmin_msgs/local/lib/python3.10/dist-packages/yasmin_msgs/msg/_state_s.c
[10.971s] -- Installing: /home/rosbuntu/Desktop/state_machine_ws/install/yasmin_msgs/local/lib/python3.10/dist-packages/yasmin_msgs/msg/__init__.py
[10.971s] -- Installing: /home/rosbuntu/Desktop/state_machine_ws/install/yasmin_msgs/local/lib/python3.10/dist-packages/yasmin_msgs/msg/_state.py
[10.972s] -- Installing: /home/rosbuntu/Desktop/state_machine_ws/install/yasmin_msgs/local/lib/python3.10/dist-packages/yasmin_msgs/msg/_state_machine.py
[10.972s] -- Installing: /home/rosbuntu/Desktop/state_machine_ws/install/yasmin_msgs/local/lib/python3.10/dist-packages/yasmin_msgs/msg/_transition_s.c
[10.972s] -- Installing: /home/rosbuntu/Desktop/state_machine_ws/install/yasmin_msgs/local/lib/python3.10/dist-packages/yasmin_msgs/msg/_transition.py
[10.972s] -- Installing: /home/rosbuntu/Desktop/state_machine_ws/install/yasmin_msgs/local/lib/python3.10/dist-packages/yasmin_msgs/msg/_state_machine_s.c
[10.972s] -- Installing: /home/rosbuntu/Desktop/state_machine_ws/install/yasmin_msgs/local/lib/python3.10/dist-packages/yasmin_msgs/_yasmin_msgs_s.ep.rosidl_typesupport_introspection_c.c
[11.032s] Listing '/home/rosbuntu/Desktop/state_machine_ws/install/yasmin_msgs/local/lib/python3.10/dist-packages/yasmin_msgs'...
[11.032s] Compiling '/home/rosbuntu/Desktop/state_machine_ws/install/yasmin_msgs/local/lib/python3.10/dist-packages/yasmin_msgs/__init__.py'...
[11.032s] Listing '/home/rosbuntu/Desktop/state_machine_ws/install/yasmin_msgs/local/lib/python3.10/dist-packages/yasmin_msgs/msg'...
[11.033s] Compiling '/home/rosbuntu/Desktop/state_machine_ws/install/yasmin_msgs/local/lib/python3.10/dist-packages/yasmin_msgs/msg/__init__.py'...
[11.033s] Compiling '/home/rosbuntu/Desktop/state_machine_ws/install/yasmin_msgs/local/lib/python3.10/dist-packages/yasmin_msgs/msg/_state.py'...
[11.033s] Compiling '/home/rosbuntu/Desktop/state_machine_ws/install/yasmin_msgs/local/lib/python3.10/dist-packages/yasmin_msgs/msg/_state_machine.py'...
[11.033s] Compiling '/home/rosbuntu/Desktop/state_machine_ws/install/yasmin_msgs/local/lib/python3.10/dist-packages/yasmin_msgs/msg/_transition.py'...
[11.045s] -- Installing: /home/rosbuntu/Desktop/state_machine_ws/install/yasmin_msgs/local/lib/python3.10/dist-packages/yasmin_msgs/yasmin_msgs_s__rosidl_typesupport_fastrtps_c.cpython-310-x86_64-linux-gnu.so
[11.045s] -- Set runtime path of "/home/rosbuntu/Desktop/state_machine_ws/install/yasmin_msgs/local/lib/python3.10/dist-packages/yasmin_msgs/yasmin_msgs_s__rosidl_typesupport_fastrtps_c.cpython-310-x86_64-linux-gnu.so" to ""
[11.045s] -- Installing: /home/rosbuntu/Desktop/state_machine_ws/install/yasmin_msgs/local/lib/python3.10/dist-packages/yasmin_msgs/yasmin_msgs_s__rosidl_typesupport_introspection_c.cpython-310-x86_64-linux-gnu.so
[11.046s] -- Set runtime path of "/home/rosbuntu/Desktop/state_machine_ws/install/yasmin_msgs/local/lib/python3.10/dist-packages/yasmin_msgs/yasmin_msgs_s__rosidl_typesupport_introspection_c.cpython-310-x86_64-linux-gnu.so" to ""
[11.046s] -- Installing: /home/rosbuntu/Desktop/state_machine_ws/install/yasmin_msgs/local/lib/python3.10/dist-packages/yasmin_msgs/yasmin_msgs_s__rosidl_typesupport_c.cpython-310-x86_64-linux-gnu.so
[11.046s] -- Set runtime path of "/home/rosbuntu/Desktop/state_machine_ws/install/yasmin_msgs/local/lib/python3.10/dist-packages/yasmin_msgs/yasmin_msgs_s__rosidl_typesupport_c.cpython-310-x86_64-linux-gnu.so" to ""
[11.047s] -- Installing: /home/rosbuntu/Desktop/state_machine_ws/install/yasmin_msgs/lib/libyasmin_msgs__rosidl_generator_py.so
[11.047s] -- Set runtime path of "/home/rosbuntu/Desktop/state_machine_ws/install/yasmin_msgs/lib/libyasmin_msgs__rosidl_generator_py.so" to ""
[11.048s] -- Installing: /home/rosbuntu/Desktop/state_machine_ws/install/yasmin_msgs/share/yasmin_msgs/msg/State.idl
[11.048s] -- Installing: /home/rosbuntu/Desktop/state_machine_ws/install/yasmin_msgs/share/yasmin_msgs/msg/Transition.idl
[11.048s] -- Installing: /home/rosbuntu/Desktop/state_machine_ws/install/yasmin_msgs/share/yasmin_msgs/msg/StateMachine.idl
[11.048s] -- Installing: /home/rosbuntu/Desktop/state_machine_ws/install/yasmin_msgs/share/yasmin_msgs/msg/State.msg
[11.049s] -- Installing: /home/rosbuntu/Desktop/state_machine_ws/install/yasmin_msgs/share/yasmin_msgs/msg/Transition.msg
[11.050s] -- Installing: /home/rosbuntu/Desktop/state_machine_ws/install/yasmin_msgs/share/yasmin_msgs/msg/StateMachine.msg
[11.050s] -- Installing: /home/rosbuntu/Desktop/state_machine_ws/install/yasmin_msgs/share/ament_index/resource_index/package_run_dependencies/yasmin_msgs
[11.053s] -- Installing: /home/rosbuntu/Desktop/state_machine_ws/install/yasmin_msgs/share/ament_index/resource_index/parent_prefix_path/yasmin_msgs
[11.053s] -- Installing: /home/rosbuntu/Desktop/state_machine_ws/install/yasmin_msgs/share/yasmin_msgs/environment/ament_prefix_path.sh
[11.053s] -- Installing: /home/rosbuntu/Desktop/state_machine_ws/install/yasmin_msgs/share/yasmin_msgs/environment/ament_prefix_path.dsv
[11.054s] -- Installing: /home/rosbuntu/Desktop/state_machine_ws/install/yasmin_msgs/share/yasmin_msgs/environment/path.sh
[11.056s] -- Installing: /home/rosbuntu/Desktop/state_machine_ws/install/yasmin_msgs/share/yasmin_msgs/environment/path.dsv
[11.056s] -- Installing: /home/rosbuntu/Desktop/state_machine_ws/install/yasmin_msgs/share/yasmin_msgs/local_setup.bash
[11.057s] -- Installing: /home/rosbuntu/Desktop/state_machine_ws/install/yasmin_msgs/share/yasmin_msgs/local_setup.sh
[11.059s] -- Installing: /home/rosbuntu/Desktop/state_machine_ws/install/yasmin_msgs/share/yasmin_msgs/local_setup.zsh
[11.060s] -- Installing: /home/rosbuntu/Desktop/state_machine_ws/install/yasmin_msgs/share/yasmin_msgs/local_setup.dsv
[11.060s] -- Installing: /home/rosbuntu/Desktop/state_machine_ws/install/yasmin_msgs/share/yasmin_msgs/package.dsv
[11.060s] -- Installing: /home/rosbuntu/Desktop/state_machine_ws/install/yasmin_msgs/share/ament_index/resource_index/packages/yasmin_msgs
[11.060s] -- Installing: /home/rosbuntu/Desktop/state_machine_ws/install/yasmin_msgs/share/yasmin_msgs/cmake/export_yasmin_msgs__rosidl_generator_cExport.cmake
[11.060s] -- Installing: /home/rosbuntu/Desktop/state_machine_ws/install/yasmin_msgs/share/yasmin_msgs/cmake/export_yasmin_msgs__rosidl_generator_cExport-noconfig.cmake
[11.060s] -- Installing: /home/rosbuntu/Desktop/state_machine_ws/install/yasmin_msgs/share/yasmin_msgs/cmake/export_yasmin_msgs__rosidl_typesupport_fastrtps_cExport.cmake
[11.060s] -- Installing: /home/rosbuntu/Desktop/state_machine_ws/install/yasmin_msgs/share/yasmin_msgs/cmake/export_yasmin_msgs__rosidl_typesupport_fastrtps_cExport-noconfig.cmake
[11.063s] -- Installing: /home/rosbuntu/Desktop/state_machine_ws/install/yasmin_msgs/share/yasmin_msgs/cmake/yasmin_msgs__rosidl_typesupport_introspection_cExport.cmake
[11.063s] -- Installing: /home/rosbuntu/Desktop/state_machine_ws/install/yasmin_msgs/share/yasmin_msgs/cmake/yasmin_msgs__rosidl_typesupport_introspection_cExport-noconfig.cmake
[11.063s] -- Installing: /home/rosbuntu/Desktop/state_machine_ws/install/yasmin_msgs/share/yasmin_msgs/cmake/yasmin_msgs__rosidl_typesupport_cExport.cmake
[11.063s] -- Installing: /home/rosbuntu/Desktop/state_machine_ws/install/yasmin_msgs/share/yasmin_msgs/cmake/yasmin_msgs__rosidl_typesupport_cExport-noconfig.cmake
[11.063s] -- Installing: /home/rosbuntu/Desktop/state_machine_ws/install/yasmin_msgs/share/yasmin_msgs/cmake/export_yasmin_msgs__rosidl_generator_cppExport.cmake
[11.063s] -- Installing: /home/rosbuntu/Desktop/state_machine_ws/install/yasmin_msgs/share/yasmin_msgs/cmake/export_yasmin_msgs__rosidl_typesupport_fastrtps_cppExport.cmake
[11.063s] -- Installing: /home/rosbuntu/Desktop/state_machine_ws/install/yasmin_msgs/share/yasmin_msgs/cmake/export_yasmin_msgs__rosidl_typesupport_fastrtps_cppExport-noconfig.cmake
[11.067s] -- Installing: /home/rosbuntu/Desktop/state_machine_ws/install/yasmin_msgs/share/yasmin_msgs/cmake/yasmin_msgs__rosidl_typesupport_introspection_cppExport.cmake
[11.067s] -- Installing: /home/rosbuntu/Desktop/state_machine_ws/install/yasmin_msgs/share/yasmin_msgs/cmake/yasmin_msgs__rosidl_typesupport_introspection_cppExport-noconfig.cmake
[11.067s] -- Installing: /home/rosbuntu/Desktop/state_machine_ws/install/yasmin_msgs/share/yasmin_msgs/cmake/yasmin_msgs__rosidl_typesupport_cppExport.cmake
[11.068s] -- Installing: /home/rosbuntu/Desktop/state_machine_ws/install/yasmin_msgs/share/yasmin_msgs/cmake/yasmin_msgs__rosidl_typesupport_cppExport-noconfig.cmake
[11.068s] -- Installing: /home/rosbuntu/Desktop/state_machine_ws/install/yasmin_msgs/share/yasmin_msgs/cmake/export_yasmin_msgs__rosidl_generator_pyExport.cmake
[11.068s] -- Installing: /home/rosbuntu/Desktop/state_machine_ws/install/yasmin_msgs/share/yasmin_msgs/cmake/export_yasmin_msgs__rosidl_generator_pyExport-noconfig.cmake
[11.068s] -- Installing: /home/rosbuntu/Desktop/state_machine_ws/install/yasmin_msgs/share/yasmin_msgs/cmake/rosidl_cmake-extras.cmake
[11.069s] -- Installing: /home/rosbuntu/Desktop/state_machine_ws/install/yasmin_msgs/share/yasmin_msgs/cmake/ament_cmake_export_include_directories-extras.cmake
[11.069s] -- Installing: /home/rosbuntu/Desktop/state_machine_ws/install/yasmin_msgs/share/yasmin_msgs/cmake/ament_cmake_export_libraries-extras.cmake
[11.069s] -- Installing: /home/rosbuntu/Desktop/state_machine_ws/install/yasmin_msgs/share/yasmin_msgs/cmake/ament_cmake_export_targets-extras.cmake
[11.070s] -- Installing: /home/rosbuntu/Desktop/state_machine_ws/install/yasmin_msgs/share/yasmin_msgs/cmake/rosidl_cmake_export_typesupport_targets-extras.cmake
[11.071s] -- Installing: /home/rosbuntu/Desktop/state_machine_ws/install/yasmin_msgs/share/yasmin_msgs/cmake/ament_cmake_export_dependencies-extras.cmake
[11.071s] -- Installing: /home/rosbuntu/Desktop/state_machine_ws/install/yasmin_msgs/share/yasmin_msgs/cmake/rosidl_cmake_export_typesupport_libraries-extras.cmake
[11.071s] -- Installing: /home/rosbuntu/Desktop/state_machine_ws/install/yasmin_msgs/share/yasmin_msgs/cmake/yasmin_msgsConfig.cmake
[11.071s] -- Installing: /home/rosbuntu/Desktop/state_machine_ws/install/yasmin_msgs/share/yasmin_msgs/cmake/yasmin_msgsConfig-version.cmake
[11.071s] -- Installing: /home/rosbuntu/Desktop/state_machine_ws/install/yasmin_msgs/share/yasmin_msgs/package.xml
[11.077s] Invoked command in '/home/rosbuntu/Desktop/state_machine_ws/build/yasmin_msgs' returned '0': CMAKE_PREFIX_PATH=/opt/ros/humble /usr/bin/cmake --install /home/rosbuntu/Desktop/state_machine_ws/build/yasmin_msgs
