-- The C compiler identification is GNU 11.4.0
-- The CXX compiler identification is GNU 11.4.0
-- Detecting C compiler ABI info
-- Detecting C compiler ABI info - done
-- Check for working C compiler: /usr/bin/cc - skipped
-- Detecting C compile features
-- Detecting C compile features - done
-- Detecting CXX compiler ABI info
-- Detecting CXX compiler ABI info - done
-- Check for working CXX compiler: /usr/bin/c++ - skipped
-- Detecting CXX compile features
-- Detecting CXX compile features - done
-- Build for ROS2 Humble
-- Found ament_cmake: 1.3.9 (/opt/ros/humble/share/ament_cmake/cmake)
-- Found Python3: /usr/bin/python3 (found version "3.10.12") found components: Interpreter 
-- Found rclcpp: 16.0.9 (/opt/ros/humble/share/rclcpp/cmake)
-- Found rosidl_generator_c: 3.1.5 (/opt/ros/humble/share/rosidl_generator_c/cmake)
-- Found rosidl_adapter: 3.1.5 (/opt/ros/humble/share/rosidl_adapter/cmake)
-- Found rosidl_generator_cpp: 3.1.5 (/opt/ros/humble/share/rosidl_generator_cpp/cmake)
-- Using all available rosidl_typesupport_c: rosidl_typesupport_fastrtps_c;rosidl_typesupport_introspection_c
-- Using all available rosidl_typesupport_cpp: rosidl_typesupport_fastrtps_cpp;rosidl_typesupport_introspection_cpp
-- Found rmw_implementation_cmake: 6.1.2 (/opt/ros/humble/share/rmw_implementation_cmake/cmake)
-- Found rmw_fastrtps_cpp: 6.2.6 (/opt/ros/humble/share/rmw_fastrtps_cpp/cmake)
-- Found OpenSSL: /usr/lib/x86_64-linux-gnu/libcrypto.so (found version "3.0.2")  
-- Found FastRTPS: /opt/ros/humble/include  
-- Using RMW implementation 'rmw_fastrtps_cpp' as default
-- Looking for pthread.h
-- Looking for pthread.h - found
-- Performing Test CMAKE_HAVE_LIBC_PTHREAD
-- Performing Test CMAKE_HAVE_LIBC_PTHREAD - Success
-- Found Threads: TRUE  
-- Found rclpy: 3.3.13 (/opt/ros/humble/share/rclpy/cmake)
-- Found yasmin: 2.3.1 (/home/rosbuntu/Desktop/state_machine_ws/install/yasmin/share/yasmin/cmake)
-- Found yasmin_ros: 2.3.1 (/home/rosbuntu/Desktop/state_machine_ws/install/yasmin_ros/share/yasmin_ros/cmake)
-- Found yasmin_viewer: 2.3.1 (/home/rosbuntu/Desktop/state_machine_ws/install/yasmin_viewer/share/yasmin_viewer/cmake)
-- Found nav_msgs: 4.2.4 (/opt/ros/humble/share/nav_msgs/cmake)
-- Found example_interfaces: 0.9.3 (/opt/ros/humble/share/example_interfaces/cmake)
-- Found action_tutorials_interfaces: 0.20.4 (/opt/ros/humble/share/action_tutorials_interfaces/cmake)
-- Configuring done
-- Generating done
-- Build files have been written to: /home/rosbuntu/Desktop/state_machine_ws/build/yasmin_demos
[ 12%] [32mBuilding CXX object CMakeFiles/yasmin_demo.dir/src/yasmin_demo.cpp.o[0m
[ 25%] [32mBuilding CXX object CMakeFiles/action_client_demo.dir/src/action_client_demo.cpp.o[0m
[ 37%] [32mBuilding CXX object CMakeFiles/service_client_demo.dir/src/service_client_demo.cpp.o[0m
[ 50%] [32mBuilding CXX object CMakeFiles/monitor_demo.dir/src/monitor_demo.cpp.o[0m
[ 62%] [32m[1mLinking CXX executable yasmin_demo[0m
[ 62%] Built target yasmin_demo
[ 62%] Built target ament_cmake_python_copy_yasmin_demos
running egg_info
creating yasmin_demos.egg-info
writing yasmin_demos.egg-info/PKG-INFO
writing dependency_links to yasmin_demos.egg-info/dependency_links.txt
writing top-level names to yasmin_demos.egg-info/top_level.txt
writing manifest file 'yasmin_demos.egg-info/SOURCES.txt'
reading manifest file 'yasmin_demos.egg-info/SOURCES.txt'
writing manifest file 'yasmin_demos.egg-info/SOURCES.txt'
[ 62%] Built target ament_cmake_python_build_yasmin_demos_egg
[ 75%] [32m[1mLinking CXX executable service_client_demo[0m
[ 87%] [32m[1mLinking CXX executable action_client_demo[0m
[ 87%] Built target service_client_demo
[ 87%] Built target action_client_demo
[100%] [32m[1mLinking CXX executable monitor_demo[0m
[100%] Built target monitor_demo
-- Install configuration: ""
-- Installing: /home/rosbuntu/Desktop/state_machine_ws/install/yasmin_demos/lib/yasmin_demos/yasmin_demo
-- Set runtime path of "/home/rosbuntu/Desktop/state_machine_ws/install/yasmin_demos/lib/yasmin_demos/yasmin_demo" to ""
-- Installing: /home/rosbuntu/Desktop/state_machine_ws/install/yasmin_demos/lib/yasmin_demos/monitor_demo
-- Set runtime path of "/home/rosbuntu/Desktop/state_machine_ws/install/yasmin_demos/lib/yasmin_demos/monitor_demo" to ""
-- Installing: /home/rosbuntu/Desktop/state_machine_ws/install/yasmin_demos/lib/yasmin_demos/service_client_demo
-- Set runtime path of "/home/rosbuntu/Desktop/state_machine_ws/install/yasmin_demos/lib/yasmin_demos/service_client_demo" to ""
-- Installing: /home/rosbuntu/Desktop/state_machine_ws/install/yasmin_demos/lib/yasmin_demos/action_client_demo
-- Set runtime path of "/home/rosbuntu/Desktop/state_machine_ws/install/yasmin_demos/lib/yasmin_demos/action_client_demo" to ""
-- Installing: /home/rosbuntu/Desktop/state_machine_ws/install/yasmin_demos/share/yasmin_demos/environment/library_path.sh
-- Installing: /home/rosbuntu/Desktop/state_machine_ws/install/yasmin_demos/share/yasmin_demos/environment/library_path.dsv
-- Installing: /home/rosbuntu/Desktop/state_machine_ws/install/yasmin_demos/share/yasmin_demos/environment/pythonpath.sh
-- Installing: /home/rosbuntu/Desktop/state_machine_ws/install/yasmin_demos/share/yasmin_demos/environment/pythonpath.dsv
-- Installing: /home/rosbuntu/Desktop/state_machine_ws/install/yasmin_demos/local/lib/python3.10/dist-packages/yasmin_demos-2.3.1-py3.10.egg-info
-- Installing: /home/rosbuntu/Desktop/state_machine_ws/install/yasmin_demos/local/lib/python3.10/dist-packages/yasmin_demos-2.3.1-py3.10.egg-info/dependency_links.txt
-- Installing: /home/rosbuntu/Desktop/state_machine_ws/install/yasmin_demos/local/lib/python3.10/dist-packages/yasmin_demos-2.3.1-py3.10.egg-info/PKG-INFO
-- Installing: /home/rosbuntu/Desktop/state_machine_ws/install/yasmin_demos/local/lib/python3.10/dist-packages/yasmin_demos-2.3.1-py3.10.egg-info/top_level.txt
-- Installing: /home/rosbuntu/Desktop/state_machine_ws/install/yasmin_demos/local/lib/python3.10/dist-packages/yasmin_demos-2.3.1-py3.10.egg-info/SOURCES.txt
-- Installing: /home/rosbuntu/Desktop/state_machine_ws/install/yasmin_demos/local/lib/python3.10/dist-packages/yasmin_demos
-- Installing: /home/rosbuntu/Desktop/state_machine_ws/install/yasmin_demos/local/lib/python3.10/dist-packages/yasmin_demos/yasmin_demo.py
-- Installing: /home/rosbuntu/Desktop/state_machine_ws/install/yasmin_demos/local/lib/python3.10/dist-packages/yasmin_demos/monitor_demo.py
-- Installing: /home/rosbuntu/Desktop/state_machine_ws/install/yasmin_demos/local/lib/python3.10/dist-packages/yasmin_demos/__init__.py
-- Installing: /home/rosbuntu/Desktop/state_machine_ws/install/yasmin_demos/local/lib/python3.10/dist-packages/yasmin_demos/nav_demo.py
-- Installing: /home/rosbuntu/Desktop/state_machine_ws/install/yasmin_demos/local/lib/python3.10/dist-packages/yasmin_demos/action_client_demo.py
-- Installing: /home/rosbuntu/Desktop/state_machine_ws/install/yasmin_demos/local/lib/python3.10/dist-packages/yasmin_demos/service_client_demo.py
Listing '/home/rosbuntu/Desktop/state_machine_ws/install/yasmin_demos/local/lib/python3.10/dist-packages/yasmin_demos'...
Compiling '/home/rosbuntu/Desktop/state_machine_ws/install/yasmin_demos/local/lib/python3.10/dist-packages/yasmin_demos/__init__.py'...
Compiling '/home/rosbuntu/Desktop/state_machine_ws/install/yasmin_demos/local/lib/python3.10/dist-packages/yasmin_demos/action_client_demo.py'...
Compiling '/home/rosbuntu/Desktop/state_machine_ws/install/yasmin_demos/local/lib/python3.10/dist-packages/yasmin_demos/monitor_demo.py'...
Compiling '/home/rosbuntu/Desktop/state_machine_ws/install/yasmin_demos/local/lib/python3.10/dist-packages/yasmin_demos/nav_demo.py'...
Compiling '/home/rosbuntu/Desktop/state_machine_ws/install/yasmin_demos/local/lib/python3.10/dist-packages/yasmin_demos/service_client_demo.py'...
Compiling '/home/rosbuntu/Desktop/state_machine_ws/install/yasmin_demos/local/lib/python3.10/dist-packages/yasmin_demos/yasmin_demo.py'...
-- Installing: /home/rosbuntu/Desktop/state_machine_ws/install/yasmin_demos/lib/yasmin_demos/yasmin_demo.py
-- Installing: /home/rosbuntu/Desktop/state_machine_ws/install/yasmin_demos/lib/yasmin_demos/monitor_demo.py
-- Installing: /home/rosbuntu/Desktop/state_machine_ws/install/yasmin_demos/lib/yasmin_demos/service_client_demo.py
-- Installing: /home/rosbuntu/Desktop/state_machine_ws/install/yasmin_demos/lib/yasmin_demos/action_client_demo.py
-- Installing: /home/rosbuntu/Desktop/state_machine_ws/install/yasmin_demos/lib/yasmin_demos/nav_demo.py
-- Installing: /home/rosbuntu/Desktop/state_machine_ws/install/yasmin_demos/share/ament_index/resource_index/package_run_dependencies/yasmin_demos
-- Installing: /home/rosbuntu/Desktop/state_machine_ws/install/yasmin_demos/share/ament_index/resource_index/parent_prefix_path/yasmin_demos
-- Installing: /home/rosbuntu/Desktop/state_machine_ws/install/yasmin_demos/share/yasmin_demos/environment/ament_prefix_path.sh
-- Installing: /home/rosbuntu/Desktop/state_machine_ws/install/yasmin_demos/share/yasmin_demos/environment/ament_prefix_path.dsv
-- Installing: /home/rosbuntu/Desktop/state_machine_ws/install/yasmin_demos/share/yasmin_demos/environment/path.sh
-- Installing: /home/rosbuntu/Desktop/state_machine_ws/install/yasmin_demos/share/yasmin_demos/environment/path.dsv
-- Installing: /home/rosbuntu/Desktop/state_machine_ws/install/yasmin_demos/share/yasmin_demos/local_setup.bash
-- Installing: /home/rosbuntu/Desktop/state_machine_ws/install/yasmin_demos/share/yasmin_demos/local_setup.sh
-- Installing: /home/rosbuntu/Desktop/state_machine_ws/install/yasmin_demos/share/yasmin_demos/local_setup.zsh
-- Installing: /home/rosbuntu/Desktop/state_machine_ws/install/yasmin_demos/share/yasmin_demos/local_setup.dsv
-- Installing: /home/rosbuntu/Desktop/state_machine_ws/install/yasmin_demos/share/yasmin_demos/package.dsv
-- Installing: /home/rosbuntu/Desktop/state_machine_ws/install/yasmin_demos/share/ament_index/resource_index/packages/yasmin_demos
-- Installing: /home/rosbuntu/Desktop/state_machine_ws/install/yasmin_demos/share/yasmin_demos/cmake/ament_cmake_export_include_directories-extras.cmake
-- Installing: /home/rosbuntu/Desktop/state_machine_ws/install/yasmin_demos/share/yasmin_demos/cmake/ament_cmake_export_libraries-extras.cmake
-- Installing: /home/rosbuntu/Desktop/state_machine_ws/install/yasmin_demos/share/yasmin_demos/cmake/yasmin_demosConfig.cmake
-- Installing: /home/rosbuntu/Desktop/state_machine_ws/install/yasmin_demos/share/yasmin_demos/cmake/yasmin_demosConfig-version.cmake
-- Installing: /home/rosbuntu/Desktop/state_machine_ws/install/yasmin_demos/share/yasmin_demos/package.xml
