[0.047s] Invoking command in '/home/rosbuntu/Desktop/state_machine_ws/build/yasmin_demos': AMENT_PREFIX_PATH=/home/rosbuntu/Desktop/state_machine_ws/install/yasmin_viewer:/home/rosbuntu/Desktop/state_machine_ws/install/yasmin_ros:/home/rosbuntu/Desktop/state_machine_ws/install/yasmin_msgs:/home/rosbuntu/Desktop/state_machine_ws/install/yasmin:${AMENT_PREFIX_PATH} CMAKE_PREFIX_PATH=/home/rosbuntu/Desktop/state_machine_ws/install/yasmin_viewer:/home/rosbuntu/Desktop/state_machine_ws/install/yasmin_ros:/home/rosbuntu/Desktop/state_machine_ws/install/yasmin_msgs:/home/rosbuntu/Desktop/state_machine_ws/install/yasmin:/opt/ros/humble LD_LIBRARY_PATH=/home/rosbuntu/Desktop/state_machine_ws/install/yasmin_viewer/lib:/home/rosbuntu/Desktop/state_machine_ws/install/yasmin_ros/lib:/home/rosbuntu/Desktop/state_machine_ws/install/yasmin_msgs/lib:/home/rosbuntu/Desktop/state_machine_ws/install/yasmin/lib:${LD_LIBRARY_PATH} PYTHONPATH=/home/rosbuntu/Desktop/state_machine_ws/install/yasmin_viewer/local/lib/python3.10/dist-packages:/home/rosbuntu/Desktop/state_machine_ws/install/yasmin_ros/local/lib/python3.10/dist-packages:/home/rosbuntu/Desktop/state_machine_ws/install/yasmin_msgs/local/lib/python3.10/dist-packages:/home/rosbuntu/Desktop/state_machine_ws/install/yasmin/local/lib/python3.10/dist-packages:${PYTHONPATH} /usr/bin/cmake /home/rosbuntu/Desktop/state_machine_ws/src/yasmin/yasmin_demos -DCMAKE_INSTALL_PREFIX=/home/rosbuntu/Desktop/state_machine_ws/install/yasmin_demos
[0.138s] -- The C compiler identification is GNU 11.4.0
[0.217s] -- The CXX compiler identification is GNU 11.4.0
[0.227s] -- Detecting C compiler ABI info
[0.344s] -- Detecting C compiler ABI info - done
[0.352s] -- Check for working C compiler: /usr/bin/cc - skipped
[0.353s] -- Detecting C compile features
[0.353s] -- Detecting C compile features - done
[0.358s] -- Detecting CXX compiler ABI info
[0.497s] -- Detecting CXX compiler ABI info - done
[0.507s] -- Check for working CXX compiler: /usr/bin/c++ - skipped
[0.507s] -- Detecting CXX compile features
[0.508s] -- Detecting CXX compile features - done
[0.509s] -- Build for ROS2 Humble
[0.511s] -- Found ament_cmake: 1.3.9 (/opt/ros/humble/share/ament_cmake/cmake)
[0.698s] -- Found Python3: /usr/bin/python3 (found version "3.10.12") found components: Interpreter 
[0.807s] -- Found rclcpp: 16.0.9 (/opt/ros/humble/share/rclcpp/cmake)
[0.864s] -- Found rosidl_generator_c: 3.1.5 (/opt/ros/humble/share/rosidl_generator_c/cmake)
[0.873s] -- Found rosidl_adapter: 3.1.5 (/opt/ros/humble/share/rosidl_adapter/cmake)
[0.883s] -- Found rosidl_generator_cpp: 3.1.5 (/opt/ros/humble/share/rosidl_generator_cpp/cmake)
[0.900s] -- Using all available rosidl_typesupport_c: rosidl_typesupport_fastrtps_c;rosidl_typesupport_introspection_c
[0.922s] -- Using all available rosidl_typesupport_cpp: rosidl_typesupport_fastrtps_cpp;rosidl_typesupport_introspection_cpp
[1.005s] -- Found rmw_implementation_cmake: 6.1.2 (/opt/ros/humble/share/rmw_implementation_cmake/cmake)
[1.008s] -- Found rmw_fastrtps_cpp: 6.2.6 (/opt/ros/humble/share/rmw_fastrtps_cpp/cmake)
[1.164s] -- Found OpenSSL: /usr/lib/x86_64-linux-gnu/libcrypto.so (found version "3.0.2")  
[1.202s] -- Found FastRTPS: /opt/ros/humble/include  
[1.260s] -- Using RMW implementation 'rmw_fastrtps_cpp' as default
[1.274s] -- Looking for pthread.h
[1.392s] -- Looking for pthread.h - found
[1.392s] -- Performing Test CMAKE_HAVE_LIBC_PTHREAD
[1.522s] -- Performing Test CMAKE_HAVE_LIBC_PTHREAD - Success
[1.524s] -- Found Threads: TRUE  
[1.697s] -- Found rclpy: 3.3.13 (/opt/ros/humble/share/rclpy/cmake)
[1.698s] -- Found yasmin: 2.3.1 (/home/rosbuntu/Desktop/state_machine_ws/install/yasmin/share/yasmin/cmake)
[1.704s] -- Found yasmin_ros: 2.3.1 (/home/rosbuntu/Desktop/state_machine_ws/install/yasmin_ros/share/yasmin_ros/cmake)
[1.821s] -- Found yasmin_viewer: 2.3.1 (/home/rosbuntu/Desktop/state_machine_ws/install/yasmin_viewer/share/yasmin_viewer/cmake)
[1.894s] -- Found nav_msgs: 4.2.4 (/opt/ros/humble/share/nav_msgs/cmake)
[2.093s] -- Found example_interfaces: 0.9.3 (/opt/ros/humble/share/example_interfaces/cmake)
[2.177s] -- Found action_tutorials_interfaces: 0.20.4 (/opt/ros/humble/share/action_tutorials_interfaces/cmake)
[2.771s] -- Configuring done
[2.842s] -- Generating done
[2.847s] -- Build files have been written to: /home/rosbuntu/Desktop/state_machine_ws/build/yasmin_demos
[2.867s] Invoked command in '/home/rosbuntu/Desktop/state_machine_ws/build/yasmin_demos' returned '0': AMENT_PREFIX_PATH=/home/rosbuntu/Desktop/state_machine_ws/install/yasmin_viewer:/home/rosbuntu/Desktop/state_machine_ws/install/yasmin_ros:/home/rosbuntu/Desktop/state_machine_ws/install/yasmin_msgs:/home/rosbuntu/Desktop/state_machine_ws/install/yasmin:${AMENT_PREFIX_PATH} CMAKE_PREFIX_PATH=/home/rosbuntu/Desktop/state_machine_ws/install/yasmin_viewer:/home/rosbuntu/Desktop/state_machine_ws/install/yasmin_ros:/home/rosbuntu/Desktop/state_machine_ws/install/yasmin_msgs:/home/rosbuntu/Desktop/state_machine_ws/install/yasmin:/opt/ros/humble LD_LIBRARY_PATH=/home/rosbuntu/Desktop/state_machine_ws/install/yasmin_viewer/lib:/home/rosbuntu/Desktop/state_machine_ws/install/yasmin_ros/lib:/home/rosbuntu/Desktop/state_machine_ws/install/yasmin_msgs/lib:/home/rosbuntu/Desktop/state_machine_ws/install/yasmin/lib:${LD_LIBRARY_PATH} PYTHONPATH=/home/rosbuntu/Desktop/state_machine_ws/install/yasmin_viewer/local/lib/python3.10/dist-packages:/home/rosbuntu/Desktop/state_machine_ws/install/yasmin_ros/local/lib/python3.10/dist-packages:/home/rosbuntu/Desktop/state_machine_ws/install/yasmin_msgs/local/lib/python3.10/dist-packages:/home/rosbuntu/Desktop/state_machine_ws/install/yasmin/local/lib/python3.10/dist-packages:${PYTHONPATH} /usr/bin/cmake /home/rosbuntu/Desktop/state_machine_ws/src/yasmin/yasmin_demos -DCMAKE_INSTALL_PREFIX=/home/rosbuntu/Desktop/state_machine_ws/install/yasmin_demos
[2.871s] Invoking command in '/home/rosbuntu/Desktop/state_machine_ws/build/yasmin_demos': AMENT_PREFIX_PATH=/home/rosbuntu/Desktop/state_machine_ws/install/yasmin_viewer:/home/rosbuntu/Desktop/state_machine_ws/install/yasmin_ros:/home/rosbuntu/Desktop/state_machine_ws/install/yasmin_msgs:/home/rosbuntu/Desktop/state_machine_ws/install/yasmin:${AMENT_PREFIX_PATH} CMAKE_PREFIX_PATH=/home/rosbuntu/Desktop/state_machine_ws/install/yasmin_viewer:/home/rosbuntu/Desktop/state_machine_ws/install/yasmin_ros:/home/rosbuntu/Desktop/state_machine_ws/install/yasmin_msgs:/home/rosbuntu/Desktop/state_machine_ws/install/yasmin:/opt/ros/humble LD_LIBRARY_PATH=/home/rosbuntu/Desktop/state_machine_ws/install/yasmin_viewer/lib:/home/rosbuntu/Desktop/state_machine_ws/install/yasmin_ros/lib:/home/rosbuntu/Desktop/state_machine_ws/install/yasmin_msgs/lib:/home/rosbuntu/Desktop/state_machine_ws/install/yasmin/lib:${LD_LIBRARY_PATH} PYTHONPATH=/home/rosbuntu/Desktop/state_machine_ws/install/yasmin_viewer/local/lib/python3.10/dist-packages:/home/rosbuntu/Desktop/state_machine_ws/install/yasmin_ros/local/lib/python3.10/dist-packages:/home/rosbuntu/Desktop/state_machine_ws/install/yasmin_msgs/local/lib/python3.10/dist-packages:/home/rosbuntu/Desktop/state_machine_ws/install/yasmin/local/lib/python3.10/dist-packages:${PYTHONPATH} /usr/bin/cmake --build /home/rosbuntu/Desktop/state_machine_ws/build/yasmin_demos -- -j4 -l4
[2.964s] [ 12%] [32mBuilding CXX object CMakeFiles/yasmin_demo.dir/src/yasmin_demo.cpp.o[0m
[2.985s] [ 25%] [32mBuilding CXX object CMakeFiles/action_client_demo.dir/src/action_client_demo.cpp.o[0m
[2.985s] [ 37%] [32mBuilding CXX object CMakeFiles/service_client_demo.dir/src/service_client_demo.cpp.o[0m
[3.003s] [ 50%] [32mBuilding CXX object CMakeFiles/monitor_demo.dir/src/monitor_demo.cpp.o[0m
[9.020s] [ 62%] [32m[1mLinking CXX executable yasmin_demo[0m
[9.907s] [ 62%] Built target yasmin_demo
[10.041s] [ 62%] Built target ament_cmake_python_copy_yasmin_demos
[10.627s] running egg_info
[10.628s] creating yasmin_demos.egg-info
[10.628s] writing yasmin_demos.egg-info/PKG-INFO
[10.629s] writing dependency_links to yasmin_demos.egg-info/dependency_links.txt
[10.630s] writing top-level names to yasmin_demos.egg-info/top_level.txt
[10.631s] writing manifest file 'yasmin_demos.egg-info/SOURCES.txt'
[10.633s] reading manifest file 'yasmin_demos.egg-info/SOURCES.txt'
[10.635s] writing manifest file 'yasmin_demos.egg-info/SOURCES.txt'
[10.705s] [ 62%] Built target ament_cmake_python_build_yasmin_demos_egg
[10.958s] [ 75%] [32m[1mLinking CXX executable service_client_demo[0m
[11.317s] [ 87%] [32m[1mLinking CXX executable action_client_demo[0m
[11.510s] [ 87%] Built target service_client_demo
[11.920s] [ 87%] Built target action_client_demo
[16.404s] [100%] [32m[1mLinking CXX executable monitor_demo[0m
[17.185s] [100%] Built target monitor_demo
[17.208s] Invoked command in '/home/rosbuntu/Desktop/state_machine_ws/build/yasmin_demos' returned '0': AMENT_PREFIX_PATH=/home/rosbuntu/Desktop/state_machine_ws/install/yasmin_viewer:/home/rosbuntu/Desktop/state_machine_ws/install/yasmin_ros:/home/rosbuntu/Desktop/state_machine_ws/install/yasmin_msgs:/home/rosbuntu/Desktop/state_machine_ws/install/yasmin:${AMENT_PREFIX_PATH} CMAKE_PREFIX_PATH=/home/rosbuntu/Desktop/state_machine_ws/install/yasmin_viewer:/home/rosbuntu/Desktop/state_machine_ws/install/yasmin_ros:/home/rosbuntu/Desktop/state_machine_ws/install/yasmin_msgs:/home/rosbuntu/Desktop/state_machine_ws/install/yasmin:/opt/ros/humble LD_LIBRARY_PATH=/home/rosbuntu/Desktop/state_machine_ws/install/yasmin_viewer/lib:/home/rosbuntu/Desktop/state_machine_ws/install/yasmin_ros/lib:/home/rosbuntu/Desktop/state_machine_ws/install/yasmin_msgs/lib:/home/rosbuntu/Desktop/state_machine_ws/install/yasmin/lib:${LD_LIBRARY_PATH} PYTHONPATH=/home/rosbuntu/Desktop/state_machine_ws/install/yasmin_viewer/local/lib/python3.10/dist-packages:/home/rosbuntu/Desktop/state_machine_ws/install/yasmin_ros/local/lib/python3.10/dist-packages:/home/rosbuntu/Desktop/state_machine_ws/install/yasmin_msgs/local/lib/python3.10/dist-packages:/home/rosbuntu/Desktop/state_machine_ws/install/yasmin/local/lib/python3.10/dist-packages:${PYTHONPATH} /usr/bin/cmake --build /home/rosbuntu/Desktop/state_machine_ws/build/yasmin_demos -- -j4 -l4
[17.310s] Invoking command in '/home/rosbuntu/Desktop/state_machine_ws/build/yasmin_demos': AMENT_PREFIX_PATH=/home/rosbuntu/Desktop/state_machine_ws/install/yasmin_viewer:/home/rosbuntu/Desktop/state_machine_ws/install/yasmin_ros:/home/rosbuntu/Desktop/state_machine_ws/install/yasmin_msgs:/home/rosbuntu/Desktop/state_machine_ws/install/yasmin:${AMENT_PREFIX_PATH} CMAKE_PREFIX_PATH=/home/rosbuntu/Desktop/state_machine_ws/install/yasmin_viewer:/home/rosbuntu/Desktop/state_machine_ws/install/yasmin_ros:/home/rosbuntu/Desktop/state_machine_ws/install/yasmin_msgs:/home/rosbuntu/Desktop/state_machine_ws/install/yasmin:/opt/ros/humble LD_LIBRARY_PATH=/home/rosbuntu/Desktop/state_machine_ws/install/yasmin_viewer/lib:/home/rosbuntu/Desktop/state_machine_ws/install/yasmin_ros/lib:/home/rosbuntu/Desktop/state_machine_ws/install/yasmin_msgs/lib:/home/rosbuntu/Desktop/state_machine_ws/install/yasmin/lib:${LD_LIBRARY_PATH} PYTHONPATH=/home/rosbuntu/Desktop/state_machine_ws/install/yasmin_viewer/local/lib/python3.10/dist-packages:/home/rosbuntu/Desktop/state_machine_ws/install/yasmin_ros/local/lib/python3.10/dist-packages:/home/rosbuntu/Desktop/state_machine_ws/install/yasmin_msgs/local/lib/python3.10/dist-packages:/home/rosbuntu/Desktop/state_machine_ws/install/yasmin/local/lib/python3.10/dist-packages:${PYTHONPATH} /usr/bin/cmake --install /home/rosbuntu/Desktop/state_machine_ws/build/yasmin_demos
[17.322s] -- Install configuration: ""
[17.323s] -- Installing: /home/rosbuntu/Desktop/state_machine_ws/install/yasmin_demos/lib/yasmin_demos/yasmin_demo
[17.326s] -- Set runtime path of "/home/rosbuntu/Desktop/state_machine_ws/install/yasmin_demos/lib/yasmin_demos/yasmin_demo" to ""
[17.326s] -- Installing: /home/rosbuntu/Desktop/state_machine_ws/install/yasmin_demos/lib/yasmin_demos/monitor_demo
[17.333s] -- Set runtime path of "/home/rosbuntu/Desktop/state_machine_ws/install/yasmin_demos/lib/yasmin_demos/monitor_demo" to ""
[17.333s] -- Installing: /home/rosbuntu/Desktop/state_machine_ws/install/yasmin_demos/lib/yasmin_demos/service_client_demo
[17.337s] -- Set runtime path of "/home/rosbuntu/Desktop/state_machine_ws/install/yasmin_demos/lib/yasmin_demos/service_client_demo" to ""
[17.337s] -- Installing: /home/rosbuntu/Desktop/state_machine_ws/install/yasmin_demos/lib/yasmin_demos/action_client_demo
[17.340s] -- Set runtime path of "/home/rosbuntu/Desktop/state_machine_ws/install/yasmin_demos/lib/yasmin_demos/action_client_demo" to ""
[17.341s] -- Installing: /home/rosbuntu/Desktop/state_machine_ws/install/yasmin_demos/share/yasmin_demos/environment/library_path.sh
[17.341s] -- Installing: /home/rosbuntu/Desktop/state_machine_ws/install/yasmin_demos/share/yasmin_demos/environment/library_path.dsv
[17.342s] -- Installing: /home/rosbuntu/Desktop/state_machine_ws/install/yasmin_demos/share/yasmin_demos/environment/pythonpath.sh
[17.342s] -- Installing: /home/rosbuntu/Desktop/state_machine_ws/install/yasmin_demos/share/yasmin_demos/environment/pythonpath.dsv
[17.343s] -- Installing: /home/rosbuntu/Desktop/state_machine_ws/install/yasmin_demos/local/lib/python3.10/dist-packages/yasmin_demos-2.3.1-py3.10.egg-info
[17.343s] -- Installing: /home/rosbuntu/Desktop/state_machine_ws/install/yasmin_demos/local/lib/python3.10/dist-packages/yasmin_demos-2.3.1-py3.10.egg-info/dependency_links.txt
[17.343s] -- Installing: /home/rosbuntu/Desktop/state_machine_ws/install/yasmin_demos/local/lib/python3.10/dist-packages/yasmin_demos-2.3.1-py3.10.egg-info/PKG-INFO
[17.344s] -- Installing: /home/rosbuntu/Desktop/state_machine_ws/install/yasmin_demos/local/lib/python3.10/dist-packages/yasmin_demos-2.3.1-py3.10.egg-info/top_level.txt
[17.344s] -- Installing: /home/rosbuntu/Desktop/state_machine_ws/install/yasmin_demos/local/lib/python3.10/dist-packages/yasmin_demos-2.3.1-py3.10.egg-info/SOURCES.txt
[17.344s] -- Installing: /home/rosbuntu/Desktop/state_machine_ws/install/yasmin_demos/local/lib/python3.10/dist-packages/yasmin_demos
[17.344s] -- Installing: /home/rosbuntu/Desktop/state_machine_ws/install/yasmin_demos/local/lib/python3.10/dist-packages/yasmin_demos/yasmin_demo.py
[17.345s] -- Installing: /home/rosbuntu/Desktop/state_machine_ws/install/yasmin_demos/local/lib/python3.10/dist-packages/yasmin_demos/monitor_demo.py
[17.345s] -- Installing: /home/rosbuntu/Desktop/state_machine_ws/install/yasmin_demos/local/lib/python3.10/dist-packages/yasmin_demos/__init__.py
[17.346s] -- Installing: /home/rosbuntu/Desktop/state_machine_ws/install/yasmin_demos/local/lib/python3.10/dist-packages/yasmin_demos/nav_demo.py
[17.346s] -- Installing: /home/rosbuntu/Desktop/state_machine_ws/install/yasmin_demos/local/lib/python3.10/dist-packages/yasmin_demos/action_client_demo.py
[17.346s] -- Installing: /home/rosbuntu/Desktop/state_machine_ws/install/yasmin_demos/local/lib/python3.10/dist-packages/yasmin_demos/service_client_demo.py
[17.388s] Listing '/home/rosbuntu/Desktop/state_machine_ws/install/yasmin_demos/local/lib/python3.10/dist-packages/yasmin_demos'...
[17.388s] Compiling '/home/rosbuntu/Desktop/state_machine_ws/install/yasmin_demos/local/lib/python3.10/dist-packages/yasmin_demos/__init__.py'...
[17.388s] Compiling '/home/rosbuntu/Desktop/state_machine_ws/install/yasmin_demos/local/lib/python3.10/dist-packages/yasmin_demos/action_client_demo.py'...
[17.389s] Compiling '/home/rosbuntu/Desktop/state_machine_ws/install/yasmin_demos/local/lib/python3.10/dist-packages/yasmin_demos/monitor_demo.py'...
[17.389s] Compiling '/home/rosbuntu/Desktop/state_machine_ws/install/yasmin_demos/local/lib/python3.10/dist-packages/yasmin_demos/nav_demo.py'...
[17.389s] Compiling '/home/rosbuntu/Desktop/state_machine_ws/install/yasmin_demos/local/lib/python3.10/dist-packages/yasmin_demos/service_client_demo.py'...
[17.389s] Compiling '/home/rosbuntu/Desktop/state_machine_ws/install/yasmin_demos/local/lib/python3.10/dist-packages/yasmin_demos/yasmin_demo.py'...
[17.393s] -- Installing: /home/rosbuntu/Desktop/state_machine_ws/install/yasmin_demos/lib/yasmin_demos/yasmin_demo.py
[17.394s] -- Installing: /home/rosbuntu/Desktop/state_machine_ws/install/yasmin_demos/lib/yasmin_demos/monitor_demo.py
[17.394s] -- Installing: /home/rosbuntu/Desktop/state_machine_ws/install/yasmin_demos/lib/yasmin_demos/service_client_demo.py
[17.395s] -- Installing: /home/rosbuntu/Desktop/state_machine_ws/install/yasmin_demos/lib/yasmin_demos/action_client_demo.py
[17.395s] -- Installing: /home/rosbuntu/Desktop/state_machine_ws/install/yasmin_demos/lib/yasmin_demos/nav_demo.py
[17.396s] -- Installing: /home/rosbuntu/Desktop/state_machine_ws/install/yasmin_demos/share/ament_index/resource_index/package_run_dependencies/yasmin_demos
[17.396s] -- Installing: /home/rosbuntu/Desktop/state_machine_ws/install/yasmin_demos/share/ament_index/resource_index/parent_prefix_path/yasmin_demos
[17.397s] -- Installing: /home/rosbuntu/Desktop/state_machine_ws/install/yasmin_demos/share/yasmin_demos/environment/ament_prefix_path.sh
[17.397s] -- Installing: /home/rosbuntu/Desktop/state_machine_ws/install/yasmin_demos/share/yasmin_demos/environment/ament_prefix_path.dsv
[17.397s] -- Installing: /home/rosbuntu/Desktop/state_machine_ws/install/yasmin_demos/share/yasmin_demos/environment/path.sh
[17.397s] -- Installing: /home/rosbuntu/Desktop/state_machine_ws/install/yasmin_demos/share/yasmin_demos/environment/path.dsv
[17.398s] -- Installing: /home/rosbuntu/Desktop/state_machine_ws/install/yasmin_demos/share/yasmin_demos/local_setup.bash
[17.398s] -- Installing: /home/rosbuntu/Desktop/state_machine_ws/install/yasmin_demos/share/yasmin_demos/local_setup.sh
[17.398s] -- Installing: /home/rosbuntu/Desktop/state_machine_ws/install/yasmin_demos/share/yasmin_demos/local_setup.zsh
[17.400s] -- Installing: /home/rosbuntu/Desktop/state_machine_ws/install/yasmin_demos/share/yasmin_demos/local_setup.dsv
[17.401s] -- Installing: /home/rosbuntu/Desktop/state_machine_ws/install/yasmin_demos/share/yasmin_demos/package.dsv
[17.402s] -- Installing: /home/rosbuntu/Desktop/state_machine_ws/install/yasmin_demos/share/ament_index/resource_index/packages/yasmin_demos
[17.403s] -- Installing: /home/rosbuntu/Desktop/state_machine_ws/install/yasmin_demos/share/yasmin_demos/cmake/ament_cmake_export_include_directories-extras.cmake
[17.404s] -- Installing: /home/rosbuntu/Desktop/state_machine_ws/install/yasmin_demos/share/yasmin_demos/cmake/ament_cmake_export_libraries-extras.cmake
[17.404s] -- Installing: /home/rosbuntu/Desktop/state_machine_ws/install/yasmin_demos/share/yasmin_demos/cmake/yasmin_demosConfig.cmake
[17.405s] -- Installing: /home/rosbuntu/Desktop/state_machine_ws/install/yasmin_demos/share/yasmin_demos/cmake/yasmin_demosConfig-version.cmake
[17.405s] -- Installing: /home/rosbuntu/Desktop/state_machine_ws/install/yasmin_demos/share/yasmin_demos/package.xml
[17.411s] Invoked command in '/home/rosbuntu/Desktop/state_machine_ws/build/yasmin_demos' returned '0': AMENT_PREFIX_PATH=/home/rosbuntu/Desktop/state_machine_ws/install/yasmin_viewer:/home/rosbuntu/Desktop/state_machine_ws/install/yasmin_ros:/home/rosbuntu/Desktop/state_machine_ws/install/yasmin_msgs:/home/rosbuntu/Desktop/state_machine_ws/install/yasmin:${AMENT_PREFIX_PATH} CMAKE_PREFIX_PATH=/home/rosbuntu/Desktop/state_machine_ws/install/yasmin_viewer:/home/rosbuntu/Desktop/state_machine_ws/install/yasmin_ros:/home/rosbuntu/Desktop/state_machine_ws/install/yasmin_msgs:/home/rosbuntu/Desktop/state_machine_ws/install/yasmin:/opt/ros/humble LD_LIBRARY_PATH=/home/rosbuntu/Desktop/state_machine_ws/install/yasmin_viewer/lib:/home/rosbuntu/Desktop/state_machine_ws/install/yasmin_ros/lib:/home/rosbuntu/Desktop/state_machine_ws/install/yasmin_msgs/lib:/home/rosbuntu/Desktop/state_machine_ws/install/yasmin/lib:${LD_LIBRARY_PATH} PYTHONPATH=/home/rosbuntu/Desktop/state_machine_ws/install/yasmin_viewer/local/lib/python3.10/dist-packages:/home/rosbuntu/Desktop/state_machine_ws/install/yasmin_ros/local/lib/python3.10/dist-packages:/home/rosbuntu/Desktop/state_machine_ws/install/yasmin_msgs/local/lib/python3.10/dist-packages:/home/rosbuntu/Desktop/state_machine_ws/install/yasmin/local/lib/python3.10/dist-packages:${PYTHONPATH} /usr/bin/cmake --install /home/rosbuntu/Desktop/state_machine_ws/build/yasmin_demos
