-- The C compiler identification is GNU 11.4.0
-- The CXX compiler identification is GNU 11.4.0
-- Detecting C compiler ABI info
-- Detecting C compiler ABI info - done
-- Check for working C compiler: /usr/bin/cc - skipped
-- Detecting C compile features
-- Detecting C compile features - done
-- Detecting CXX compiler ABI info
-- Detecting CXX compiler ABI info - done
-- Check for working CXX compiler: /usr/bin/c++ - skipped
-- Detecting CXX compile features
-- Detecting CXX compile features - done
-- Found ament_cmake: 1.3.9 (/opt/ros/humble/share/ament_cmake/cmake)
-- Found Python3: /usr/bin/python3 (found version "3.10.12") found components: Interpreter 
-- Found rclcpp: 16.0.9 (/opt/ros/humble/share/rclcpp/cmake)
-- Found rosidl_generator_c: 3.1.5 (/opt/ros/humble/share/rosidl_generator_c/cmake)
-- Found rosidl_adapter: 3.1.5 (/opt/ros/humble/share/rosidl_adapter/cmake)
-- Found rosidl_generator_cpp: 3.1.5 (/opt/ros/humble/share/rosidl_generator_cpp/cmake)
-- Using all available rosidl_typesupport_c: rosidl_typesupport_fastrtps_c;rosidl_typesupport_introspection_c
-- Using all available rosidl_typesupport_cpp: rosidl_typesupport_fastrtps_cpp;rosidl_typesupport_introspection_cpp
-- Found rmw_implementation_cmake: 6.1.2 (/opt/ros/humble/share/rmw_implementation_cmake/cmake)
-- Found rmw_fastrtps_cpp: 6.2.6 (/opt/ros/humble/share/rmw_fastrtps_cpp/cmake)
-- Found OpenSSL: /usr/lib/x86_64-linux-gnu/libcrypto.so (found version "3.0.2")  
-- Found FastRTPS: /opt/ros/humble/include  
-- Using RMW implementation 'rmw_fastrtps_cpp' as default
-- Looking for pthread.h
-- Looking for pthread.h - found
-- Performing Test CMAKE_HAVE_LIBC_PTHREAD
-- Performing Test CMAKE_HAVE_LIBC_PTHREAD - Success
-- Found Threads: TRUE  
-- Found rclpy: 3.3.13 (/opt/ros/humble/share/rclpy/cmake)
-- Found yasmin: 2.3.1 (/home/rosbuntu/Desktop/state_machine_ws/install/yasmin/share/yasmin/cmake)
-- Found yasmin_ros: 2.3.1 (/home/rosbuntu/Desktop/state_machine_ws/install/yasmin_ros/share/yasmin_ros/cmake)
-- Found yasmin_msgs: 2.3.1 (/home/rosbuntu/Desktop/state_machine_ws/install/yasmin_msgs/share/yasmin_msgs/cmake)
-- Configuring done
-- Generating done
-- Build files have been written to: /home/rosbuntu/Desktop/state_machine_ws/build/yasmin_viewer
[ 50%] [32mBuilding CXX object CMakeFiles/yasmin_viewer_lib.dir/src/yasmin_viewer/yasmin_viewer_pub.cpp.o[0m
[ 50%] Built target ament_cmake_python_copy_yasmin_viewer
running egg_info
creating yasmin_viewer.egg-info
writing yasmin_viewer.egg-info/PKG-INFO
writing dependency_links to yasmin_viewer.egg-info/dependency_links.txt
writing top-level names to yasmin_viewer.egg-info/top_level.txt
writing manifest file 'yasmin_viewer.egg-info/SOURCES.txt'
reading manifest file 'yasmin_viewer.egg-info/SOURCES.txt'
writing manifest file 'yasmin_viewer.egg-info/SOURCES.txt'
[ 50%] Built target ament_cmake_python_build_yasmin_viewer_egg
[100%] [32m[1mLinking CXX static library libyasmin_viewer_lib.a[0m
[100%] Built target yasmin_viewer_lib
-- Install configuration: ""
-- Installing: /home/rosbuntu/Desktop/state_machine_ws/install/yasmin_viewer/lib/libyasmin_viewer_lib.a
-- Installing: /home/rosbuntu/Desktop/state_machine_ws/install/yasmin_viewer/include/
-- Installing: /home/rosbuntu/Desktop/state_machine_ws/install/yasmin_viewer/include//yasmin_viewer
-- Installing: /home/rosbuntu/Desktop/state_machine_ws/install/yasmin_viewer/include//yasmin_viewer/yasmin_viewer_pub.hpp
-- Installing: /home/rosbuntu/Desktop/state_machine_ws/install/yasmin_viewer/share/yasmin_viewer/yasmin_viewer_web_client/
-- Installing: /home/rosbuntu/Desktop/state_machine_ws/install/yasmin_viewer/share/yasmin_viewer/yasmin_viewer_web_client//static
-- Installing: /home/rosbuntu/Desktop/state_machine_ws/install/yasmin_viewer/share/yasmin_viewer/yasmin_viewer_web_client//static/js
-- Installing: /home/rosbuntu/Desktop/state_machine_ws/install/yasmin_viewer/share/yasmin_viewer/yasmin_viewer_web_client//static/js/787.d1eb2cfc.chunk.js
-- Installing: /home/rosbuntu/Desktop/state_machine_ws/install/yasmin_viewer/share/yasmin_viewer/yasmin_viewer_web_client//static/js/main.e6d78718.js.LICENSE.txt
-- Installing: /home/rosbuntu/Desktop/state_machine_ws/install/yasmin_viewer/share/yasmin_viewer/yasmin_viewer_web_client//static/js/main.e6d78718.js.map
-- Installing: /home/rosbuntu/Desktop/state_machine_ws/install/yasmin_viewer/share/yasmin_viewer/yasmin_viewer_web_client//static/js/787.d1eb2cfc.chunk.js.map
-- Installing: /home/rosbuntu/Desktop/state_machine_ws/install/yasmin_viewer/share/yasmin_viewer/yasmin_viewer_web_client//static/js/main.e6d78718.js
-- Installing: /home/rosbuntu/Desktop/state_machine_ws/install/yasmin_viewer/share/yasmin_viewer/yasmin_viewer_web_client//static/css
-- Installing: /home/rosbuntu/Desktop/state_machine_ws/install/yasmin_viewer/share/yasmin_viewer/yasmin_viewer_web_client//static/css/main.073c9b0a.css
-- Installing: /home/rosbuntu/Desktop/state_machine_ws/install/yasmin_viewer/share/yasmin_viewer/yasmin_viewer_web_client//static/css/main.073c9b0a.css.map
-- Installing: /home/rosbuntu/Desktop/state_machine_ws/install/yasmin_viewer/share/yasmin_viewer/yasmin_viewer_web_client//robots.txt
-- Installing: /home/rosbuntu/Desktop/state_machine_ws/install/yasmin_viewer/share/yasmin_viewer/yasmin_viewer_web_client//index.html
-- Installing: /home/rosbuntu/Desktop/state_machine_ws/install/yasmin_viewer/share/yasmin_viewer/yasmin_viewer_web_client//asset-manifest.json
-- Installing: /home/rosbuntu/Desktop/state_machine_ws/install/yasmin_viewer/share/yasmin_viewer/yasmin_viewer_web_client//logo192.png
-- Installing: /home/rosbuntu/Desktop/state_machine_ws/install/yasmin_viewer/share/yasmin_viewer/yasmin_viewer_web_client//logo512.png
-- Installing: /home/rosbuntu/Desktop/state_machine_ws/install/yasmin_viewer/share/yasmin_viewer/yasmin_viewer_web_client//manifest.json
-- Installing: /home/rosbuntu/Desktop/state_machine_ws/install/yasmin_viewer/share/yasmin_viewer/yasmin_viewer_web_client//favicon.ico
-- Installing: /home/rosbuntu/Desktop/state_machine_ws/install/yasmin_viewer/share/yasmin_viewer/environment/library_path.sh
-- Installing: /home/rosbuntu/Desktop/state_machine_ws/install/yasmin_viewer/share/yasmin_viewer/environment/library_path.dsv
-- Installing: /home/rosbuntu/Desktop/state_machine_ws/install/yasmin_viewer/share/yasmin_viewer/environment/pythonpath.sh
-- Installing: /home/rosbuntu/Desktop/state_machine_ws/install/yasmin_viewer/share/yasmin_viewer/environment/pythonpath.dsv
-- Installing: /home/rosbuntu/Desktop/state_machine_ws/install/yasmin_viewer/local/lib/python3.10/dist-packages/yasmin_viewer-2.3.1-py3.10.egg-info
-- Installing: /home/rosbuntu/Desktop/state_machine_ws/install/yasmin_viewer/local/lib/python3.10/dist-packages/yasmin_viewer-2.3.1-py3.10.egg-info/dependency_links.txt
-- Installing: /home/rosbuntu/Desktop/state_machine_ws/install/yasmin_viewer/local/lib/python3.10/dist-packages/yasmin_viewer-2.3.1-py3.10.egg-info/PKG-INFO
-- Installing: /home/rosbuntu/Desktop/state_machine_ws/install/yasmin_viewer/local/lib/python3.10/dist-packages/yasmin_viewer-2.3.1-py3.10.egg-info/top_level.txt
-- Installing: /home/rosbuntu/Desktop/state_machine_ws/install/yasmin_viewer/local/lib/python3.10/dist-packages/yasmin_viewer-2.3.1-py3.10.egg-info/SOURCES.txt
-- Installing: /home/rosbuntu/Desktop/state_machine_ws/install/yasmin_viewer/local/lib/python3.10/dist-packages/yasmin_viewer
-- Installing: /home/rosbuntu/Desktop/state_machine_ws/install/yasmin_viewer/local/lib/python3.10/dist-packages/yasmin_viewer/yasmin_viewer_pub.py
-- Installing: /home/rosbuntu/Desktop/state_machine_ws/install/yasmin_viewer/local/lib/python3.10/dist-packages/yasmin_viewer/__init__.py
-- Installing: /home/rosbuntu/Desktop/state_machine_ws/install/yasmin_viewer/local/lib/python3.10/dist-packages/yasmin_viewer/yasmin_viewer_node.py
Listing '/home/rosbuntu/Desktop/state_machine_ws/install/yasmin_viewer/local/lib/python3.10/dist-packages/yasmin_viewer'...
Compiling '/home/rosbuntu/Desktop/state_machine_ws/install/yasmin_viewer/local/lib/python3.10/dist-packages/yasmin_viewer/__init__.py'...
Compiling '/home/rosbuntu/Desktop/state_machine_ws/install/yasmin_viewer/local/lib/python3.10/dist-packages/yasmin_viewer/yasmin_viewer_node.py'...
Compiling '/home/rosbuntu/Desktop/state_machine_ws/install/yasmin_viewer/local/lib/python3.10/dist-packages/yasmin_viewer/yasmin_viewer_pub.py'...
-- Installing: /home/rosbuntu/Desktop/state_machine_ws/install/yasmin_viewer/lib/yasmin_viewer/yasmin_viewer_node
-- Installing: /home/rosbuntu/Desktop/state_machine_ws/install/yasmin_viewer/share/ament_index/resource_index/package_run_dependencies/yasmin_viewer
-- Installing: /home/rosbuntu/Desktop/state_machine_ws/install/yasmin_viewer/share/ament_index/resource_index/parent_prefix_path/yasmin_viewer
-- Installing: /home/rosbuntu/Desktop/state_machine_ws/install/yasmin_viewer/share/yasmin_viewer/environment/ament_prefix_path.sh
-- Installing: /home/rosbuntu/Desktop/state_machine_ws/install/yasmin_viewer/share/yasmin_viewer/environment/ament_prefix_path.dsv
-- Installing: /home/rosbuntu/Desktop/state_machine_ws/install/yasmin_viewer/share/yasmin_viewer/environment/path.sh
-- Installing: /home/rosbuntu/Desktop/state_machine_ws/install/yasmin_viewer/share/yasmin_viewer/environment/path.dsv
-- Installing: /home/rosbuntu/Desktop/state_machine_ws/install/yasmin_viewer/share/yasmin_viewer/local_setup.bash
-- Installing: /home/rosbuntu/Desktop/state_machine_ws/install/yasmin_viewer/share/yasmin_viewer/local_setup.sh
-- Installing: /home/rosbuntu/Desktop/state_machine_ws/install/yasmin_viewer/share/yasmin_viewer/local_setup.zsh
-- Installing: /home/rosbuntu/Desktop/state_machine_ws/install/yasmin_viewer/share/yasmin_viewer/local_setup.dsv
-- Installing: /home/rosbuntu/Desktop/state_machine_ws/install/yasmin_viewer/share/yasmin_viewer/package.dsv
-- Installing: /home/rosbuntu/Desktop/state_machine_ws/install/yasmin_viewer/share/ament_index/resource_index/packages/yasmin_viewer
-- Installing: /home/rosbuntu/Desktop/state_machine_ws/install/yasmin_viewer/share/yasmin_viewer/cmake/ament_cmake_export_include_directories-extras.cmake
-- Installing: /home/rosbuntu/Desktop/state_machine_ws/install/yasmin_viewer/share/yasmin_viewer/cmake/ament_cmake_export_libraries-extras.cmake
-- Installing: /home/rosbuntu/Desktop/state_machine_ws/install/yasmin_viewer/share/yasmin_viewer/cmake/ament_cmake_export_dependencies-extras.cmake
-- Installing: /home/rosbuntu/Desktop/state_machine_ws/install/yasmin_viewer/share/yasmin_viewer/cmake/yasmin_viewerConfig.cmake
-- Installing: /home/rosbuntu/Desktop/state_machine_ws/install/yasmin_viewer/share/yasmin_viewer/cmake/yasmin_viewerConfig-version.cmake
-- Installing: /home/rosbuntu/Desktop/state_machine_ws/install/yasmin_viewer/share/yasmin_viewer/package.xml
