[0.034s] Invoking command in '/home/rosbuntu/Desktop/state_machine_ws/build/yasmin_viewer': AMENT_PREFIX_PATH=/home/rosbuntu/Desktop/state_machine_ws/install/yasmin_ros:/home/rosbuntu/Desktop/state_machine_ws/install/yasmin_msgs:/home/rosbuntu/Desktop/state_machine_ws/install/yasmin:${AMENT_PREFIX_PATH} CMAKE_PREFIX_PATH=/home/rosbuntu/Desktop/state_machine_ws/install/yasmin_ros:/home/rosbuntu/Desktop/state_machine_ws/install/yasmin_msgs:/home/rosbuntu/Desktop/state_machine_ws/install/yasmin:/opt/ros/humble LD_LIBRARY_PATH=/home/rosbuntu/Desktop/state_machine_ws/install/yasmin_ros/lib:/home/rosbuntu/Desktop/state_machine_ws/install/yasmin_msgs/lib:/home/rosbuntu/Desktop/state_machine_ws/install/yasmin/lib:${LD_LIBRARY_PATH} PYTHONPATH=/home/rosbuntu/Desktop/state_machine_ws/install/yasmin_ros/local/lib/python3.10/dist-packages:/home/rosbuntu/Desktop/state_machine_ws/install/yasmin_msgs/local/lib/python3.10/dist-packages:/home/rosbuntu/Desktop/state_machine_ws/install/yasmin/local/lib/python3.10/dist-packages:${PYTHONPATH} /usr/bin/cmake /home/rosbuntu/Desktop/state_machine_ws/src/yasmin/yasmin_viewer -DCMAKE_INSTALL_PREFIX=/home/rosbuntu/Desktop/state_machine_ws/install/yasmin_viewer
[0.122s] -- The C compiler identification is GNU 11.4.0
[0.209s] -- The CXX compiler identification is GNU 11.4.0
[0.220s] -- Detecting C compiler ABI info
[0.338s] -- Detecting C compiler ABI info - done
[0.347s] -- Check for working C compiler: /usr/bin/cc - skipped
[0.348s] -- Detecting C compile features
[0.348s] -- Detecting C compile features - done
[0.354s] -- Detecting CXX compiler ABI info
[0.484s] -- Detecting CXX compiler ABI info - done
[0.489s] -- Check for working CXX compiler: /usr/bin/c++ - skipped
[0.490s] -- Detecting CXX compile features
[0.490s] -- Detecting CXX compile features - done
[0.495s] -- Found ament_cmake: 1.3.9 (/opt/ros/humble/share/ament_cmake/cmake)
[0.690s] -- Found Python3: /usr/bin/python3 (found version "3.10.12") found components: Interpreter 
[0.812s] -- Found rclcpp: 16.0.9 (/opt/ros/humble/share/rclcpp/cmake)
[0.871s] -- Found rosidl_generator_c: 3.1.5 (/opt/ros/humble/share/rosidl_generator_c/cmake)
[0.877s] -- Found rosidl_adapter: 3.1.5 (/opt/ros/humble/share/rosidl_adapter/cmake)
[0.888s] -- Found rosidl_generator_cpp: 3.1.5 (/opt/ros/humble/share/rosidl_generator_cpp/cmake)
[0.904s] -- Using all available rosidl_typesupport_c: rosidl_typesupport_fastrtps_c;rosidl_typesupport_introspection_c
[0.927s] -- Using all available rosidl_typesupport_cpp: rosidl_typesupport_fastrtps_cpp;rosidl_typesupport_introspection_cpp
[1.008s] -- Found rmw_implementation_cmake: 6.1.2 (/opt/ros/humble/share/rmw_implementation_cmake/cmake)
[1.012s] -- Found rmw_fastrtps_cpp: 6.2.6 (/opt/ros/humble/share/rmw_fastrtps_cpp/cmake)
[1.172s] -- Found OpenSSL: /usr/lib/x86_64-linux-gnu/libcrypto.so (found version "3.0.2")  
[1.205s] -- Found FastRTPS: /opt/ros/humble/include  
[1.265s] -- Using RMW implementation 'rmw_fastrtps_cpp' as default
[1.276s] -- Looking for pthread.h
[1.395s] -- Looking for pthread.h - found
[1.396s] -- Performing Test CMAKE_HAVE_LIBC_PTHREAD
[1.511s] -- Performing Test CMAKE_HAVE_LIBC_PTHREAD - Success
[1.511s] -- Found Threads: TRUE  
[1.717s] -- Found rclpy: 3.3.13 (/opt/ros/humble/share/rclpy/cmake)
[1.718s] -- Found yasmin: 2.3.1 (/home/rosbuntu/Desktop/state_machine_ws/install/yasmin/share/yasmin/cmake)
[1.722s] -- Found yasmin_ros: 2.3.1 (/home/rosbuntu/Desktop/state_machine_ws/install/yasmin_ros/share/yasmin_ros/cmake)
[1.838s] -- Found yasmin_msgs: 2.3.1 (/home/rosbuntu/Desktop/state_machine_ws/install/yasmin_msgs/share/yasmin_msgs/cmake)
[2.120s] -- Configuring done
[2.191s] -- Generating done
[2.195s] -- Build files have been written to: /home/rosbuntu/Desktop/state_machine_ws/build/yasmin_viewer
[2.208s] Invoked command in '/home/rosbuntu/Desktop/state_machine_ws/build/yasmin_viewer' returned '0': AMENT_PREFIX_PATH=/home/rosbuntu/Desktop/state_machine_ws/install/yasmin_ros:/home/rosbuntu/Desktop/state_machine_ws/install/yasmin_msgs:/home/rosbuntu/Desktop/state_machine_ws/install/yasmin:${AMENT_PREFIX_PATH} CMAKE_PREFIX_PATH=/home/rosbuntu/Desktop/state_machine_ws/install/yasmin_ros:/home/rosbuntu/Desktop/state_machine_ws/install/yasmin_msgs:/home/rosbuntu/Desktop/state_machine_ws/install/yasmin:/opt/ros/humble LD_LIBRARY_PATH=/home/rosbuntu/Desktop/state_machine_ws/install/yasmin_ros/lib:/home/rosbuntu/Desktop/state_machine_ws/install/yasmin_msgs/lib:/home/rosbuntu/Desktop/state_machine_ws/install/yasmin/lib:${LD_LIBRARY_PATH} PYTHONPATH=/home/rosbuntu/Desktop/state_machine_ws/install/yasmin_ros/local/lib/python3.10/dist-packages:/home/rosbuntu/Desktop/state_machine_ws/install/yasmin_msgs/local/lib/python3.10/dist-packages:/home/rosbuntu/Desktop/state_machine_ws/install/yasmin/local/lib/python3.10/dist-packages:${PYTHONPATH} /usr/bin/cmake /home/rosbuntu/Desktop/state_machine_ws/src/yasmin/yasmin_viewer -DCMAKE_INSTALL_PREFIX=/home/rosbuntu/Desktop/state_machine_ws/install/yasmin_viewer
[2.211s] Invoking command in '/home/rosbuntu/Desktop/state_machine_ws/build/yasmin_viewer': AMENT_PREFIX_PATH=/home/rosbuntu/Desktop/state_machine_ws/install/yasmin_ros:/home/rosbuntu/Desktop/state_machine_ws/install/yasmin_msgs:/home/rosbuntu/Desktop/state_machine_ws/install/yasmin:${AMENT_PREFIX_PATH} CMAKE_PREFIX_PATH=/home/rosbuntu/Desktop/state_machine_ws/install/yasmin_ros:/home/rosbuntu/Desktop/state_machine_ws/install/yasmin_msgs:/home/rosbuntu/Desktop/state_machine_ws/install/yasmin:/opt/ros/humble LD_LIBRARY_PATH=/home/rosbuntu/Desktop/state_machine_ws/install/yasmin_ros/lib:/home/rosbuntu/Desktop/state_machine_ws/install/yasmin_msgs/lib:/home/rosbuntu/Desktop/state_machine_ws/install/yasmin/lib:${LD_LIBRARY_PATH} PYTHONPATH=/home/rosbuntu/Desktop/state_machine_ws/install/yasmin_ros/local/lib/python3.10/dist-packages:/home/rosbuntu/Desktop/state_machine_ws/install/yasmin_msgs/local/lib/python3.10/dist-packages:/home/rosbuntu/Desktop/state_machine_ws/install/yasmin/local/lib/python3.10/dist-packages:${PYTHONPATH} /usr/bin/cmake --build /home/rosbuntu/Desktop/state_machine_ws/build/yasmin_viewer -- -j4 -l4
[2.308s] [ 50%] [32mBuilding CXX object CMakeFiles/yasmin_viewer_lib.dir/src/yasmin_viewer/yasmin_viewer_pub.cpp.o[0m
[2.322s] [ 50%] Built target ament_cmake_python_copy_yasmin_viewer
[2.677s] running egg_info
[2.679s] creating yasmin_viewer.egg-info
[2.679s] writing yasmin_viewer.egg-info/PKG-INFO
[2.680s] writing dependency_links to yasmin_viewer.egg-info/dependency_links.txt
[2.681s] writing top-level names to yasmin_viewer.egg-info/top_level.txt
[2.682s] writing manifest file 'yasmin_viewer.egg-info/SOURCES.txt'
[2.685s] reading manifest file 'yasmin_viewer.egg-info/SOURCES.txt'
[2.687s] writing manifest file 'yasmin_viewer.egg-info/SOURCES.txt'
[2.737s] [ 50%] Built target ament_cmake_python_build_yasmin_viewer_egg
[7.710s] [100%] [32m[1mLinking CXX static library libyasmin_viewer_lib.a[0m
[7.839s] [100%] Built target yasmin_viewer_lib
[7.858s] Invoked command in '/home/rosbuntu/Desktop/state_machine_ws/build/yasmin_viewer' returned '0': AMENT_PREFIX_PATH=/home/rosbuntu/Desktop/state_machine_ws/install/yasmin_ros:/home/rosbuntu/Desktop/state_machine_ws/install/yasmin_msgs:/home/rosbuntu/Desktop/state_machine_ws/install/yasmin:${AMENT_PREFIX_PATH} CMAKE_PREFIX_PATH=/home/rosbuntu/Desktop/state_machine_ws/install/yasmin_ros:/home/rosbuntu/Desktop/state_machine_ws/install/yasmin_msgs:/home/rosbuntu/Desktop/state_machine_ws/install/yasmin:/opt/ros/humble LD_LIBRARY_PATH=/home/rosbuntu/Desktop/state_machine_ws/install/yasmin_ros/lib:/home/rosbuntu/Desktop/state_machine_ws/install/yasmin_msgs/lib:/home/rosbuntu/Desktop/state_machine_ws/install/yasmin/lib:${LD_LIBRARY_PATH} PYTHONPATH=/home/rosbuntu/Desktop/state_machine_ws/install/yasmin_ros/local/lib/python3.10/dist-packages:/home/rosbuntu/Desktop/state_machine_ws/install/yasmin_msgs/local/lib/python3.10/dist-packages:/home/rosbuntu/Desktop/state_machine_ws/install/yasmin/local/lib/python3.10/dist-packages:${PYTHONPATH} /usr/bin/cmake --build /home/rosbuntu/Desktop/state_machine_ws/build/yasmin_viewer -- -j4 -l4
[7.925s] Invoking command in '/home/rosbuntu/Desktop/state_machine_ws/build/yasmin_viewer': AMENT_PREFIX_PATH=/home/rosbuntu/Desktop/state_machine_ws/install/yasmin_ros:/home/rosbuntu/Desktop/state_machine_ws/install/yasmin_msgs:/home/rosbuntu/Desktop/state_machine_ws/install/yasmin:${AMENT_PREFIX_PATH} CMAKE_PREFIX_PATH=/home/rosbuntu/Desktop/state_machine_ws/install/yasmin_ros:/home/rosbuntu/Desktop/state_machine_ws/install/yasmin_msgs:/home/rosbuntu/Desktop/state_machine_ws/install/yasmin:/opt/ros/humble LD_LIBRARY_PATH=/home/rosbuntu/Desktop/state_machine_ws/install/yasmin_ros/lib:/home/rosbuntu/Desktop/state_machine_ws/install/yasmin_msgs/lib:/home/rosbuntu/Desktop/state_machine_ws/install/yasmin/lib:${LD_LIBRARY_PATH} PYTHONPATH=/home/rosbuntu/Desktop/state_machine_ws/install/yasmin_ros/local/lib/python3.10/dist-packages:/home/rosbuntu/Desktop/state_machine_ws/install/yasmin_msgs/local/lib/python3.10/dist-packages:/home/rosbuntu/Desktop/state_machine_ws/install/yasmin/local/lib/python3.10/dist-packages:${PYTHONPATH} /usr/bin/cmake --install /home/rosbuntu/Desktop/state_machine_ws/build/yasmin_viewer
[7.938s] -- Install configuration: ""
[7.939s] -- Installing: /home/rosbuntu/Desktop/state_machine_ws/install/yasmin_viewer/lib/libyasmin_viewer_lib.a
[7.944s] -- Installing: /home/rosbuntu/Desktop/state_machine_ws/install/yasmin_viewer/include/
[7.944s] -- Installing: /home/rosbuntu/Desktop/state_machine_ws/install/yasmin_viewer/include//yasmin_viewer
[7.945s] -- Installing: /home/rosbuntu/Desktop/state_machine_ws/install/yasmin_viewer/include//yasmin_viewer/yasmin_viewer_pub.hpp
[7.945s] -- Installing: /home/rosbuntu/Desktop/state_machine_ws/install/yasmin_viewer/share/yasmin_viewer/yasmin_viewer_web_client/
[7.946s] -- Installing: /home/rosbuntu/Desktop/state_machine_ws/install/yasmin_viewer/share/yasmin_viewer/yasmin_viewer_web_client//static
[7.946s] -- Installing: /home/rosbuntu/Desktop/state_machine_ws/install/yasmin_viewer/share/yasmin_viewer/yasmin_viewer_web_client//static/js
[7.946s] -- Installing: /home/rosbuntu/Desktop/state_machine_ws/install/yasmin_viewer/share/yasmin_viewer/yasmin_viewer_web_client//static/js/787.d1eb2cfc.chunk.js
[7.947s] -- Installing: /home/rosbuntu/Desktop/state_machine_ws/install/yasmin_viewer/share/yasmin_viewer/yasmin_viewer_web_client//static/js/main.e6d78718.js.LICENSE.txt
[7.947s] -- Installing: /home/rosbuntu/Desktop/state_machine_ws/install/yasmin_viewer/share/yasmin_viewer/yasmin_viewer_web_client//static/js/main.e6d78718.js.map
[7.956s] -- Installing: /home/rosbuntu/Desktop/state_machine_ws/install/yasmin_viewer/share/yasmin_viewer/yasmin_viewer_web_client//static/js/787.d1eb2cfc.chunk.js.map
[7.956s] -- Installing: /home/rosbuntu/Desktop/state_machine_ws/install/yasmin_viewer/share/yasmin_viewer/yasmin_viewer_web_client//static/js/main.e6d78718.js
[7.958s] -- Installing: /home/rosbuntu/Desktop/state_machine_ws/install/yasmin_viewer/share/yasmin_viewer/yasmin_viewer_web_client//static/css
[7.959s] -- Installing: /home/rosbuntu/Desktop/state_machine_ws/install/yasmin_viewer/share/yasmin_viewer/yasmin_viewer_web_client//static/css/main.073c9b0a.css
[7.959s] -- Installing: /home/rosbuntu/Desktop/state_machine_ws/install/yasmin_viewer/share/yasmin_viewer/yasmin_viewer_web_client//static/css/main.073c9b0a.css.map
[7.959s] -- Installing: /home/rosbuntu/Desktop/state_machine_ws/install/yasmin_viewer/share/yasmin_viewer/yasmin_viewer_web_client//robots.txt
[7.960s] -- Installing: /home/rosbuntu/Desktop/state_machine_ws/install/yasmin_viewer/share/yasmin_viewer/yasmin_viewer_web_client//index.html
[7.960s] -- Installing: /home/rosbuntu/Desktop/state_machine_ws/install/yasmin_viewer/share/yasmin_viewer/yasmin_viewer_web_client//asset-manifest.json
[7.961s] -- Installing: /home/rosbuntu/Desktop/state_machine_ws/install/yasmin_viewer/share/yasmin_viewer/yasmin_viewer_web_client//logo192.png
[7.961s] -- Installing: /home/rosbuntu/Desktop/state_machine_ws/install/yasmin_viewer/share/yasmin_viewer/yasmin_viewer_web_client//logo512.png
[7.961s] -- Installing: /home/rosbuntu/Desktop/state_machine_ws/install/yasmin_viewer/share/yasmin_viewer/yasmin_viewer_web_client//manifest.json
[7.962s] -- Installing: /home/rosbuntu/Desktop/state_machine_ws/install/yasmin_viewer/share/yasmin_viewer/yasmin_viewer_web_client//favicon.ico
[7.963s] -- Installing: /home/rosbuntu/Desktop/state_machine_ws/install/yasmin_viewer/share/yasmin_viewer/environment/library_path.sh
[7.964s] -- Installing: /home/rosbuntu/Desktop/state_machine_ws/install/yasmin_viewer/share/yasmin_viewer/environment/library_path.dsv
[7.965s] -- Installing: /home/rosbuntu/Desktop/state_machine_ws/install/yasmin_viewer/share/yasmin_viewer/environment/pythonpath.sh
[7.965s] -- Installing: /home/rosbuntu/Desktop/state_machine_ws/install/yasmin_viewer/share/yasmin_viewer/environment/pythonpath.dsv
[7.965s] -- Installing: /home/rosbuntu/Desktop/state_machine_ws/install/yasmin_viewer/local/lib/python3.10/dist-packages/yasmin_viewer-2.3.1-py3.10.egg-info
[7.966s] -- Installing: /home/rosbuntu/Desktop/state_machine_ws/install/yasmin_viewer/local/lib/python3.10/dist-packages/yasmin_viewer-2.3.1-py3.10.egg-info/dependency_links.txt
[7.966s] -- Installing: /home/rosbuntu/Desktop/state_machine_ws/install/yasmin_viewer/local/lib/python3.10/dist-packages/yasmin_viewer-2.3.1-py3.10.egg-info/PKG-INFO
[7.966s] -- Installing: /home/rosbuntu/Desktop/state_machine_ws/install/yasmin_viewer/local/lib/python3.10/dist-packages/yasmin_viewer-2.3.1-py3.10.egg-info/top_level.txt
[7.967s] -- Installing: /home/rosbuntu/Desktop/state_machine_ws/install/yasmin_viewer/local/lib/python3.10/dist-packages/yasmin_viewer-2.3.1-py3.10.egg-info/SOURCES.txt
[7.969s] -- Installing: /home/rosbuntu/Desktop/state_machine_ws/install/yasmin_viewer/local/lib/python3.10/dist-packages/yasmin_viewer
[7.969s] -- Installing: /home/rosbuntu/Desktop/state_machine_ws/install/yasmin_viewer/local/lib/python3.10/dist-packages/yasmin_viewer/yasmin_viewer_pub.py
[7.970s] -- Installing: /home/rosbuntu/Desktop/state_machine_ws/install/yasmin_viewer/local/lib/python3.10/dist-packages/yasmin_viewer/__init__.py
[7.970s] -- Installing: /home/rosbuntu/Desktop/state_machine_ws/install/yasmin_viewer/local/lib/python3.10/dist-packages/yasmin_viewer/yasmin_viewer_node.py
[8.010s] Listing '/home/rosbuntu/Desktop/state_machine_ws/install/yasmin_viewer/local/lib/python3.10/dist-packages/yasmin_viewer'...
[8.010s] Compiling '/home/rosbuntu/Desktop/state_machine_ws/install/yasmin_viewer/local/lib/python3.10/dist-packages/yasmin_viewer/__init__.py'...
[8.010s] Compiling '/home/rosbuntu/Desktop/state_machine_ws/install/yasmin_viewer/local/lib/python3.10/dist-packages/yasmin_viewer/yasmin_viewer_node.py'...
[8.010s] Compiling '/home/rosbuntu/Desktop/state_machine_ws/install/yasmin_viewer/local/lib/python3.10/dist-packages/yasmin_viewer/yasmin_viewer_pub.py'...
[8.016s] -- Installing: /home/rosbuntu/Desktop/state_machine_ws/install/yasmin_viewer/lib/yasmin_viewer/yasmin_viewer_node
[8.018s] -- Installing: /home/rosbuntu/Desktop/state_machine_ws/install/yasmin_viewer/share/ament_index/resource_index/package_run_dependencies/yasmin_viewer
[8.018s] -- Installing: /home/rosbuntu/Desktop/state_machine_ws/install/yasmin_viewer/share/ament_index/resource_index/parent_prefix_path/yasmin_viewer
[8.019s] -- Installing: /home/rosbuntu/Desktop/state_machine_ws/install/yasmin_viewer/share/yasmin_viewer/environment/ament_prefix_path.sh
[8.019s] -- Installing: /home/rosbuntu/Desktop/state_machine_ws/install/yasmin_viewer/share/yasmin_viewer/environment/ament_prefix_path.dsv
[8.020s] -- Installing: /home/rosbuntu/Desktop/state_machine_ws/install/yasmin_viewer/share/yasmin_viewer/environment/path.sh
[8.020s] -- Installing: /home/rosbuntu/Desktop/state_machine_ws/install/yasmin_viewer/share/yasmin_viewer/environment/path.dsv
[8.020s] -- Installing: /home/rosbuntu/Desktop/state_machine_ws/install/yasmin_viewer/share/yasmin_viewer/local_setup.bash
[8.021s] -- Installing: /home/rosbuntu/Desktop/state_machine_ws/install/yasmin_viewer/share/yasmin_viewer/local_setup.sh
[8.021s] -- Installing: /home/rosbuntu/Desktop/state_machine_ws/install/yasmin_viewer/share/yasmin_viewer/local_setup.zsh
[8.022s] -- Installing: /home/rosbuntu/Desktop/state_machine_ws/install/yasmin_viewer/share/yasmin_viewer/local_setup.dsv
[8.022s] -- Installing: /home/rosbuntu/Desktop/state_machine_ws/install/yasmin_viewer/share/yasmin_viewer/package.dsv
[8.023s] -- Installing: /home/rosbuntu/Desktop/state_machine_ws/install/yasmin_viewer/share/ament_index/resource_index/packages/yasmin_viewer
[8.023s] -- Installing: /home/rosbuntu/Desktop/state_machine_ws/install/yasmin_viewer/share/yasmin_viewer/cmake/ament_cmake_export_include_directories-extras.cmake
[8.023s] -- Installing: /home/rosbuntu/Desktop/state_machine_ws/install/yasmin_viewer/share/yasmin_viewer/cmake/ament_cmake_export_libraries-extras.cmake
[8.024s] -- Installing: /home/rosbuntu/Desktop/state_machine_ws/install/yasmin_viewer/share/yasmin_viewer/cmake/ament_cmake_export_dependencies-extras.cmake
[8.024s] -- Installing: /home/rosbuntu/Desktop/state_machine_ws/install/yasmin_viewer/share/yasmin_viewer/cmake/yasmin_viewerConfig.cmake
[8.025s] -- Installing: /home/rosbuntu/Desktop/state_machine_ws/install/yasmin_viewer/share/yasmin_viewer/cmake/yasmin_viewerConfig-version.cmake
[8.026s] -- Installing: /home/rosbuntu/Desktop/state_machine_ws/install/yasmin_viewer/share/yasmin_viewer/package.xml
[8.030s] Invoked command in '/home/rosbuntu/Desktop/state_machine_ws/build/yasmin_viewer' returned '0': AMENT_PREFIX_PATH=/home/rosbuntu/Desktop/state_machine_ws/install/yasmin_ros:/home/rosbuntu/Desktop/state_machine_ws/install/yasmin_msgs:/home/rosbuntu/Desktop/state_machine_ws/install/yasmin:${AMENT_PREFIX_PATH} CMAKE_PREFIX_PATH=/home/rosbuntu/Desktop/state_machine_ws/install/yasmin_ros:/home/rosbuntu/Desktop/state_machine_ws/install/yasmin_msgs:/home/rosbuntu/Desktop/state_machine_ws/install/yasmin:/opt/ros/humble LD_LIBRARY_PATH=/home/rosbuntu/Desktop/state_machine_ws/install/yasmin_ros/lib:/home/rosbuntu/Desktop/state_machine_ws/install/yasmin_msgs/lib:/home/rosbuntu/Desktop/state_machine_ws/install/yasmin/lib:${LD_LIBRARY_PATH} PYTHONPATH=/home/rosbuntu/Desktop/state_machine_ws/install/yasmin_ros/local/lib/python3.10/dist-packages:/home/rosbuntu/Desktop/state_machine_ws/install/yasmin_msgs/local/lib/python3.10/dist-packages:/home/rosbuntu/Desktop/state_machine_ws/install/yasmin/local/lib/python3.10/dist-packages:${PYTHONPATH} /usr/bin/cmake --install /home/rosbuntu/Desktop/state_machine_ws/build/yasmin_viewer
