running egg_info
creating ../../build/state_machine/state_machine.egg-info
writing ../../build/state_machine/state_machine.egg-info/PKG-INFO
writing dependency_links to ../../build/state_machine/state_machine.egg-info/dependency_links.txt
writing entry points to ../../build/state_machine/state_machine.egg-info/entry_points.txt
writing requirements to ../../build/state_machine/state_machine.egg-info/requires.txt
writing top-level names to ../../build/state_machine/state_machine.egg-info/top_level.txt
writing manifest file '../../build/state_machine/state_machine.egg-info/SOURCES.txt'
reading manifest file '../../build/state_machine/state_machine.egg-info/SOURCES.txt'
writing manifest file '../../build/state_machine/state_machine.egg-info/SOURCES.txt'
running build
running build_py
creating /home/rosbuntu/Desktop/state_machine_ws/build/state_machine/build
creating /home/rosbuntu/Desktop/state_machine_ws/build/state_machine/build/lib
creating /home/rosbuntu/Desktop/state_machine_ws/build/state_machine/build/lib/state_machine
copying state_machine/__init__.py -> /home/rosbuntu/Desktop/state_machine_ws/build/state_machine/build/lib/state_machine
running install
running install_lib
creating /home/rosbuntu/Desktop/state_machine_ws/install/state_machine/lib/python3.10/site-packages/state_machine
copying /home/rosbuntu/Desktop/state_machine_ws/build/state_machine/build/lib/state_machine/__init__.py -> /home/rosbuntu/Desktop/state_machine_ws/install/state_machine/lib/python3.10/site-packages/state_machine
byte-compiling /home/rosbuntu/Desktop/state_machine_ws/install/state_machine/lib/python3.10/site-packages/state_machine/__init__.py to __init__.cpython-310.pyc
running install_data
creating /home/rosbuntu/Desktop/state_machine_ws/install/state_machine/share/ament_index
creating /home/rosbuntu/Desktop/state_machine_ws/install/state_machine/share/ament_index/resource_index
creating /home/rosbuntu/Desktop/state_machine_ws/install/state_machine/share/ament_index/resource_index/packages
copying resource/state_machine -> /home/rosbuntu/Desktop/state_machine_ws/install/state_machine/share/ament_index/resource_index/packages
copying package.xml -> /home/rosbuntu/Desktop/state_machine_ws/install/state_machine/share/state_machine
running install_egg_info
Copying ../../build/state_machine/state_machine.egg-info to /home/rosbuntu/Desktop/state_machine_ws/install/state_machine/lib/python3.10/site-packages/state_machine-0.0.0-py3.10.egg-info
running install_scripts
writing list of installed files to '/home/rosbuntu/Desktop/state_machine_ws/build/state_machine/install.log'
