[0.902s] Invoking command in '/home/rosbuntu/Desktop/state_machine_ws/src/state_machine': PYTHONPATH=/home/rosbuntu/Desktop/state_machine_ws/build/state_machine/prefix_override:/usr/lib/python3/dist-packages/colcon_core/task/python/colcon_distutils_commands:/home/rosbuntu/Desktop/state_machine_ws/install/state_machine/lib/python3.10/site-packages:${PYTHONPATH} /usr/bin/python3 -W ignore:setup.py install is deprecated setup.py egg_info --egg-base ../../build/state_machine build --build-base /home/rosbuntu/Desktop/state_machine_ws/build/state_machine/build install --record /home/rosbuntu/Desktop/state_machine_ws/build/state_machine/install.log --single-version-externally-managed install_data
[1.162s] running egg_info
[1.164s] creating ../../build/state_machine/state_machine.egg-info
[1.164s] writing ../../build/state_machine/state_machine.egg-info/PKG-INFO
[1.165s] writing dependency_links to ../../build/state_machine/state_machine.egg-info/dependency_links.txt
[1.165s] writing entry points to ../../build/state_machine/state_machine.egg-info/entry_points.txt
[1.165s] writing requirements to ../../build/state_machine/state_machine.egg-info/requires.txt
[1.165s] writing top-level names to ../../build/state_machine/state_machine.egg-info/top_level.txt
[1.165s] writing manifest file '../../build/state_machine/state_machine.egg-info/SOURCES.txt'
[1.167s] reading manifest file '../../build/state_machine/state_machine.egg-info/SOURCES.txt'
[1.169s] writing manifest file '../../build/state_machine/state_machine.egg-info/SOURCES.txt'
[1.169s] running build
[1.197s] running build_py
[1.198s] creating /home/rosbuntu/Desktop/state_machine_ws/build/state_machine/build
[1.198s] creating /home/rosbuntu/Desktop/state_machine_ws/build/state_machine/build/lib
[1.198s] creating /home/rosbuntu/Desktop/state_machine_ws/build/state_machine/build/lib/state_machine
[1.199s] copying state_machine/__init__.py -> /home/rosbuntu/Desktop/state_machine_ws/build/state_machine/build/lib/state_machine
[1.199s] running install
[1.199s] running install_lib
[1.200s] creating /home/rosbuntu/Desktop/state_machine_ws/install/state_machine/lib/python3.10/site-packages/state_machine
[1.201s] copying /home/rosbuntu/Desktop/state_machine_ws/build/state_machine/build/lib/state_machine/__init__.py -> /home/rosbuntu/Desktop/state_machine_ws/install/state_machine/lib/python3.10/site-packages/state_machine
[1.201s] byte-compiling /home/rosbuntu/Desktop/state_machine_ws/install/state_machine/lib/python3.10/site-packages/state_machine/__init__.py to __init__.cpython-310.pyc
[1.202s] running install_data
[1.203s] creating /home/rosbuntu/Desktop/state_machine_ws/install/state_machine/share/ament_index
[1.203s] creating /home/rosbuntu/Desktop/state_machine_ws/install/state_machine/share/ament_index/resource_index
[1.203s] creating /home/rosbuntu/Desktop/state_machine_ws/install/state_machine/share/ament_index/resource_index/packages
[1.203s] copying resource/state_machine -> /home/rosbuntu/Desktop/state_machine_ws/install/state_machine/share/ament_index/resource_index/packages
[1.203s] copying package.xml -> /home/rosbuntu/Desktop/state_machine_ws/install/state_machine/share/state_machine
[1.203s] running install_egg_info
[1.205s] Copying ../../build/state_machine/state_machine.egg-info to /home/rosbuntu/Desktop/state_machine_ws/install/state_machine/lib/python3.10/site-packages/state_machine-0.0.0-py3.10.egg-info
[1.210s] running install_scripts
[1.238s] writing list of installed files to '/home/rosbuntu/Desktop/state_machine_ws/build/state_machine/install.log'
[1.277s] Invoked command in '/home/rosbuntu/Desktop/state_machine_ws/src/state_machine' returned '0': PYTHONPATH=/home/rosbuntu/Desktop/state_machine_ws/build/state_machine/prefix_override:/usr/lib/python3/dist-packages/colcon_core/task/python/colcon_distutils_commands:/home/rosbuntu/Desktop/state_machine_ws/install/state_machine/lib/python3.10/site-packages:${PYTHONPATH} /usr/bin/python3 -W ignore:setup.py install is deprecated setup.py egg_info --egg-base ../../build/state_machine build --build-base /home/rosbuntu/Desktop/state_machine_ws/build/state_machine/build install --record /home/rosbuntu/Desktop/state_machine_ws/build/state_machine/install.log --single-version-externally-managed install_data
