-- The C compiler identification is GNU 11.4.0
-- The CXX compiler identification is GNU 11.4.0
-- Detecting C compiler ABI info
-- Detecting C compiler ABI info - done
-- Check for working C compiler: /usr/bin/cc - skipped
-- Detecting C compile features
-- Detecting C compile features - done
-- Detecting CXX compiler ABI info
-- Detecting CXX compiler ABI info - done
-- Check for working CXX compiler: /usr/bin/c++ - skipped
-- Detecting CXX compile features
-- Detecting CXX compile features - done
-- Build for ROS2 Humble
-- Found ament_cmake: 1.3.9 (/opt/ros/humble/share/ament_cmake/cmake)
-- Found Python3: /usr/bin/python3 (found version "3.10.12") found components: Interpreter 
-- Found rclcpp: 16.0.9 (/opt/ros/humble/share/rclcpp/cmake)
-- Found rosidl_generator_c: 3.1.5 (/opt/ros/humble/share/rosidl_generator_c/cmake)
-- Found rosidl_adapter: 3.1.5 (/opt/ros/humble/share/rosidl_adapter/cmake)
-- Found rosidl_generator_cpp: 3.1.5 (/opt/ros/humble/share/rosidl_generator_cpp/cmake)
-- Using all available rosidl_typesupport_c: rosidl_typesupport_fastrtps_c;rosidl_typesupport_introspection_c
-- Using all available rosidl_typesupport_cpp: rosidl_typesupport_fastrtps_cpp;rosidl_typesupport_introspection_cpp
-- Found rmw_implementation_cmake: 6.1.2 (/opt/ros/humble/share/rmw_implementation_cmake/cmake)
-- Found rmw_fastrtps_cpp: 6.2.6 (/opt/ros/humble/share/rmw_fastrtps_cpp/cmake)
-- Found OpenSSL: /usr/lib/x86_64-linux-gnu/libcrypto.so (found version "3.0.2")  
-- Found FastRTPS: /opt/ros/humble/include  
-- Using RMW implementation 'rmw_fastrtps_cpp' as default
-- Looking for pthread.h
-- Looking for pthread.h - found
-- Performing Test CMAKE_HAVE_LIBC_PTHREAD
-- Performing Test CMAKE_HAVE_LIBC_PTHREAD - Success
-- Found Threads: TRUE  
-- Found rclcpp_action: 16.0.9 (/opt/ros/humble/share/rclcpp_action/cmake)
-- Found rclpy: 3.3.13 (/opt/ros/humble/share/rclpy/cmake)
-- Found yasmin: 2.3.1 (/home/rosbuntu/Desktop/state_machine_ws/install/yasmin/share/yasmin/cmake)
-- Configuring done
-- Generating done
-- Build files have been written to: /home/rosbuntu/Desktop/state_machine_ws/build/yasmin_ros
[ 20%] [32mBuilding CXX object CMakeFiles/yasmin_ros_lib.dir/src/yasmin_ros/yasmin_node.cpp.o[0m
[ 40%] [32mBuilding CXX object CMakeFiles/yasmin_ros_lib.dir/src/yasmin_ros/action_state.cpp.o[0m
[ 60%] [32mBuilding CXX object CMakeFiles/yasmin_ros_lib.dir/src/yasmin_ros/service_state.cpp.o[0m
[ 60%] Built target ament_cmake_python_copy_yasmin_ros
running egg_info
creating yasmin_ros.egg-info
writing yasmin_ros.egg-info/PKG-INFO
writing dependency_links to yasmin_ros.egg-info/dependency_links.txt
writing top-level names to yasmin_ros.egg-info/top_level.txt
writing manifest file 'yasmin_ros.egg-info/SOURCES.txt'
reading manifest file 'yasmin_ros.egg-info/SOURCES.txt'
writing manifest file 'yasmin_ros.egg-info/SOURCES.txt'
[ 60%] Built target ament_cmake_python_build_yasmin_ros_egg
[ 80%] [32mBuilding CXX object CMakeFiles/yasmin_ros_lib.dir/src/yasmin_ros/monitor_state.cpp.o[0m
[100%] [32m[1mLinking CXX static library libyasmin_ros_lib.a[0m
[100%] Built target yasmin_ros_lib
-- Install configuration: ""
-- Installing: /home/rosbuntu/Desktop/state_machine_ws/install/yasmin_ros/lib/libyasmin_ros_lib.a
-- Installing: /home/rosbuntu/Desktop/state_machine_ws/install/yasmin_ros/include/
-- Installing: /home/rosbuntu/Desktop/state_machine_ws/install/yasmin_ros/include//yasmin_ros
-- Installing: /home/rosbuntu/Desktop/state_machine_ws/install/yasmin_ros/include//yasmin_ros/basic_outcomes.hpp
-- Installing: /home/rosbuntu/Desktop/state_machine_ws/install/yasmin_ros/include//yasmin_ros/yasmin_node.hpp
-- Installing: /home/rosbuntu/Desktop/state_machine_ws/install/yasmin_ros/include//yasmin_ros/monitor_state.hpp
-- Installing: /home/rosbuntu/Desktop/state_machine_ws/install/yasmin_ros/include//yasmin_ros/service_state.hpp
-- Installing: /home/rosbuntu/Desktop/state_machine_ws/install/yasmin_ros/include//yasmin_ros/action_state.hpp
-- Installing: /home/rosbuntu/Desktop/state_machine_ws/install/yasmin_ros/share/yasmin_ros/environment/library_path.sh
-- Installing: /home/rosbuntu/Desktop/state_machine_ws/install/yasmin_ros/share/yasmin_ros/environment/library_path.dsv
-- Installing: /home/rosbuntu/Desktop/state_machine_ws/install/yasmin_ros/share/yasmin_ros/environment/pythonpath.sh
-- Installing: /home/rosbuntu/Desktop/state_machine_ws/install/yasmin_ros/share/yasmin_ros/environment/pythonpath.dsv
-- Installing: /home/rosbuntu/Desktop/state_machine_ws/install/yasmin_ros/local/lib/python3.10/dist-packages/yasmin_ros-2.3.1-py3.10.egg-info
-- Installing: /home/rosbuntu/Desktop/state_machine_ws/install/yasmin_ros/local/lib/python3.10/dist-packages/yasmin_ros-2.3.1-py3.10.egg-info/dependency_links.txt
-- Installing: /home/rosbuntu/Desktop/state_machine_ws/install/yasmin_ros/local/lib/python3.10/dist-packages/yasmin_ros-2.3.1-py3.10.egg-info/PKG-INFO
-- Installing: /home/rosbuntu/Desktop/state_machine_ws/install/yasmin_ros/local/lib/python3.10/dist-packages/yasmin_ros-2.3.1-py3.10.egg-info/top_level.txt
-- Installing: /home/rosbuntu/Desktop/state_machine_ws/install/yasmin_ros/local/lib/python3.10/dist-packages/yasmin_ros-2.3.1-py3.10.egg-info/SOURCES.txt
-- Installing: /home/rosbuntu/Desktop/state_machine_ws/install/yasmin_ros/local/lib/python3.10/dist-packages/yasmin_ros
-- Installing: /home/rosbuntu/Desktop/state_machine_ws/install/yasmin_ros/local/lib/python3.10/dist-packages/yasmin_ros/monitor_state.py
-- Installing: /home/rosbuntu/Desktop/state_machine_ws/install/yasmin_ros/local/lib/python3.10/dist-packages/yasmin_ros/__init__.py
-- Installing: /home/rosbuntu/Desktop/state_machine_ws/install/yasmin_ros/local/lib/python3.10/dist-packages/yasmin_ros/service_state.py
-- Installing: /home/rosbuntu/Desktop/state_machine_ws/install/yasmin_ros/local/lib/python3.10/dist-packages/yasmin_ros/action_state.py
-- Installing: /home/rosbuntu/Desktop/state_machine_ws/install/yasmin_ros/local/lib/python3.10/dist-packages/yasmin_ros/basic_outcomes.py
-- Installing: /home/rosbuntu/Desktop/state_machine_ws/install/yasmin_ros/local/lib/python3.10/dist-packages/yasmin_ros/yasmin_node.py
Listing '/home/rosbuntu/Desktop/state_machine_ws/install/yasmin_ros/local/lib/python3.10/dist-packages/yasmin_ros'...
Compiling '/home/rosbuntu/Desktop/state_machine_ws/install/yasmin_ros/local/lib/python3.10/dist-packages/yasmin_ros/__init__.py'...
Compiling '/home/rosbuntu/Desktop/state_machine_ws/install/yasmin_ros/local/lib/python3.10/dist-packages/yasmin_ros/action_state.py'...
Compiling '/home/rosbuntu/Desktop/state_machine_ws/install/yasmin_ros/local/lib/python3.10/dist-packages/yasmin_ros/basic_outcomes.py'...
Compiling '/home/rosbuntu/Desktop/state_machine_ws/install/yasmin_ros/local/lib/python3.10/dist-packages/yasmin_ros/monitor_state.py'...
Compiling '/home/rosbuntu/Desktop/state_machine_ws/install/yasmin_ros/local/lib/python3.10/dist-packages/yasmin_ros/service_state.py'...
Compiling '/home/rosbuntu/Desktop/state_machine_ws/install/yasmin_ros/local/lib/python3.10/dist-packages/yasmin_ros/yasmin_node.py'...
-- Installing: /home/rosbuntu/Desktop/state_machine_ws/install/yasmin_ros/pytests/
-- Installing: /home/rosbuntu/Desktop/state_machine_ws/install/yasmin_ros/pytests//run_pytests.sh
-- Installing: /home/rosbuntu/Desktop/state_machine_ws/install/yasmin_ros/pytests//test_yasmin_ros.py
-- Installing: /home/rosbuntu/Desktop/state_machine_ws/install/yasmin_ros/lib/yasmin_ros/run_pytests.sh
-- Installing: /home/rosbuntu/Desktop/state_machine_ws/install/yasmin_ros/share/ament_index/resource_index/package_run_dependencies/yasmin_ros
-- Installing: /home/rosbuntu/Desktop/state_machine_ws/install/yasmin_ros/share/ament_index/resource_index/parent_prefix_path/yasmin_ros
-- Installing: /home/rosbuntu/Desktop/state_machine_ws/install/yasmin_ros/share/yasmin_ros/environment/ament_prefix_path.sh
-- Installing: /home/rosbuntu/Desktop/state_machine_ws/install/yasmin_ros/share/yasmin_ros/environment/ament_prefix_path.dsv
-- Installing: /home/rosbuntu/Desktop/state_machine_ws/install/yasmin_ros/share/yasmin_ros/environment/path.sh
-- Installing: /home/rosbuntu/Desktop/state_machine_ws/install/yasmin_ros/share/yasmin_ros/environment/path.dsv
-- Installing: /home/rosbuntu/Desktop/state_machine_ws/install/yasmin_ros/share/yasmin_ros/local_setup.bash
-- Installing: /home/rosbuntu/Desktop/state_machine_ws/install/yasmin_ros/share/yasmin_ros/local_setup.sh
-- Installing: /home/rosbuntu/Desktop/state_machine_ws/install/yasmin_ros/share/yasmin_ros/local_setup.zsh
-- Installing: /home/rosbuntu/Desktop/state_machine_ws/install/yasmin_ros/share/yasmin_ros/local_setup.dsv
-- Installing: /home/rosbuntu/Desktop/state_machine_ws/install/yasmin_ros/share/yasmin_ros/package.dsv
-- Installing: /home/rosbuntu/Desktop/state_machine_ws/install/yasmin_ros/share/ament_index/resource_index/packages/yasmin_ros
-- Installing: /home/rosbuntu/Desktop/state_machine_ws/install/yasmin_ros/share/yasmin_ros/cmake/ament_cmake_export_include_directories-extras.cmake
-- Installing: /home/rosbuntu/Desktop/state_machine_ws/install/yasmin_ros/share/yasmin_ros/cmake/ament_cmake_export_libraries-extras.cmake
-- Installing: /home/rosbuntu/Desktop/state_machine_ws/install/yasmin_ros/share/yasmin_ros/cmake/ament_cmake_export_dependencies-extras.cmake
-- Installing: /home/rosbuntu/Desktop/state_machine_ws/install/yasmin_ros/share/yasmin_ros/cmake/yasmin_rosConfig.cmake
-- Installing: /home/rosbuntu/Desktop/state_machine_ws/install/yasmin_ros/share/yasmin_ros/cmake/yasmin_rosConfig-version.cmake
-- Installing: /home/rosbuntu/Desktop/state_machine_ws/install/yasmin_ros/share/yasmin_ros/package.xml
