[0.019s] Invoking command in '/home/rosbuntu/Desktop/state_machine_ws/build/yasmin_ros': AMENT_PREFIX_PATH=/home/rosbuntu/Desktop/state_machine_ws/install/yasmin:${AMENT_PREFIX_PATH} CMAKE_PREFIX_PATH=/home/rosbuntu/Desktop/state_machine_ws/install/yasmin:/opt/ros/humble LD_LIBRARY_PATH=/home/rosbuntu/Desktop/state_machine_ws/install/yasmin/lib:${LD_LIBRARY_PATH} PYTHONPATH=/home/rosbuntu/Desktop/state_machine_ws/install/yasmin/local/lib/python3.10/dist-packages:${PYTHONPATH} /usr/bin/cmake /home/rosbuntu/Desktop/state_machine_ws/src/yasmin/yasmin_ros -DCMAKE_INSTALL_PREFIX=/home/rosbuntu/Desktop/state_machine_ws/install/yasmin_ros
[0.250s] -- The C compiler identification is GNU 11.4.0
[0.397s] -- The CXX compiler identification is GNU 11.4.0
[0.410s] -- Detecting C compiler ABI info
[0.566s] -- Detecting C compiler ABI info - done
[0.576s] -- Check for working C compiler: /usr/bin/cc - skipped
[0.576s] -- Detecting C compile features
[0.577s] -- Detecting C compile features - done
[0.584s] -- Detecting CXX compiler ABI info
[0.753s] -- Detecting CXX compiler ABI info - done
[0.765s] -- Check for working CXX compiler: /usr/bin/c++ - skipped
[0.765s] -- Detecting CXX compile features
[0.766s] -- Detecting CXX compile features - done
[0.768s] -- Build for ROS2 Humble
[0.770s] -- Found ament_cmake: 1.3.9 (/opt/ros/humble/share/ament_cmake/cmake)
[0.987s] -- Found Python3: /usr/bin/python3 (found version "3.10.12") found components: Interpreter 
[1.128s] -- Found rclcpp: 16.0.9 (/opt/ros/humble/share/rclcpp/cmake)
[1.182s] -- Found rosidl_generator_c: 3.1.5 (/opt/ros/humble/share/rosidl_generator_c/cmake)
[1.188s] -- Found rosidl_adapter: 3.1.5 (/opt/ros/humble/share/rosidl_adapter/cmake)
[1.197s] -- Found rosidl_generator_cpp: 3.1.5 (/opt/ros/humble/share/rosidl_generator_cpp/cmake)
[1.212s] -- Using all available rosidl_typesupport_c: rosidl_typesupport_fastrtps_c;rosidl_typesupport_introspection_c
[1.239s] -- Using all available rosidl_typesupport_cpp: rosidl_typesupport_fastrtps_cpp;rosidl_typesupport_introspection_cpp
[1.310s] -- Found rmw_implementation_cmake: 6.1.2 (/opt/ros/humble/share/rmw_implementation_cmake/cmake)
[1.313s] -- Found rmw_fastrtps_cpp: 6.2.6 (/opt/ros/humble/share/rmw_fastrtps_cpp/cmake)
[1.504s] -- Found OpenSSL: /usr/lib/x86_64-linux-gnu/libcrypto.so (found version "3.0.2")  
[1.554s] -- Found FastRTPS: /opt/ros/humble/include  
[1.629s] -- Using RMW implementation 'rmw_fastrtps_cpp' as default
[1.642s] -- Looking for pthread.h
[1.840s] -- Looking for pthread.h - found
[1.842s] -- Performing Test CMAKE_HAVE_LIBC_PTHREAD
[2.005s] -- Performing Test CMAKE_HAVE_LIBC_PTHREAD - Success
[2.007s] -- Found Threads: TRUE  
[2.279s] -- Found rclcpp_action: 16.0.9 (/opt/ros/humble/share/rclcpp_action/cmake)
[2.475s] -- Found rclpy: 3.3.13 (/opt/ros/humble/share/rclpy/cmake)
[2.477s] -- Found yasmin: 2.3.1 (/home/rosbuntu/Desktop/state_machine_ws/install/yasmin/share/yasmin/cmake)
[2.729s] -- Configuring done
[2.777s] -- Generating done
[2.781s] -- Build files have been written to: /home/rosbuntu/Desktop/state_machine_ws/build/yasmin_ros
[2.797s] Invoked command in '/home/rosbuntu/Desktop/state_machine_ws/build/yasmin_ros' returned '0': AMENT_PREFIX_PATH=/home/rosbuntu/Desktop/state_machine_ws/install/yasmin:${AMENT_PREFIX_PATH} CMAKE_PREFIX_PATH=/home/rosbuntu/Desktop/state_machine_ws/install/yasmin:/opt/ros/humble LD_LIBRARY_PATH=/home/rosbuntu/Desktop/state_machine_ws/install/yasmin/lib:${LD_LIBRARY_PATH} PYTHONPATH=/home/rosbuntu/Desktop/state_machine_ws/install/yasmin/local/lib/python3.10/dist-packages:${PYTHONPATH} /usr/bin/cmake /home/rosbuntu/Desktop/state_machine_ws/src/yasmin/yasmin_ros -DCMAKE_INSTALL_PREFIX=/home/rosbuntu/Desktop/state_machine_ws/install/yasmin_ros
[2.798s] Invoking command in '/home/rosbuntu/Desktop/state_machine_ws/build/yasmin_ros': AMENT_PREFIX_PATH=/home/rosbuntu/Desktop/state_machine_ws/install/yasmin:${AMENT_PREFIX_PATH} CMAKE_PREFIX_PATH=/home/rosbuntu/Desktop/state_machine_ws/install/yasmin:/opt/ros/humble LD_LIBRARY_PATH=/home/rosbuntu/Desktop/state_machine_ws/install/yasmin/lib:${LD_LIBRARY_PATH} PYTHONPATH=/home/rosbuntu/Desktop/state_machine_ws/install/yasmin/local/lib/python3.10/dist-packages:${PYTHONPATH} /usr/bin/cmake --build /home/rosbuntu/Desktop/state_machine_ws/build/yasmin_ros -- -j4 -l4
[2.921s] [ 20%] [32mBuilding CXX object CMakeFiles/yasmin_ros_lib.dir/src/yasmin_ros/yasmin_node.cpp.o[0m
[2.923s] [ 40%] [32mBuilding CXX object CMakeFiles/yasmin_ros_lib.dir/src/yasmin_ros/action_state.cpp.o[0m
[2.931s] [ 60%] [32mBuilding CXX object CMakeFiles/yasmin_ros_lib.dir/src/yasmin_ros/service_state.cpp.o[0m
[2.940s] [ 60%] Built target ament_cmake_python_copy_yasmin_ros
[3.444s] running egg_info
[3.445s] creating yasmin_ros.egg-info
[3.446s] writing yasmin_ros.egg-info/PKG-INFO
[3.447s] writing dependency_links to yasmin_ros.egg-info/dependency_links.txt
[3.447s] writing top-level names to yasmin_ros.egg-info/top_level.txt
[3.447s] writing manifest file 'yasmin_ros.egg-info/SOURCES.txt'
[3.450s] reading manifest file 'yasmin_ros.egg-info/SOURCES.txt'
[3.452s] writing manifest file 'yasmin_ros.egg-info/SOURCES.txt'
[3.504s] [ 60%] Built target ament_cmake_python_build_yasmin_ros_egg
[3.530s] [ 80%] [32mBuilding CXX object CMakeFiles/yasmin_ros_lib.dir/src/yasmin_ros/monitor_state.cpp.o[0m
[16.512s] [100%] [32m[1mLinking CXX static library libyasmin_ros_lib.a[0m
[16.575s] [100%] Built target yasmin_ros_lib
[16.597s] Invoked command in '/home/rosbuntu/Desktop/state_machine_ws/build/yasmin_ros' returned '0': AMENT_PREFIX_PATH=/home/rosbuntu/Desktop/state_machine_ws/install/yasmin:${AMENT_PREFIX_PATH} CMAKE_PREFIX_PATH=/home/rosbuntu/Desktop/state_machine_ws/install/yasmin:/opt/ros/humble LD_LIBRARY_PATH=/home/rosbuntu/Desktop/state_machine_ws/install/yasmin/lib:${LD_LIBRARY_PATH} PYTHONPATH=/home/rosbuntu/Desktop/state_machine_ws/install/yasmin/local/lib/python3.10/dist-packages:${PYTHONPATH} /usr/bin/cmake --build /home/rosbuntu/Desktop/state_machine_ws/build/yasmin_ros -- -j4 -l4
[16.692s] Invoking command in '/home/rosbuntu/Desktop/state_machine_ws/build/yasmin_ros': AMENT_PREFIX_PATH=/home/rosbuntu/Desktop/state_machine_ws/install/yasmin:${AMENT_PREFIX_PATH} CMAKE_PREFIX_PATH=/home/rosbuntu/Desktop/state_machine_ws/install/yasmin:/opt/ros/humble LD_LIBRARY_PATH=/home/rosbuntu/Desktop/state_machine_ws/install/yasmin/lib:${LD_LIBRARY_PATH} PYTHONPATH=/home/rosbuntu/Desktop/state_machine_ws/install/yasmin/local/lib/python3.10/dist-packages:${PYTHONPATH} /usr/bin/cmake --install /home/rosbuntu/Desktop/state_machine_ws/build/yasmin_ros
[16.702s] -- Install configuration: ""
[16.703s] -- Installing: /home/rosbuntu/Desktop/state_machine_ws/install/yasmin_ros/lib/libyasmin_ros_lib.a
[16.706s] -- Installing: /home/rosbuntu/Desktop/state_machine_ws/install/yasmin_ros/include/
[16.707s] -- Installing: /home/rosbuntu/Desktop/state_machine_ws/install/yasmin_ros/include//yasmin_ros
[16.707s] -- Installing: /home/rosbuntu/Desktop/state_machine_ws/install/yasmin_ros/include//yasmin_ros/basic_outcomes.hpp
[16.708s] -- Installing: /home/rosbuntu/Desktop/state_machine_ws/install/yasmin_ros/include//yasmin_ros/yasmin_node.hpp
[16.708s] -- Installing: /home/rosbuntu/Desktop/state_machine_ws/install/yasmin_ros/include//yasmin_ros/monitor_state.hpp
[16.708s] -- Installing: /home/rosbuntu/Desktop/state_machine_ws/install/yasmin_ros/include//yasmin_ros/service_state.hpp
[16.708s] -- Installing: /home/rosbuntu/Desktop/state_machine_ws/install/yasmin_ros/include//yasmin_ros/action_state.hpp
[16.709s] -- Installing: /home/rosbuntu/Desktop/state_machine_ws/install/yasmin_ros/share/yasmin_ros/environment/library_path.sh
[16.709s] -- Installing: /home/rosbuntu/Desktop/state_machine_ws/install/yasmin_ros/share/yasmin_ros/environment/library_path.dsv
[16.709s] -- Installing: /home/rosbuntu/Desktop/state_machine_ws/install/yasmin_ros/share/yasmin_ros/environment/pythonpath.sh
[16.710s] -- Installing: /home/rosbuntu/Desktop/state_machine_ws/install/yasmin_ros/share/yasmin_ros/environment/pythonpath.dsv
[16.710s] -- Installing: /home/rosbuntu/Desktop/state_machine_ws/install/yasmin_ros/local/lib/python3.10/dist-packages/yasmin_ros-2.3.1-py3.10.egg-info
[16.711s] -- Installing: /home/rosbuntu/Desktop/state_machine_ws/install/yasmin_ros/local/lib/python3.10/dist-packages/yasmin_ros-2.3.1-py3.10.egg-info/dependency_links.txt
[16.711s] -- Installing: /home/rosbuntu/Desktop/state_machine_ws/install/yasmin_ros/local/lib/python3.10/dist-packages/yasmin_ros-2.3.1-py3.10.egg-info/PKG-INFO
[16.711s] -- Installing: /home/rosbuntu/Desktop/state_machine_ws/install/yasmin_ros/local/lib/python3.10/dist-packages/yasmin_ros-2.3.1-py3.10.egg-info/top_level.txt
[16.712s] -- Installing: /home/rosbuntu/Desktop/state_machine_ws/install/yasmin_ros/local/lib/python3.10/dist-packages/yasmin_ros-2.3.1-py3.10.egg-info/SOURCES.txt
[16.712s] -- Installing: /home/rosbuntu/Desktop/state_machine_ws/install/yasmin_ros/local/lib/python3.10/dist-packages/yasmin_ros
[16.712s] -- Installing: /home/rosbuntu/Desktop/state_machine_ws/install/yasmin_ros/local/lib/python3.10/dist-packages/yasmin_ros/monitor_state.py
[16.712s] -- Installing: /home/rosbuntu/Desktop/state_machine_ws/install/yasmin_ros/local/lib/python3.10/dist-packages/yasmin_ros/__init__.py
[16.713s] -- Installing: /home/rosbuntu/Desktop/state_machine_ws/install/yasmin_ros/local/lib/python3.10/dist-packages/yasmin_ros/service_state.py
[16.713s] -- Installing: /home/rosbuntu/Desktop/state_machine_ws/install/yasmin_ros/local/lib/python3.10/dist-packages/yasmin_ros/action_state.py
[16.713s] -- Installing: /home/rosbuntu/Desktop/state_machine_ws/install/yasmin_ros/local/lib/python3.10/dist-packages/yasmin_ros/basic_outcomes.py
[16.713s] -- Installing: /home/rosbuntu/Desktop/state_machine_ws/install/yasmin_ros/local/lib/python3.10/dist-packages/yasmin_ros/yasmin_node.py
[16.750s] Listing '/home/rosbuntu/Desktop/state_machine_ws/install/yasmin_ros/local/lib/python3.10/dist-packages/yasmin_ros'...
[16.750s] Compiling '/home/rosbuntu/Desktop/state_machine_ws/install/yasmin_ros/local/lib/python3.10/dist-packages/yasmin_ros/__init__.py'...
[16.750s] Compiling '/home/rosbuntu/Desktop/state_machine_ws/install/yasmin_ros/local/lib/python3.10/dist-packages/yasmin_ros/action_state.py'...
[16.751s] Compiling '/home/rosbuntu/Desktop/state_machine_ws/install/yasmin_ros/local/lib/python3.10/dist-packages/yasmin_ros/basic_outcomes.py'...
[16.751s] Compiling '/home/rosbuntu/Desktop/state_machine_ws/install/yasmin_ros/local/lib/python3.10/dist-packages/yasmin_ros/monitor_state.py'...
[16.751s] Compiling '/home/rosbuntu/Desktop/state_machine_ws/install/yasmin_ros/local/lib/python3.10/dist-packages/yasmin_ros/service_state.py'...
[16.751s] Compiling '/home/rosbuntu/Desktop/state_machine_ws/install/yasmin_ros/local/lib/python3.10/dist-packages/yasmin_ros/yasmin_node.py'...
[16.756s] -- Installing: /home/rosbuntu/Desktop/state_machine_ws/install/yasmin_ros/pytests/
[16.757s] -- Installing: /home/rosbuntu/Desktop/state_machine_ws/install/yasmin_ros/pytests//run_pytests.sh
[16.757s] -- Installing: /home/rosbuntu/Desktop/state_machine_ws/install/yasmin_ros/pytests//test_yasmin_ros.py
[16.757s] -- Installing: /home/rosbuntu/Desktop/state_machine_ws/install/yasmin_ros/lib/yasmin_ros/run_pytests.sh
[16.758s] -- Installing: /home/rosbuntu/Desktop/state_machine_ws/install/yasmin_ros/share/ament_index/resource_index/package_run_dependencies/yasmin_ros
[16.758s] -- Installing: /home/rosbuntu/Desktop/state_machine_ws/install/yasmin_ros/share/ament_index/resource_index/parent_prefix_path/yasmin_ros
[16.759s] -- Installing: /home/rosbuntu/Desktop/state_machine_ws/install/yasmin_ros/share/yasmin_ros/environment/ament_prefix_path.sh
[16.759s] -- Installing: /home/rosbuntu/Desktop/state_machine_ws/install/yasmin_ros/share/yasmin_ros/environment/ament_prefix_path.dsv
[16.760s] -- Installing: /home/rosbuntu/Desktop/state_machine_ws/install/yasmin_ros/share/yasmin_ros/environment/path.sh
[16.760s] -- Installing: /home/rosbuntu/Desktop/state_machine_ws/install/yasmin_ros/share/yasmin_ros/environment/path.dsv
[16.761s] -- Installing: /home/rosbuntu/Desktop/state_machine_ws/install/yasmin_ros/share/yasmin_ros/local_setup.bash
[16.761s] -- Installing: /home/rosbuntu/Desktop/state_machine_ws/install/yasmin_ros/share/yasmin_ros/local_setup.sh
[16.762s] -- Installing: /home/rosbuntu/Desktop/state_machine_ws/install/yasmin_ros/share/yasmin_ros/local_setup.zsh
[16.762s] -- Installing: /home/rosbuntu/Desktop/state_machine_ws/install/yasmin_ros/share/yasmin_ros/local_setup.dsv
[16.763s] -- Installing: /home/rosbuntu/Desktop/state_machine_ws/install/yasmin_ros/share/yasmin_ros/package.dsv
[16.763s] -- Installing: /home/rosbuntu/Desktop/state_machine_ws/install/yasmin_ros/share/ament_index/resource_index/packages/yasmin_ros
[16.764s] -- Installing: /home/rosbuntu/Desktop/state_machine_ws/install/yasmin_ros/share/yasmin_ros/cmake/ament_cmake_export_include_directories-extras.cmake
[16.764s] -- Installing: /home/rosbuntu/Desktop/state_machine_ws/install/yasmin_ros/share/yasmin_ros/cmake/ament_cmake_export_libraries-extras.cmake
[16.765s] -- Installing: /home/rosbuntu/Desktop/state_machine_ws/install/yasmin_ros/share/yasmin_ros/cmake/ament_cmake_export_dependencies-extras.cmake
[16.765s] -- Installing: /home/rosbuntu/Desktop/state_machine_ws/install/yasmin_ros/share/yasmin_ros/cmake/yasmin_rosConfig.cmake
[16.765s] -- Installing: /home/rosbuntu/Desktop/state_machine_ws/install/yasmin_ros/share/yasmin_ros/cmake/yasmin_rosConfig-version.cmake
[16.765s] -- Installing: /home/rosbuntu/Desktop/state_machine_ws/install/yasmin_ros/share/yasmin_ros/package.xml
[16.770s] Invoked command in '/home/rosbuntu/Desktop/state_machine_ws/build/yasmin_ros' returned '0': AMENT_PREFIX_PATH=/home/rosbuntu/Desktop/state_machine_ws/install/yasmin:${AMENT_PREFIX_PATH} CMAKE_PREFIX_PATH=/home/rosbuntu/Desktop/state_machine_ws/install/yasmin:/opt/ros/humble LD_LIBRARY_PATH=/home/rosbuntu/Desktop/state_machine_ws/install/yasmin/lib:${LD_LIBRARY_PATH} PYTHONPATH=/home/rosbuntu/Desktop/state_machine_ws/install/yasmin/local/lib/python3.10/dist-packages:${PYTHONPATH} /usr/bin/cmake --install /home/rosbuntu/Desktop/state_machine_ws/build/yasmin_ros
