[1.007s] Invoking command in '/home/rosbuntu/Desktop/state_machine_ws/src/state_machine': PYTHONPATH=/home/rosbuntu/Desktop/state_machine_ws/build/state_machine/prefix_override:/usr/lib/python3/dist-packages/colcon_core/task/python/colcon_distutils_commands:/home/rosbuntu/Desktop/state_machine_ws/install/state_machine/lib/python3.10/site-packages:${PYTHONPATH} /usr/bin/python3 -W ignore:setup.py install is deprecated setup.py egg_info --egg-base ../../build/state_machine build --build-base /home/rosbuntu/Desktop/state_machine_ws/build/state_machine/build install --record /home/rosbuntu/Desktop/state_machine_ws/build/state_machine/install.log --single-version-externally-managed install_data
[1.329s] running egg_info
[1.329s] writing ../../build/state_machine/state_machine.egg-info/PKG-INFO
[1.330s] writing dependency_links to ../../build/state_machine/state_machine.egg-info/dependency_links.txt
[1.331s] writing entry points to ../../build/state_machine/state_machine.egg-info/entry_points.txt
[1.332s] writing requirements to ../../build/state_machine/state_machine.egg-info/requires.txt
[1.332s] writing top-level names to ../../build/state_machine/state_machine.egg-info/top_level.txt
[1.335s] reading manifest file '../../build/state_machine/state_machine.egg-info/SOURCES.txt'
[1.336s] writing manifest file '../../build/state_machine/state_machine.egg-info/SOURCES.txt'
[1.337s] running build
[1.337s] running build_py
[1.338s] running install
[1.338s] running install_lib
[1.340s] running install_data
[1.341s] running install_egg_info
[1.343s] removing '/home/rosbuntu/Desktop/state_machine_ws/install/state_machine/lib/python3.10/site-packages/state_machine-0.0.0-py3.10.egg-info' (and everything under it)
[1.349s] Copying ../../build/state_machine/state_machine.egg-info to /home/rosbuntu/Desktop/state_machine_ws/install/state_machine/lib/python3.10/site-packages/state_machine-0.0.0-py3.10.egg-info
[1.351s] running install_scripts
[1.379s] writing list of installed files to '/home/rosbuntu/Desktop/state_machine_ws/build/state_machine/install.log'
[1.430s] Invoked command in '/home/rosbuntu/Desktop/state_machine_ws/src/state_machine' returned '0': PYTHONPATH=/home/rosbuntu/Desktop/state_machine_ws/build/state_machine/prefix_override:/usr/lib/python3/dist-packages/colcon_core/task/python/colcon_distutils_commands:/home/rosbuntu/Desktop/state_machine_ws/install/state_machine/lib/python3.10/site-packages:${PYTHONPATH} /usr/bin/python3 -W ignore:setup.py install is deprecated setup.py egg_info --egg-base ../../build/state_machine build --build-base /home/rosbuntu/Desktop/state_machine_ws/build/state_machine/build install --record /home/rosbuntu/Desktop/state_machine_ws/build/state_machine/install.log --single-version-externally-managed install_data
